2019-08-25T18:33:44,012 INFO [main] org.apache.druid.guice.PropertiesModule - Loading properties from common.runtime.properties
2019-08-25T18:33:44,015 INFO [main] org.apache.druid.guice.PropertiesModule - Loading properties from runtime.properties
2019-08-25T18:33:44,075 INFO [main] org.hibernate.validator.internal.util.Version - HV000001: Hibernate Validator 5.1.3.Final
2019-08-25T18:33:45,030 INFO [main] org.apache.druid.guice.JsonConfigurator - Loaded class[class org.apache.druid.common.config.NullValueHandlingConfig] from props[druid.generic.] as [org.apache.druid.common.config.NullValueHandlingConfig@cd1d761]
2019-08-25T18:33:45,163 INFO [main] org.apache.druid.guice.JsonConfigurator - Loaded class[class org.apache.druid.guice.ExtensionsConfig] from props[druid.extensions.] as [ExtensionsConfig{searchCurrentClassloader=true, directory='extensions', useExtensionClassloaderFirst=false, hadoopDependenciesDir='hadoop-dependencies', hadoopContainerDruidClasspath='null', addExtensionsToHadoopContainer=false, loadList=[druid-hdfs-storage, druid-kafka-indexing-service, druid-datasketches]}]
2019-08-25T18:33:45,166 INFO [main] org.apache.druid.initialization.Initialization - Loading extension [druid-hdfs-storage] for class [interface org.apache.druid.cli.CliCommandCreator]
2019-08-25T18:33:45,183 INFO [main] org.apache.druid.initialization.Initialization - added URL[file:/Volumes/SSD/opensource/s2i-druid/druid/extensions/druid-hdfs-storage/apacheds-i18n-2.0.0-M15.jar] for extension[druid-hdfs-storage]
2019-08-25T18:33:45,183 INFO [main] org.apache.druid.initialization.Initialization - added URL[file:/Volumes/SSD/opensource/s2i-druid/druid/extensions/druid-hdfs-storage/apacheds-kerberos-codec-2.0.0-M15.jar] for extension[druid-hdfs-storage]
2019-08-25T18:33:45,183 INFO [main] org.apache.druid.initialization.Initialization - added URL[file:/Volumes/SSD/opensource/s2i-druid/druid/extensions/druid-hdfs-storage/api-asn1-api-1.0.0-M20.jar] for extension[druid-hdfs-storage]
2019-08-25T18:33:45,183 INFO [main] org.apache.druid.initialization.Initialization - added URL[file:/Volumes/SSD/opensource/s2i-druid/druid/extensions/druid-hdfs-storage/api-util-1.0.0-M20.jar] for extension[druid-hdfs-storage]
2019-08-25T18:33:45,183 INFO [main] org.apache.druid.initialization.Initialization - added URL[file:/Volumes/SSD/opensource/s2i-druid/druid/extensions/druid-hdfs-storage/commons-beanutils-1.7.0.jar] for extension[druid-hdfs-storage]
2019-08-25T18:33:45,184 INFO [main] org.apache.druid.initialization.Initialization - added URL[file:/Volumes/SSD/opensource/s2i-druid/druid/extensions/druid-hdfs-storage/commons-beanutils-core-1.8.0.jar] for extension[druid-hdfs-storage]
2019-08-25T18:33:45,184 INFO [main] org.apache.druid.initialization.Initialization - added URL[file:/Volumes/SSD/opensource/s2i-druid/druid/extensions/druid-hdfs-storage/commons-collections-3.2.2.jar] for extension[druid-hdfs-storage]
2019-08-25T18:33:45,185 INFO [main] org.apache.druid.initialization.Initialization - added URL[file:/Volumes/SSD/opensource/s2i-druid/druid/extensions/druid-hdfs-storage/commons-compress-1.16.jar] for extension[druid-hdfs-storage]
2019-08-25T18:33:45,185 INFO [main] org.apache.druid.initialization.Initialization - added URL[file:/Volumes/SSD/opensource/s2i-druid/druid/extensions/druid-hdfs-storage/commons-configuration-1.6.jar] for extension[druid-hdfs-storage]
2019-08-25T18:33:45,185 INFO [main] org.apache.druid.initialization.Initialization - added URL[file:/Volumes/SSD/opensource/s2i-druid/druid/extensions/druid-hdfs-storage/commons-digester-1.8.jar] for extension[druid-hdfs-storage]
2019-08-25T18:33:45,186 INFO [main] org.apache.druid.initialization.Initialization - added URL[file:/Volumes/SSD/opensource/s2i-druid/druid/extensions/druid-hdfs-storage/commons-net-3.1.jar] for extension[druid-hdfs-storage]
2019-08-25T18:33:45,186 INFO [main] org.apache.druid.initialization.Initialization - added URL[file:/Volumes/SSD/opensource/s2i-druid/druid/extensions/druid-hdfs-storage/curator-framework-4.1.0.jar] for extension[druid-hdfs-storage]
2019-08-25T18:33:45,186 INFO [main] org.apache.druid.initialization.Initialization - added URL[file:/Volumes/SSD/opensource/s2i-druid/druid/extensions/druid-hdfs-storage/curator-recipes-4.1.0.jar] for extension[druid-hdfs-storage]
2019-08-25T18:33:45,186 INFO [main] org.apache.druid.initialization.Initialization - added URL[file:/Volumes/SSD/opensource/s2i-druid/druid/extensions/druid-hdfs-storage/druid-hdfs-storage-0.15.1-incubating.jar] for extension[druid-hdfs-storage]
2019-08-25T18:33:45,186 INFO [main] org.apache.druid.initialization.Initialization - added URL[file:/Volumes/SSD/opensource/s2i-druid/druid/extensions/druid-hdfs-storage/gson-2.2.4.jar] for extension[druid-hdfs-storage]
2019-08-25T18:33:45,186 INFO [main] org.apache.druid.initialization.Initialization - added URL[file:/Volumes/SSD/opensource/s2i-druid/druid/extensions/druid-hdfs-storage/hadoop-auth-2.8.3.jar] for extension[druid-hdfs-storage]
2019-08-25T18:33:45,186 INFO [main] org.apache.druid.initialization.Initialization - added URL[file:/Volumes/SSD/opensource/s2i-druid/druid/extensions/druid-hdfs-storage/hadoop-client-2.8.3.jar] for extension[druid-hdfs-storage]
2019-08-25T18:33:45,186 INFO [main] org.apache.druid.initialization.Initialization - added URL[file:/Volumes/SSD/opensource/s2i-druid/druid/extensions/druid-hdfs-storage/hadoop-common-2.8.3.jar] for extension[druid-hdfs-storage]
2019-08-25T18:33:45,186 INFO [main] org.apache.druid.initialization.Initialization - added URL[file:/Volumes/SSD/opensource/s2i-druid/druid/extensions/druid-hdfs-storage/hadoop-hdfs-client-2.8.3.jar] for extension[druid-hdfs-storage]
2019-08-25T18:33:45,187 INFO [main] org.apache.druid.initialization.Initialization - added URL[file:/Volumes/SSD/opensource/s2i-druid/druid/extensions/druid-hdfs-storage/hadoop-mapreduce-client-app-2.8.3.jar] for extension[druid-hdfs-storage]
2019-08-25T18:33:45,187 INFO [main] org.apache.druid.initialization.Initialization - added URL[file:/Volumes/SSD/opensource/s2i-druid/druid/extensions/druid-hdfs-storage/hadoop-mapreduce-client-common-2.8.3.jar] for extension[druid-hdfs-storage]
2019-08-25T18:33:45,187 INFO [main] org.apache.druid.initialization.Initialization - added URL[file:/Volumes/SSD/opensource/s2i-druid/druid/extensions/druid-hdfs-storage/hadoop-mapreduce-client-jobclient-2.8.3.jar] for extension[druid-hdfs-storage]
2019-08-25T18:33:45,187 INFO [main] org.apache.druid.initialization.Initialization - added URL[file:/Volumes/SSD/opensource/s2i-druid/druid/extensions/druid-hdfs-storage/hadoop-mapreduce-client-shuffle-2.8.3.jar] for extension[druid-hdfs-storage]
2019-08-25T18:33:45,195 INFO [main] org.apache.druid.initialization.Initialization - added URL[file:/Volumes/SSD/opensource/s2i-druid/druid/extensions/druid-hdfs-storage/hadoop-yarn-api-2.8.3.jar] for extension[druid-hdfs-storage]
2019-08-25T18:33:45,195 INFO [main] org.apache.druid.initialization.Initialization - added URL[file:/Volumes/SSD/opensource/s2i-druid/druid/extensions/druid-hdfs-storage/hadoop-yarn-client-2.8.3.jar] for extension[druid-hdfs-storage]
2019-08-25T18:33:45,195 INFO [main] org.apache.druid.initialization.Initialization - added URL[file:/Volumes/SSD/opensource/s2i-druid/druid/extensions/druid-hdfs-storage/hadoop-yarn-common-2.8.3.jar] for extension[druid-hdfs-storage]
2019-08-25T18:33:45,195 INFO [main] org.apache.druid.initialization.Initialization - added URL[file:/Volumes/SSD/opensource/s2i-druid/druid/extensions/druid-hdfs-storage/hadoop-yarn-server-common-2.8.3.jar] for extension[druid-hdfs-storage]
2019-08-25T18:33:45,195 INFO [main] org.apache.druid.initialization.Initialization - added URL[file:/Volumes/SSD/opensource/s2i-druid/druid/extensions/druid-hdfs-storage/htrace-core4-4.0.1-incubating.jar] for extension[druid-hdfs-storage]
2019-08-25T18:33:45,195 INFO [main] org.apache.druid.initialization.Initialization - added URL[file:/Volumes/SSD/opensource/s2i-druid/druid/extensions/druid-hdfs-storage/jackson-jaxrs-1.9.13.jar] for extension[druid-hdfs-storage]
2019-08-25T18:33:45,196 INFO [main] org.apache.druid.initialization.Initialization - added URL[file:/Volumes/SSD/opensource/s2i-druid/druid/extensions/druid-hdfs-storage/jackson-xc-1.9.13.jar] for extension[druid-hdfs-storage]
2019-08-25T18:33:45,196 INFO [main] org.apache.druid.initialization.Initialization - added URL[file:/Volumes/SSD/opensource/s2i-druid/druid/extensions/druid-hdfs-storage/jaxb-api-2.3.0.jar] for extension[druid-hdfs-storage]
2019-08-25T18:33:45,196 INFO [main] org.apache.druid.initialization.Initialization - added URL[file:/Volumes/SSD/opensource/s2i-druid/druid/extensions/druid-hdfs-storage/jcip-annotations-1.0.jar] for extension[druid-hdfs-storage]
2019-08-25T18:33:45,196 INFO [main] org.apache.druid.initialization.Initialization - added URL[file:/Volumes/SSD/opensource/s2i-druid/druid/extensions/druid-hdfs-storage/jersey-client-1.9.jar] for extension[druid-hdfs-storage]
2019-08-25T18:33:45,196 INFO [main] org.apache.druid.initialization.Initialization - added URL[file:/Volumes/SSD/opensource/s2i-druid/druid/extensions/druid-hdfs-storage/jetty-sslengine-6.1.26.jar] for extension[druid-hdfs-storage]
2019-08-25T18:33:45,196 INFO [main] org.apache.druid.initialization.Initialization - added URL[file:/Volumes/SSD/opensource/s2i-druid/druid/extensions/druid-hdfs-storage/json-smart-1.1.1.jar] for extension[druid-hdfs-storage]
2019-08-25T18:33:45,198 INFO [main] org.apache.druid.initialization.Initialization - added URL[file:/Volumes/SSD/opensource/s2i-druid/druid/extensions/druid-hdfs-storage/jsp-api-2.1.jar] for extension[druid-hdfs-storage]
2019-08-25T18:33:45,198 INFO [main] org.apache.druid.initialization.Initialization - added URL[file:/Volumes/SSD/opensource/s2i-druid/druid/extensions/druid-hdfs-storage/leveldbjni-all-1.8.jar] for extension[druid-hdfs-storage]
2019-08-25T18:33:45,198 INFO [main] org.apache.druid.initialization.Initialization - added URL[file:/Volumes/SSD/opensource/s2i-druid/druid/extensions/druid-hdfs-storage/nimbus-jose-jwt-3.9.jar] for extension[druid-hdfs-storage]
2019-08-25T18:33:45,198 INFO [main] org.apache.druid.initialization.Initialization - added URL[file:/Volumes/SSD/opensource/s2i-druid/druid/extensions/druid-hdfs-storage/objenesis-2.6.jar] for extension[druid-hdfs-storage]
2019-08-25T18:33:45,199 INFO [main] org.apache.druid.initialization.Initialization - added URL[file:/Volumes/SSD/opensource/s2i-druid/druid/extensions/druid-hdfs-storage/okhttp-2.4.0.jar] for extension[druid-hdfs-storage]
2019-08-25T18:33:45,199 INFO [main] org.apache.druid.initialization.Initialization - added URL[file:/Volumes/SSD/opensource/s2i-druid/druid/extensions/druid-hdfs-storage/okio-1.4.0.jar] for extension[druid-hdfs-storage]
2019-08-25T18:33:45,199 INFO [main] org.apache.druid.initialization.Initialization - added URL[file:/Volumes/SSD/opensource/s2i-druid/druid/extensions/druid-hdfs-storage/servlet-api-2.5.jar] for extension[druid-hdfs-storage]
2019-08-25T18:33:45,199 INFO [main] org.apache.druid.initialization.Initialization - added URL[file:/Volumes/SSD/opensource/s2i-druid/druid/extensions/druid-hdfs-storage/xmlenc-0.52.jar] for extension[druid-hdfs-storage]
2019-08-25T18:33:45,207 INFO [main] org.apache.druid.initialization.Initialization - Loading extension [druid-kafka-indexing-service] for class [interface org.apache.druid.cli.CliCommandCreator]
2019-08-25T18:33:45,228 INFO [main] org.apache.druid.initialization.Initialization - added URL[file:/Volumes/SSD/opensource/s2i-druid/druid/extensions/druid-kafka-indexing-service/druid-kafka-indexing-service-0.15.1-incubating.jar] for extension[druid-kafka-indexing-service]
2019-08-25T18:33:45,228 INFO [main] org.apache.druid.initialization.Initialization - added URL[file:/Volumes/SSD/opensource/s2i-druid/druid/extensions/druid-kafka-indexing-service/kafka-clients-2.1.0.jar] for extension[druid-kafka-indexing-service]
2019-08-25T18:33:45,229 INFO [main] org.apache.druid.initialization.Initialization - added URL[file:/Volumes/SSD/opensource/s2i-druid/druid/extensions/druid-kafka-indexing-service/lz4-java-1.5.0.jar] for extension[druid-kafka-indexing-service]
2019-08-25T18:33:45,229 INFO [main] org.apache.druid.initialization.Initialization - added URL[file:/Volumes/SSD/opensource/s2i-druid/druid/extensions/druid-kafka-indexing-service/snappy-java-1.1.7.2.jar] for extension[druid-kafka-indexing-service]
2019-08-25T18:33:45,229 INFO [main] org.apache.druid.initialization.Initialization - added URL[file:/Volumes/SSD/opensource/s2i-druid/druid/extensions/druid-kafka-indexing-service/zstd-jni-1.3.3-1.jar] for extension[druid-kafka-indexing-service]
2019-08-25T18:33:45,230 INFO [main] org.apache.druid.initialization.Initialization - Loading extension [druid-datasketches] for class [interface org.apache.druid.cli.CliCommandCreator]
2019-08-25T18:33:45,231 INFO [main] org.apache.druid.initialization.Initialization - added URL[file:/Volumes/SSD/opensource/s2i-druid/druid/extensions/druid-datasketches/commons-math3-3.6.1.jar] for extension[druid-datasketches]
2019-08-25T18:33:45,231 INFO [main] org.apache.druid.initialization.Initialization - added URL[file:/Volumes/SSD/opensource/s2i-druid/druid/extensions/druid-datasketches/druid-datasketches-0.15.1-incubating.jar] for extension[druid-datasketches]
2019-08-25T18:33:45,231 INFO [main] org.apache.druid.initialization.Initialization - added URL[file:/Volumes/SSD/opensource/s2i-druid/druid/extensions/druid-datasketches/memory-0.12.2.jar] for extension[druid-datasketches]
2019-08-25T18:33:45,231 INFO [main] org.apache.druid.initialization.Initialization - added URL[file:/Volumes/SSD/opensource/s2i-druid/druid/extensions/druid-datasketches/sketches-core-0.13.4.jar] for extension[druid-datasketches]
2019-08-25T18:33:45,231 INFO [main] org.apache.druid.initialization.Initialization - added URL[file:/Volumes/SSD/opensource/s2i-druid/druid/extensions/druid-datasketches/slf4j-api-1.7.25.jar] for extension[druid-datasketches]
2019-08-25T18:33:45,424 INFO [main] org.apache.druid.guice.JsonConfigurator - Loaded class[class org.apache.druid.guice.ModulesConfig] from props[druid.modules.] as [ModulesConfig{excludeList=[]}]
2019-08-25T18:33:45,817 INFO [main] org.apache.druid.initialization.Initialization - Adding implementation [org.apache.druid.common.aws.AWSModule] for class [interface org.apache.druid.initialization.DruidModule] from classpath extension
2019-08-25T18:33:45,819 INFO [main] org.apache.druid.initialization.Initialization - Adding implementation [org.apache.druid.common.gcp.GcpModule] for class [interface org.apache.druid.initialization.DruidModule] from classpath extension
2019-08-25T18:33:45,819 INFO [main] org.apache.druid.initialization.Initialization - Loading extension [druid-hdfs-storage] for class [interface org.apache.druid.initialization.DruidModule]
2019-08-25T18:33:45,821 INFO [main] org.apache.druid.initialization.Initialization - Adding implementation [org.apache.druid.storage.hdfs.HdfsStorageDruidModule] for class [interface org.apache.druid.initialization.DruidModule] from local file system extension
2019-08-25T18:33:45,821 INFO [main] org.apache.druid.initialization.Initialization - Loading extension [druid-kafka-indexing-service] for class [interface org.apache.druid.initialization.DruidModule]
2019-08-25T18:33:45,823 INFO [main] org.apache.druid.initialization.Initialization - Adding implementation [org.apache.druid.indexing.kafka.KafkaIndexTaskModule] for class [interface org.apache.druid.initialization.DruidModule] from local file system extension
2019-08-25T18:33:45,823 INFO [main] org.apache.druid.initialization.Initialization - Loading extension [druid-datasketches] for class [interface org.apache.druid.initialization.DruidModule]
2019-08-25T18:33:45,975 INFO [main] org.apache.druid.initialization.Initialization - Adding implementation [org.apache.druid.query.aggregation.datasketches.theta.SketchModule] for class [interface org.apache.druid.initialization.DruidModule] from local file system extension
2019-08-25T18:33:45,976 INFO [main] org.apache.druid.initialization.Initialization - Adding implementation [org.apache.druid.query.aggregation.datasketches.theta.oldapi.OldApiSketchModule] for class [interface org.apache.druid.initialization.DruidModule] from local file system extension
2019-08-25T18:33:45,978 INFO [main] org.apache.druid.initialization.Initialization - Adding implementation [org.apache.druid.query.aggregation.datasketches.quantiles.DoublesSketchModule] for class [interface org.apache.druid.initialization.DruidModule] from local file system extension
2019-08-25T18:33:45,982 INFO [main] org.apache.druid.initialization.Initialization - Adding implementation [org.apache.druid.query.aggregation.datasketches.tuple.ArrayOfDoublesSketchModule] for class [interface org.apache.druid.initialization.DruidModule] from local file system extension
2019-08-25T18:33:45,986 INFO [main] org.apache.druid.initialization.Initialization - Adding implementation [org.apache.druid.query.aggregation.datasketches.hll.HllSketchModule] for class [interface org.apache.druid.initialization.DruidModule] from local file system extension
2019-08-25T18:33:48,406 WARN [main] org.apache.hadoop.util.NativeCodeLoader - Unable to load native-hadoop library for your platform... using builtin-java classes where applicable
2019-08-25T18:33:50,555 INFO [main] org.apache.druid.guice.JsonConfigurator - Loaded class[class org.apache.druid.server.DruidNode] from props[druid.] as [DruidNode{serviceName='druid/historical', host='localhost', bindOnHost=false, port=-1, plaintextPort=8083, enablePlaintextPort=true, tlsPort=-1, enableTlsPort=false}]
2019-08-25T18:33:50,571 INFO [main] org.apache.druid.guice.JsonConfigurator - Loaded class[class org.apache.druid.curator.CuratorConfig] from props[druid.zk.service.] as [org.apache.druid.curator.CuratorConfig@6850b758]
2019-08-25T18:33:50,576 INFO [main] org.apache.druid.guice.JsonConfigurator - Loaded class[class org.apache.druid.curator.ExhibitorConfig] from props[druid.exhibitor.service.] as [org.apache.druid.curator.ExhibitorConfig@3b4d50b]
2019-08-25T18:33:50,783 INFO [main] org.apache.curator.utils.Compatibility - Running in ZooKeeper 3.4.x compatibility mode
2019-08-25T18:33:50,835 WARN [main] org.apache.curator.retry.ExponentialBackoffRetry - maxRetries too large (30). Pinning to 29
2019-08-25T18:33:50,938 INFO [main] org.apache.druid.guice.JsonConfigurator - Loaded class[class org.apache.druid.server.initialization.ZkPathsConfig] from props[druid.zk.paths.] as [org.apache.druid.server.initialization.ZkPathsConfig@22e2266d]
2019-08-25T18:33:50,940 INFO [main] org.apache.druid.guice.JsonConfigurator - Loaded class[class org.apache.druid.server.initialization.CuratorDiscoveryConfig] from props[druid.discovery.curator.] as [org.apache.druid.server.initialization.CuratorDiscoveryConfig@44cffc25]
2019-08-25T18:33:50,989 INFO [main] org.apache.druid.guice.JsonConfigurator - Loaded class[interface org.apache.druid.server.security.Escalator] from props[druid.escalator.] as [NoopEscalator{}]
2019-08-25T18:33:51,032 INFO [main] org.apache.druid.guice.JsonConfigurator - Loaded class[class org.apache.druid.server.security.AuthConfig] from props[druid.auth.] as [AuthConfig{authenticatorChain=null, authorizers=null, unsecuredPaths=[], allowUnauthenticatedHttpOptions=false}]
2019-08-25T18:33:51,130 INFO [main] org.apache.druid.guice.JsonConfigurator - Loaded class[class org.apache.druid.server.metrics.DruidMonitorSchedulerConfig] from props[druid.monitoring.] as [org.apache.druid.server.metrics.DruidMonitorSchedulerConfig@3b48e183]
2019-08-25T18:33:51,133 INFO [main] org.apache.druid.guice.JsonConfigurator - Loaded class[class org.apache.druid.server.metrics.MonitorsConfig] from props[druid.monitoring.] as [MonitorsConfig{monitors=[class org.apache.druid.java.util.metrics.JvmMonitor]}]
2019-08-25T18:33:51,133 INFO [main] org.apache.druid.server.emitter.EmitterModule - Underlying emitter for ServiceEmitter: org.apache.druid.java.util.emitter.core.NoopEmitter@47d023b7
2019-08-25T18:33:51,134 INFO [main] org.apache.druid.server.emitter.EmitterModule - Extra service dimensions: {version=0.15.1-incubating}
2019-08-25T18:33:51,234 INFO [main] org.apache.druid.server.metrics.MetricsModule - Adding monitor[org.apache.druid.java.util.metrics.JvmMonitor@4d499d65]
2019-08-25T18:33:51,235 INFO [main] org.apache.druid.server.metrics.MetricsModule - Adding monitor[org.apache.druid.query.ExecutorServiceMonitor@4860827a]
2019-08-25T18:33:51,250 INFO [main] org.apache.druid.guice.JsonConfigurator - Loaded class[interface org.apache.druid.client.cache.CacheProvider] from props[druid.cache.] as [org.apache.druid.client.cache.CaffeineCacheProvider@3f183caa]
2019-08-25T18:33:51,842 INFO [main] org.apache.druid.server.metrics.MetricsModule - Adding monitor[org.apache.druid.client.cache.CacheMonitor@68e02f33]
2019-08-25T18:33:51,843 INFO [main] org.apache.druid.server.metrics.MetricsModule - Adding monitor[org.apache.druid.server.initialization.jetty.JettyServerModule$JettyMonitor@7cfac39f]
2019-08-25T18:33:51,893 INFO [main] org.apache.druid.guice.JsonConfigurator - Loaded class[class org.apache.druid.server.log.StartupLoggingConfig] from props[druid.startup.logging.] as [org.apache.druid.server.log.StartupLoggingConfig@152c4495]
2019-08-25T18:33:51,894 INFO [main] org.apache.druid.cli.CliHistorical - Starting up with processors[4], memory[536,870,912], maxMemory[536,870,912], directMemory[1,342,177,280].
2019-08-25T18:33:51,899 INFO [main] org.apache.druid.cli.CliHistorical - * awt.toolkit: sun.lwawt.macosx.LWCToolkit
2019-08-25T18:33:51,899 INFO [main] org.apache.druid.cli.CliHistorical - * druid.cache.sizeInBytes: 10000000
2019-08-25T18:33:51,899 INFO [main] org.apache.druid.cli.CliHistorical - * druid.cache.type: caffeine
2019-08-25T18:33:51,899 INFO [main] org.apache.druid.cli.CliHistorical - * druid.emitter: noop
2019-08-25T18:33:51,899 INFO [main] org.apache.druid.cli.CliHistorical - * druid.emitter.logging.logLevel: info
2019-08-25T18:33:51,899 INFO [main] org.apache.druid.cli.CliHistorical - * druid.extensions.loadList: ["druid-hdfs-storage", "druid-kafka-indexing-service", "druid-datasketches"]
2019-08-25T18:33:51,899 INFO [main] org.apache.druid.cli.CliHistorical - * druid.historical.cache.populateCache: true
2019-08-25T18:33:51,899 INFO [main] org.apache.druid.cli.CliHistorical - * druid.historical.cache.useCache: true
2019-08-25T18:33:51,899 INFO [main] org.apache.druid.cli.CliHistorical - * druid.host: localhost
2019-08-25T18:33:51,899 INFO [main] org.apache.druid.cli.CliHistorical - * druid.indexer.logs.directory: var/druid/indexing-logs
2019-08-25T18:33:51,899 INFO [main] org.apache.druid.cli.CliHistorical - * druid.indexer.logs.type: file
2019-08-25T18:33:51,899 INFO [main] org.apache.druid.cli.CliHistorical - * druid.indexing.doubleStorage: double
2019-08-25T18:33:51,899 INFO [main] org.apache.druid.cli.CliHistorical - * druid.lookup.enableLookupSyncOnStartup: false
2019-08-25T18:33:51,899 INFO [main] org.apache.druid.cli.CliHistorical - * druid.metadata.storage.connector.connectURI: jdbc:derby://localhost:1527/var/druid/metadata.db;create=true
2019-08-25T18:33:51,899 INFO [main] org.apache.druid.cli.CliHistorical - * druid.metadata.storage.connector.host: localhost
2019-08-25T18:33:51,899 INFO [main] org.apache.druid.cli.CliHistorical - * druid.metadata.storage.connector.port: 1527
2019-08-25T18:33:51,899 INFO [main] org.apache.druid.cli.CliHistorical - * druid.metadata.storage.type: derby
2019-08-25T18:33:51,899 INFO [main] org.apache.druid.cli.CliHistorical - * druid.monitoring.monitors: ["org.apache.druid.java.util.metrics.JvmMonitor"]
2019-08-25T18:33:51,899 INFO [main] org.apache.druid.cli.CliHistorical - * druid.plaintextPort: 8083
2019-08-25T18:33:51,899 INFO [main] org.apache.druid.cli.CliHistorical - * druid.processing.buffer.sizeBytes: 200000000
2019-08-25T18:33:51,900 INFO [main] org.apache.druid.cli.CliHistorical - * druid.processing.numMergeBuffers: 2
2019-08-25T18:33:51,900 INFO [main] org.apache.druid.cli.CliHistorical - * druid.processing.numThreads: 2
2019-08-25T18:33:51,900 INFO [main] org.apache.druid.cli.CliHistorical - * druid.processing.tmpDir: var/druid/processing
2019-08-25T18:33:51,900 INFO [main] org.apache.druid.cli.CliHistorical - * druid.segmentCache.locations: [{"path":"var/druid/segment-cache","maxSize":300000000000}]
2019-08-25T18:33:51,900 INFO [main] org.apache.druid.cli.CliHistorical - * druid.selectors.coordinator.serviceName: druid/coordinator
2019-08-25T18:33:51,900 INFO [main] org.apache.druid.cli.CliHistorical - * druid.selectors.indexing.serviceName: druid/overlord
2019-08-25T18:33:51,900 INFO [main] org.apache.druid.cli.CliHistorical - * druid.server.hiddenProperties: ["druid.s3.accessKey","druid.s3.secretKey","druid.metadata.storage.connector.password"]
2019-08-25T18:33:51,900 INFO [main] org.apache.druid.cli.CliHistorical - * druid.server.http.numThreads: 12
2019-08-25T18:33:51,900 INFO [main] org.apache.druid.cli.CliHistorical - * druid.server.maxSize: 300000000000
2019-08-25T18:33:51,900 INFO [main] org.apache.druid.cli.CliHistorical - * druid.service: druid/historical
2019-08-25T18:33:51,900 INFO [main] org.apache.druid.cli.CliHistorical - * druid.sql.enable: true
2019-08-25T18:33:51,900 INFO [main] org.apache.druid.cli.CliHistorical - * druid.startup.logging.logProperties: true
2019-08-25T18:33:51,900 INFO [main] org.apache.druid.cli.CliHistorical - * druid.storage.storageDirectory: var/druid/segments
2019-08-25T18:33:51,900 INFO [main] org.apache.druid.cli.CliHistorical - * druid.storage.type: local
2019-08-25T18:33:51,900 INFO [main] org.apache.druid.cli.CliHistorical - * druid.zk.paths.base: /druid
2019-08-25T18:33:51,900 INFO [main] org.apache.druid.cli.CliHistorical - * druid.zk.service.host: localhost
2019-08-25T18:33:51,900 INFO [main] org.apache.druid.cli.CliHistorical - * file.encoding: UTF-8
2019-08-25T18:33:51,900 INFO [main] org.apache.druid.cli.CliHistorical - * file.encoding.pkg: sun.io
2019-08-25T18:33:51,900 INFO [main] org.apache.druid.cli.CliHistorical - * file.separator: /
2019-08-25T18:33:51,900 INFO [main] org.apache.druid.cli.CliHistorical - * ftp.nonProxyHosts: local|*.local|169.254/16|*.169.254/16
2019-08-25T18:33:51,900 INFO [main] org.apache.druid.cli.CliHistorical - * gopherProxySet: false
2019-08-25T18:33:51,901 INFO [main] org.apache.druid.cli.CliHistorical - * http.nonProxyHosts: local|*.local|169.254/16|*.169.254/16
2019-08-25T18:33:51,901 INFO [main] org.apache.druid.cli.CliHistorical - * java.awt.graphicsenv: sun.awt.CGraphicsEnvironment
2019-08-25T18:33:51,901 INFO [main] org.apache.druid.cli.CliHistorical - * java.awt.printerjob: sun.lwawt.macosx.CPrinterJob
2019-08-25T18:33:51,901 INFO [main] org.apache.druid.cli.CliHistorical - * java.class.path: /Volumes/SSD/opensource/s2i-druid/druid/conf/druid/single-server/micro-quickstart/historical:/Volumes/SSD/opensource/s2i-druid/druid/conf/druid/single-server/micro-quickstart/_common:/Volumes/SSD/opensource/s2i-druid/druid/conf/druid/single-server/micro-quickstart/_common/hadoop-xml:/Volumes/SSD/opensource/s2i-druid/druid/conf/druid/single-server/micro-quickstart/../_common:/Volumes/SSD/opensource/s2i-druid/druid/conf/druid/single-server/micro-quickstart/../_common/hadoop-xml:/Volumes/SSD/opensource/s2i-druid/druid/bin/../lib/accessors-smart-1.2.jar:/Volumes/SSD/opensource/s2i-druid/druid/bin/../lib/aether-api-0.9.0.M2.jar:/Volumes/SSD/opensource/s2i-druid/druid/bin/../lib/aether-connector-file-0.9.0.M2.jar:/Volumes/SSD/opensource/s2i-druid/druid/bin/../lib/aether-connector-okhttp-0.0.9.jar:/Volumes/SSD/opensource/s2i-druid/druid/bin/../lib/aether-impl-0.9.0.M2.jar:/Volumes/SSD/opensource/s2i-druid/druid/bin/../lib/aether-spi-0.9.0.M2.jar:/Volumes/SSD/opensource/s2i-druid/druid/bin/../lib/aether-util-0.9.0.M2.jar:/Volumes/SSD/opensource/s2i-druid/druid/bin/../lib/aggdesigner-algorithm-6.0.jar:/Volumes/SSD/opensource/s2i-druid/druid/bin/../lib/airline-0.7.jar:/Volumes/SSD/opensource/s2i-druid/druid/bin/../lib/antlr4-runtime-4.5.1.jar:/Volumes/SSD/opensource/s2i-druid/druid/bin/../lib/aopalliance-1.0.jar:/Volumes/SSD/opensource/s2i-druid/druid/bin/../lib/asm-7.1.jar:/Volumes/SSD/opensource/s2i-druid/druid/bin/../lib/asm-analysis-7.1.jar:/Volumes/SSD/opensource/s2i-druid/druid/bin/../lib/asm-commons-7.1.jar:/Volumes/SSD/opensource/s2i-druid/druid/bin/../lib/asm-tree-7.1.jar:/Volumes/SSD/opensource/s2i-druid/druid/bin/../lib/async-http-client-2.5.3.jar:/Volumes/SSD/opensource/s2i-druid/druid/bin/../lib/async-http-client-netty-utils-2.5.3.jar:/Volumes/SSD/opensource/s2i-druid/druid/bin/../lib/audience-annotations-0.5.0.jar:/Volumes/SSD/opensource/s2i-druid/druid/bin/../lib/avatica-core-1.10.0.jar:/Volumes/SSD/opensource/s2i-druid/druid/bin/../lib/avatica-metrics-1.10.0.jar:/Volumes/SSD/opensource/s2i-druid/druid/bin/../lib/avatica-server-1.10.0.jar:/Volumes/SSD/opensource/s2i-druid/druid/bin/../lib/aws-java-sdk-core-1.11.199.jar:/Volumes/SSD/opensource/s2i-druid/druid/bin/../lib/aws-java-sdk-ec2-1.11.199.jar:/Volumes/SSD/opensource/s2i-druid/druid/bin/../lib/aws-java-sdk-kms-1.11.199.jar:/Volumes/SSD/opensource/s2i-druid/druid/bin/../lib/aws-java-sdk-s3-1.11.199.jar:/Volumes/SSD/opensource/s2i-druid/druid/bin/../lib/caffeine-2.5.5.jar:/Volumes/SSD/opensource/s2i-druid/druid/bin/../lib/calcite-core-1.17.0.jar:/Volumes/SSD/opensource/s2i-druid/druid/bin/../lib/calcite-linq4j-1.17.0.jar:/Volumes/SSD/opensource/s2i-druid/druid/bin/../lib/checker-qual-2.5.7.jar:/Volumes/SSD/opensource/s2i-druid/druid/bin/../lib/classmate-1.0.0.jar:/Volumes/SSD/opensource/s2i-druid/druid/bin/../lib/commons-beanutils-1.9.3.jar:/Volumes/SSD/opensource/s2i-druid/druid/bin/../lib/commons-cli-1.2.jar:/Volumes/SSD/opensource/s2i-druid/druid/bin/../lib/commons-codec-1.7.jar:/Volumes/SSD/opensource/s2i-druid/druid/bin/../lib/commons-collections-3.2.2.jar:/Volumes/SSD/opensource/s2i-druid/druid/bin/../lib/commons-collections4-4.1.jar:/Volumes/SSD/opensource/s2i-druid/druid/bin/../lib/commons-compiler-2.7.6.jar:/Volumes/SSD/opensource/s2i-druid/druid/bin/../lib/commons-compress-1.16.jar:/Volumes/SSD/opensource/s2i-druid/druid/bin/../lib/commons-dbcp2-2.0.1.jar:/Volumes/SSD/opensource/s2i-druid/druid/bin/../lib/commons-io-2.5.jar:/Volumes/SSD/opensource/s2i-druid/druid/bin/../lib/commons-lang-2.6.jar:/Volumes/SSD/opensource/s2i-druid/druid/bin/../lib/commons-lang3-3.7.jar:/Volumes/SSD/opensource/s2i-druid/druid/bin/../lib/commons-logging-1.1.1.jar:/Volumes/SSD/opensource/s2i-druid/druid/bin/../lib/commons-math3-3.6.1.jar:/Volumes/SSD/opensource/s2i-druid/druid/bin/../lib/commons-pool-1.6.jar:/Volumes/SSD/opensource/s2i-druid/druid/bin/../lib/commons-pool2-2.2.jar:/Volumes/SSD/opensource/s2i-druid/druid/bin/../lib/commons-text-1.3.jar:/Volumes/SSD/opensource/s2i-druid/druid/bin/../lib/compress-lzf-1.0.4.jar:/Volumes/SSD/opensource/s2i-druid/druid/bin/../lib/config-magic-0.9.jar:/Volumes/SSD/opensource/s2i-druid/druid/bin/../lib/curator-client-4.1.0.jar:/Volumes/SSD/opensource/s2i-druid/druid/bin/../lib/curator-framework-4.1.0.jar:/Volumes/SSD/opensource/s2i-druid/druid/bin/../lib/curator-recipes-4.1.0.jar:/Volumes/SSD/opensource/s2i-druid/druid/bin/../lib/curator-x-discovery-4.1.0.jar:/Volumes/SSD/opensource/s2i-druid/druid/bin/../lib/derby-10.11.1.1.jar:/Volumes/SSD/opensource/s2i-druid/druid/bin/../lib/derbyclient-10.11.1.1.jar:/Volumes/SSD/opensource/s2i-druid/druid/bin/../lib/derbynet-10.11.1.1.jar:/Volumes/SSD/opensource/s2i-druid/druid/bin/../lib/disruptor-3.3.6.jar:/Volumes/SSD/opensource/s2i-druid/druid/bin/../lib/druid-aws-common-0.15.1-incubating.jar:/Volumes/SSD/opensource/s2i-druid/druid/bin/../lib/druid-console-0.15.1-incubating.jar:/Volumes/SSD/opensource/s2i-druid/druid/bin/../lib/druid-core-0.15.1-incubating.jar:/Volumes/SSD/opensource/s2i-druid/druid/bin/../lib/druid-gcp-common-0.15.1-incubating.jar:/Volumes/SSD/opensource/s2i-druid/druid/bin/../lib/druid-hll-0.15.1-incubating.jar:/Volumes/SSD/opensource/s2i-druid/druid/bin/../lib/druid-indexing-hadoop-0.15.1-incubating.jar:/Volumes/SSD/opensource/s2i-druid/druid/bin/../lib/druid-indexing-service-0.15.1-incubating.jar:/Volumes/SSD/opensource/s2i-druid/druid/bin/../lib/druid-processing-0.15.1-incubating.jar:/Volumes/SSD/opensource/s2i-druid/druid/bin/../lib/druid-server-0.15.1-incubating.jar:/Volumes/SSD/opensource/s2i-druid/druid/bin/../lib/druid-services-0.15.1-incubating.jar:/Volumes/SSD/opensource/s2i-druid/druid/bin/../lib/druid-sql-0.15.1-incubating.jar:/Volumes/SSD/opensource/s2i-druid/druid/bin/../lib/error_prone_annotations-2.3.2.jar:/Volumes/SSD/opensource/s2i-druid/druid/bin/../lib/esri-geometry-api-2.0.0.jar:/Volumes/SSD/opensource/s2i-druid/druid/bin/../lib/extendedset-0.15.1-incubating.jar:/Volumes/SSD/opensource/s2i-druid/druid/bin/../lib/fastutil-8.1.0.jar:/Volumes/SSD/opensource/s2i-druid/druid/bin/../lib/google-api-client-1.22.0.jar:/Volumes/SSD/opensource/s2i-druid/druid/bin/../lib/google-http-client-1.22.0.jar:/Volumes/SSD/opensource/s2i-druid/druid/bin/../lib/google-http-client-jackson2-1.22.0.jar:/Volumes/SSD/opensource/s2i-druid/druid/bin/../lib/google-oauth-client-1.22.0.jar:/Volumes/SSD/opensource/s2i-druid/druid/bin/../lib/guava-16.0.1.jar:/Volumes/SSD/opensource/s2i-druid/druid/bin/../lib/guice-4.1.0.jar:/Volumes/SSD/opensource/s2i-druid/druid/bin/../lib/guice-multibindings-4.1.0.jar:/Volumes/SSD/opensource/s2i-druid/druid/bin/../lib/guice-servlet-4.1.0.jar:/Volumes/SSD/opensource/s2i-druid/druid/bin/../lib/hibernate-validator-5.1.3.Final.jar:/Volumes/SSD/opensource/s2i-druid/druid/bin/../lib/httpclient-4.5.3.jar:/Volumes/SSD/opensource/s2i-druid/druid/bin/../lib/httpcore-4.4.4.jar:/Volumes/SSD/opensource/s2i-druid/druid/bin/../lib/icu4j-54.1.1.jar:/Volumes/SSD/opensource/s2i-druid/druid/bin/../lib/ion-java-1.0.2.jar:/Volumes/SSD/opensource/s2i-druid/druid/bin/../lib/jackson-annotations-2.6.7.jar:/Volumes/SSD/opensource/s2i-druid/druid/bin/../lib/jackson-core-2.6.7.jar:/Volumes/SSD/opensource/s2i-druid/druid/bin/../lib/jackson-core-asl-1.9.13.jar:/Volumes/SSD/opensource/s2i-druid/druid/bin/../lib/jackson-databind-2.6.7.jar:/Volumes/SSD/opensource/s2i-druid/druid/bin/../lib/jackson-dataformat-cbor-2.6.7.jar:/Volumes/SSD/opensource/s2i-druid/druid/bin/../lib/jackson-dataformat-smile-2.6.7.jar:/Volumes/SSD/opensource/s2i-druid/druid/bin/../lib/jackson-datatype-guava-2.6.7.jar:/Volumes/SSD/opensource/s2i-druid/druid/bin/../lib/jackson-datatype-joda-2.6.7.jar:/Volumes/SSD/opensource/s2i-druid/druid/bin/../lib/jackson-jaxrs-base-2.6.7.jar:/Volumes/SSD/opensource/s2i-druid/druid/bin/../lib/jackson-jaxrs-json-provider-2.6.7.jar:/Volumes/SSD/opensource/s2i-druid/druid/bin/../lib/jackson-jaxrs-smile-provider-2.6.7.jar:/Volumes/SSD/opensource/s2i-druid/druid/bin/../lib/jackson-jq-0.0.7.jar:/Volumes/SSD/opensource/s2i-druid/druid/bin/../lib/jackson-mapper-asl-1.9.13.jar:/Volumes/SSD/opensource/s2i-druid/druid/bin/../lib/jackson-module-guice-2.6.7.jar:/Volumes/SSD/opensource/s2i-druid/druid/bin/../lib/jackson-module-jaxb-annotations-2.6.7.jar:/Volumes/SSD/opensource/s2i-druid/druid/bin/../lib/janino-2.7.6.jar:/Volumes/SSD/opensource/s2i-druid/druid/bin/../lib/javax.activation-1.2.0.jar:/Volumes/SSD/opensource/s2i-druid/druid/bin/../lib/javax.el-3.0.0.jar:/Volumes/SSD/opensource/s2i-druid/druid/bin/../lib/javax.el-api-3.0.0.jar:/Volumes/SSD/opensource/s2i-druid/druid/bin/../lib/javax.inject-1.jar:/Volumes/SSD/opensource/s2i-druid/druid/bin/../lib/javax.servlet-api-3.1.0.jar:/Volumes/SSD/opensource/s2i-druid/druid/bin/../lib/jaxb-api-2.3.0.jar:/Volumes/SSD/opensource/s2i-druid/druid/bin/../lib/jboss-logging-3.1.3.GA.jar:/Volumes/SSD/opensource/s2i-druid/druid/bin/../lib/jcl-over-slf4j-1.7.12.jar:/Volumes/SSD/opensource/s2i-druid/druid/bin/../lib/jcodings-1.0.13.jar:/Volumes/SSD/opensource/s2i-druid/druid/bin/../lib/jdbi-2.63.1.jar:/Volumes/SSD/opensource/s2i-druid/druid/bin/../lib/jersey-core-1.19.3.jar:/Volumes/SSD/opensource/s2i-druid/druid/bin/../lib/jersey-guice-1.19.3.jar:/Volumes/SSD/opensource/s2i-druid/druid/bin/../lib/jersey-server-1.19.3.jar:/Volumes/SSD/opensource/s2i-druid/druid/bin/../lib/jersey-servlet-1.19.3.jar:/Volumes/SSD/opensource/s2i-druid/druid/bin/../lib/jetty-client-9.4.10.v20180503.jar:/Volumes/SSD/opensource/s2i-druid/druid/bin/../lib/jetty-continuation-9.4.10.v20180503.jar:/Volumes/SSD/opensource/s2i-druid/druid/bin/../lib/jetty-http-9.4.10.v20180503.jar:/Volumes/SSD/opensource/s2i-druid/druid/bin/../lib/jetty-io-9.4.10.v20180503.jar:/Volumes/SSD/opensource/s2i-druid/druid/bin/../lib/jetty-proxy-9.4.10.v20180503.jar:/Volumes/SSD/opensource/s2i-druid/druid/bin/../lib/jetty-security-9.4.10.v20180503.jar:/Volumes/SSD/opensource/s2i-druid/druid/bin/../lib/jetty-server-9.4.10.v20180503.jar:/Volumes/SSD/opensource/s2i-druid/druid/bin/../lib/jetty-servlet-9.4.10.v20180503.jar:/Volumes/SSD/opensource/s2i-druid/druid/bin/../lib/jetty-servlets-9.4.10.v20180503.jar:/Volumes/SSD/opensource/s2i-druid/druid/bin/../lib/jetty-util-9.4.10.v20180503.jar:/Volumes/SSD/opensource/s2i-druid/druid/bin/../lib/jline-0.9.94.jar:/Volumes/SSD/opensource/s2i-druid/druid/bin/../lib/jmespath-java-1.11.199.jar:/Volumes/SSD/opensource/s2i-druid/druid/bin/../lib/jna-4.5.1.jar:/Volumes/SSD/opensource/s2i-druid/druid/bin/../lib/joda-time-2.9.9.jar:/Volumes/SSD/opensource/s2i-druid/druid/bin/../lib/joni-2.1.11.jar:/Volumes/SSD/opensource/s2i-druid/druid/bin/../lib/json-path-2.3.0.jar:/Volumes/SSD/opensource/s2i-druid/druid/bin/../lib/json-smart-2.3.jar:/Volumes/SSD/opensource/s2i-druid/druid/bin/../lib/jsr305-2.0.1.jar:/Volumes/SSD/opensource/s2i-druid/druid/bin/../lib/jsr311-api-1.1.1.jar:/Volumes/SSD/opensource/s2i-druid/druid/bin/../lib/jvm-attach-api-1.5.jar:/Volumes/SSD/opensource/s2i-druid/druid/bin/../lib/log4j-1.2-api-2.5.jar:/Volumes/SSD/opensource/s2i-druid/druid/bin/../lib/log4j-api-2.5.jar:/Volumes/SSD/opensource/s2i-druid/druid/bin/../lib/log4j-core-2.5.jar:/Volumes/SSD/opensource/s2i-druid/druid/bin/../lib/log4j-jul-2.5.jar:/Volumes/SSD/opensource/s2i-druid/druid/bin/../lib/log4j-slf4j-impl-2.5.jar:/Volumes/SSD/opensource/s2i-druid/druid/bin/../lib/lz4-java-1.5.0.jar:/Volumes/SSD/opensource/s2i-druid/druid/bin/../lib/mapdb-1.0.8.jar:/Volumes/SSD/opensource/s2i-druid/druid/bin/../lib/maven-aether-provider-3.1.1.jar:/Volumes/SSD/opensource/s2i-druid/druid/bin/../lib/maven-artifact-3.6.0.jar:/Volumes/SSD/opensource/s2i-druid/druid/bin/../lib/maven-model-3.1.1.jar:/Volumes/SSD/opensource/s2i-druid/druid/bin/../lib/maven-model-builder-3.1.1.jar:/Volumes/SSD/opensource/s2i-druid/druid/bin/../lib/maven-repository-metadata-3.1.1.jar:/Volumes/SSD/opensource/s2i-druid/druid/bin/../lib/maven-settings-3.1.1.jar:/Volumes/SSD/opensource/s2i-druid/druid/bin/../lib/maven-settings-builder-3.1.1.jar:/Volumes/SSD/opensource/s2i-druid/druid/bin/../lib/metrics-core-4.0.0.jar:/Volumes/SSD/opensource/s2i-druid/druid/bin/../lib/netty-3.10.6.Final.jar:/Volumes/SSD/opensource/s2i-druid/druid/bin/../lib/netty-all-4.1.30.Final.jar:/Volumes/SSD/opensource/s2i-druid/druid/bin/../lib/netty-buffer-4.1.29.Final.jar:/Volumes/SSD/opensource/s2i-druid/druid/bin/../lib/netty-codec-4.1.29.Final.jar:/Volumes/SSD/opensource/s2i-druid/druid/bin/../lib/netty-codec-dns-4.1.29.Final.jar:/Volumes/SSD/opensource/s2i-druid/druid/bin/../lib/netty-codec-http-4.1.29.Final.jar:/Volumes/SSD/opensource/s2i-druid/druid/bin/../lib/netty-codec-socks-4.1.29.Final.jar:/Volumes/SSD/opensource/s2i-druid/druid/bin/../lib/netty-common-4.1.29.Final.jar:/Volumes/SSD/opensource/s2i-druid/druid/bin/../lib/netty-handler-4.1.29.Final.jar:/Volumes/SSD/opensource/s2i-druid/druid/bin/../lib/netty-handler-proxy-4.1.29.Final.jar:/Volumes/SSD/opensource/s2i-druid/druid/bin/../lib/netty-reactive-streams-2.0.0.jar:/Volumes/SSD/opensource/s2i-druid/druid/bin/../lib/netty-resolver-4.1.29.Final.jar:/Volumes/SSD/opensource/s2i-druid/druid/bin/../lib/netty-resolver-dns-4.1.29.Final.jar:/Volumes/SSD/opensource/s2i-druid/druid/bin/../lib/netty-transport-4.1.29.Final.jar:/Volumes/SSD/opensource/s2i-druid/druid/bin/../lib/netty-transport-native-epoll-4.1.29.Final-linux-x86_64.jar:/Volumes/SSD/opensource/s2i-druid/druid/bin/../lib/netty-transport-native-unix-common-4.1.29.Final.jar:/Volumes/SSD/opensource/s2i-druid/druid/bin/../lib/objenesis-2.6.jar:/Volumes/SSD/opensource/s2i-druid/druid/bin/../lib/okhttp-1.0.2.jar:/Volumes/SSD/opensource/s2i-druid/druid/bin/../lib/opencsv-4.2.jar:/Volumes/SSD/opensource/s2i-druid/druid/bin/../lib/plexus-interpolation-1.19.jar:/Volumes/SSD/opensource/s2i-druid/druid/bin/../lib/plexus-utils-3.0.15.jar:/Volumes/SSD/opensource/s2i-druid/druid/bin/../lib/protobuf-java-3.1.0.jar:/Volumes/SSD/opensource/s2i-druid/druid/bin/../lib/reactive-streams-1.0.2.jar:/Volumes/SSD/opensource/s2i-druid/druid/bin/../lib/rhino-1.7R5.jar:/Volumes/SSD/opensource/s2i-druid/druid/bin/../lib/RoaringBitmap-0.8.0.jar:/Volumes/SSD/opensource/s2i-druid/druid/bin/../lib/shims-0.8.0.jar:/Volumes/SSD/opensource/s2i-druid/druid/bin/../lib/sigar-1.6.5.132.jar:/Volumes/SSD/opensource/s2i-druid/druid/bin/../lib/slf4j-api-1.7.25.jar:/Volumes/SSD/opensource/s2i-druid/druid/bin/../lib/spymemcached-2.12.3.jar:/Volumes/SSD/opensource/s2i-druid/druid/bin/../lib/tesla-aether-0.0.5.jar:/Volumes/SSD/opensource/s2i-druid/druid/bin/../lib/validation-api-1.1.0.Final.jar:/Volumes/SSD/opensource/s2i-druid/druid/bin/../lib/wagon-provider-api-2.4.jar:/Volumes/SSD/opensource/s2i-druid/druid/bin/../lib/xz-1.8.jar:/Volumes/SSD/opensource/s2i-druid/druid/bin/../lib/zookeeper-3.4.11.jar:/Volumes/SSD/opensource/s2i-druid/druid/bin/../lib/zstd-jni-1.3.3-1.jar
2019-08-25T18:33:51,901 INFO [main] org.apache.druid.cli.CliHistorical - * java.class.version: 52.0
2019-08-25T18:33:51,901 INFO [main] org.apache.druid.cli.CliHistorical - * java.endorsed.dirs: /Library/Java/JavaVirtualMachines/amazon-corretto-8.jdk/Contents/Home/jre/lib/endorsed
2019-08-25T18:33:51,901 INFO [main] org.apache.druid.cli.CliHistorical - * java.ext.dirs: /Users/irfius/Library/Java/Extensions:/Library/Java/JavaVirtualMachines/amazon-corretto-8.jdk/Contents/Home/jre/lib/ext:/Library/Java/Extensions:/Network/Library/Java/Extensions:/System/Library/Java/Extensions:/usr/lib/java
2019-08-25T18:33:51,901 INFO [main] org.apache.druid.cli.CliHistorical - * java.home: /Library/Java/JavaVirtualMachines/amazon-corretto-8.jdk/Contents/Home/jre
2019-08-25T18:33:51,901 INFO [main] org.apache.druid.cli.CliHistorical - * java.io.tmpdir: var/tmp
2019-08-25T18:33:51,901 INFO [main] org.apache.druid.cli.CliHistorical - * java.library.path: /Users/irfius/Library/Java/Extensions:/Library/Java/Extensions:/Network/Library/Java/Extensions:/System/Library/Java/Extensions:/usr/lib/java:.
2019-08-25T18:33:51,901 INFO [main] org.apache.druid.cli.CliHistorical - * java.runtime.name: OpenJDK Runtime Environment
2019-08-25T18:33:51,901 INFO [main] org.apache.druid.cli.CliHistorical - * java.runtime.version: 1.8.0_222-b10
2019-08-25T18:33:51,901 INFO [main] org.apache.druid.cli.CliHistorical - * java.specification.name: Java Platform API Specification
2019-08-25T18:33:51,901 INFO [main] org.apache.druid.cli.CliHistorical - * java.specification.vendor: Oracle Corporation
2019-08-25T18:33:51,905 INFO [main] org.apache.druid.cli.CliHistorical - * java.specification.version: 1.8
2019-08-25T18:33:51,905 INFO [main] org.apache.druid.cli.CliHistorical - * java.util.logging.manager: org.apache.logging.log4j.jul.LogManager
2019-08-25T18:33:51,905 INFO [main] org.apache.druid.cli.CliHistorical - * java.vendor: Amazon.com Inc.
2019-08-25T18:33:51,905 INFO [main] org.apache.druid.cli.CliHistorical - * java.vendor.url: https://aws.amazon.com/corretto/
2019-08-25T18:33:51,905 INFO [main] org.apache.druid.cli.CliHistorical - * java.vendor.url.bug: https://github.com/corretto/corretto-8/issues/
2019-08-25T18:33:51,905 INFO [main] org.apache.druid.cli.CliHistorical - * java.version: 1.8.0_222
2019-08-25T18:33:51,905 INFO [main] org.apache.druid.cli.CliHistorical - * java.vm.info: mixed mode
2019-08-25T18:33:51,905 INFO [main] org.apache.druid.cli.CliHistorical - * java.vm.name: OpenJDK 64-Bit Server VM
2019-08-25T18:33:51,905 INFO [main] org.apache.druid.cli.CliHistorical - * java.vm.specification.name: Java Virtual Machine Specification
2019-08-25T18:33:51,905 INFO [main] org.apache.druid.cli.CliHistorical - * java.vm.specification.vendor: Oracle Corporation
2019-08-25T18:33:51,905 INFO [main] org.apache.druid.cli.CliHistorical - * java.vm.specification.version: 1.8
2019-08-25T18:33:51,905 INFO [main] org.apache.druid.cli.CliHistorical - * java.vm.vendor: Amazon.com Inc.
2019-08-25T18:33:51,906 INFO [main] org.apache.druid.cli.CliHistorical - * java.vm.version: 25.222-b10
2019-08-25T18:33:51,906 INFO [main] org.apache.druid.cli.CliHistorical - * line.separator: 

2019-08-25T18:33:51,906 INFO [main] org.apache.druid.cli.CliHistorical - * log4j.shutdownCallbackRegistry: org.apache.druid.common.config.Log4jShutdown
2019-08-25T18:33:51,906 INFO [main] org.apache.druid.cli.CliHistorical - * log4j.shutdownHookEnabled: true
2019-08-25T18:33:51,906 INFO [main] org.apache.druid.cli.CliHistorical - * os.arch: x86_64
2019-08-25T18:33:51,906 INFO [main] org.apache.druid.cli.CliHistorical - * os.name: Mac OS X
2019-08-25T18:33:51,906 INFO [main] org.apache.druid.cli.CliHistorical - * os.version: 10.14.6
2019-08-25T18:33:51,906 INFO [main] org.apache.druid.cli.CliHistorical - * path.separator: :
2019-08-25T18:33:51,906 INFO [main] org.apache.druid.cli.CliHistorical - * socksNonProxyHosts: local|*.local|169.254/16|*.169.254/16
2019-08-25T18:33:51,906 INFO [main] org.apache.druid.cli.CliHistorical - * sun.arch.data.model: 64
2019-08-25T18:33:51,906 INFO [main] org.apache.druid.cli.CliHistorical - * sun.boot.class.path: /Library/Java/JavaVirtualMachines/amazon-corretto-8.jdk/Contents/Home/jre/lib/resources.jar:/Library/Java/JavaVirtualMachines/amazon-corretto-8.jdk/Contents/Home/jre/lib/rt.jar:/Library/Java/JavaVirtualMachines/amazon-corretto-8.jdk/Contents/Home/jre/lib/sunrsasign.jar:/Library/Java/JavaVirtualMachines/amazon-corretto-8.jdk/Contents/Home/jre/lib/jsse.jar:/Library/Java/JavaVirtualMachines/amazon-corretto-8.jdk/Contents/Home/jre/lib/jce.jar:/Library/Java/JavaVirtualMachines/amazon-corretto-8.jdk/Contents/Home/jre/lib/charsets.jar:/Library/Java/JavaVirtualMachines/amazon-corretto-8.jdk/Contents/Home/jre/lib/jfr.jar:/Library/Java/JavaVirtualMachines/amazon-corretto-8.jdk/Contents/Home/jre/classes
2019-08-25T18:33:51,906 INFO [main] org.apache.druid.cli.CliHistorical - * sun.boot.library.path: /Library/Java/JavaVirtualMachines/amazon-corretto-8.jdk/Contents/Home/jre/lib
2019-08-25T18:33:51,906 INFO [main] org.apache.druid.cli.CliHistorical - * sun.cpu.endian: little
2019-08-25T18:33:51,906 INFO [main] org.apache.druid.cli.CliHistorical - * sun.cpu.isalist: 
2019-08-25T18:33:51,906 INFO [main] org.apache.druid.cli.CliHistorical - * sun.io.unicode.encoding: UnicodeBig
2019-08-25T18:33:51,906 INFO [main] org.apache.druid.cli.CliHistorical - * sun.java.command: org.apache.druid.cli.Main server historical
2019-08-25T18:33:51,908 INFO [main] org.apache.druid.cli.CliHistorical - * sun.java.launcher: SUN_STANDARD
2019-08-25T18:33:51,909 INFO [main] org.apache.druid.cli.CliHistorical - * sun.jnu.encoding: UTF-8
2019-08-25T18:33:51,909 INFO [main] org.apache.druid.cli.CliHistorical - * sun.management.compiler: HotSpot 64-Bit Tiered Compilers
2019-08-25T18:33:51,909 INFO [main] org.apache.druid.cli.CliHistorical - * sun.os.patch.level: unknown
2019-08-25T18:33:51,909 INFO [main] org.apache.druid.cli.CliHistorical - * user.country: US
2019-08-25T18:33:51,909 INFO [main] org.apache.druid.cli.CliHistorical - * user.dir: /Volumes/SSD/opensource/s2i-druid/druid
2019-08-25T18:33:51,909 INFO [main] org.apache.druid.cli.CliHistorical - * user.home: /Users/irfius
2019-08-25T18:33:51,909 INFO [main] org.apache.druid.cli.CliHistorical - * user.language: en
2019-08-25T18:33:51,909 INFO [main] org.apache.druid.cli.CliHistorical - * user.name: irfius
2019-08-25T18:33:51,909 INFO [main] org.apache.druid.cli.CliHistorical - * user.timezone: UTC
2019-08-25T18:33:51,911 INFO [main] org.apache.druid.guice.JsonConfigurator - Loaded class[class org.apache.druid.storage.hdfs.HdfsKerberosConfig] from props[druid.hadoop.security.kerberos.] as [org.apache.druid.storage.hdfs.HdfsKerberosConfig@0]
2019-08-25T18:33:51,970 INFO [main] org.apache.druid.guice.JsonConfigurator - Loaded class[class org.apache.druid.server.initialization.ServerConfig] from props[druid.server.http.] as [ServerConfig{numThreads=12, queueSize=2147483647, enableRequestLimit=false, maxIdleTime=PT5M, defaultQueryTimeout=300000, maxScatterGatherBytes=9223372036854775807, maxQueryTimeout=9223372036854775807, maxRequestHeaderSize=8192, gracefulShutdownTimeout=PT0S, unannouncePropagationDelay=PT0S, inflateBufferSize=4096, compressionLevel=-1}]
2019-08-25T18:33:51,974 INFO [main] org.apache.druid.guice.JsonConfigurator - Loaded class[class org.apache.druid.server.initialization.TLSServerConfig] from props[druid.server.https.] as [TLSServerConfig{keyStorePath='null', keyStoreType='null', certAlias='null', keyManagerFactoryAlgorithm='null', includeCipherSuites=null, excludeCipherSuites=null, includeProtocols=null, excludeProtocols=null, requireClientCertificate=false, requestClientCertificate=false, trustStoreType='null', trustStorePath='null', trustStoreAlgorithm='null', validateHostnames='true', crlPath='null'}]
2019-08-25T18:33:52,021 INFO [main] org.eclipse.jetty.util.log - Logging initialized @10308ms to org.eclipse.jetty.util.log.Slf4jLog
2019-08-25T18:33:52,075 INFO [main] org.apache.druid.server.initialization.jetty.JettyServerModule - Creating http connector with port [8083]
2019-08-25T18:33:52,525 INFO [main] org.skife.config.ConfigurationObjectFactory - Using method itself for [${base_path}.fifo] on [org.apache.druid.query.DruidProcessingConfig#isFifo()]
2019-08-25T18:33:52,527 INFO [main] org.skife.config.ConfigurationObjectFactory - Assigning value [2] for [druid.processing.numThreads] on [org.apache.druid.query.DruidProcessingConfig#getNumThreadsConfigured()]
2019-08-25T18:33:52,527 INFO [main] org.skife.config.ConfigurationObjectFactory - Assigning value [var/druid/processing] for [druid.processing.tmpDir] on [org.apache.druid.query.DruidProcessingConfig#getTmpDir()]
2019-08-25T18:33:52,527 INFO [main] org.skife.config.ConfigurationObjectFactory - Using method itself for [${base_path}.columnCache.sizeBytes] on [org.apache.druid.query.DruidProcessingConfig#columnCacheSizeBytes()]
2019-08-25T18:33:52,528 INFO [main] org.skife.config.ConfigurationObjectFactory - Using method itself for [druid.computation.buffer.poolCacheMaxCount, ${base_path}.buffer.poolCacheMaxCount] on [org.apache.druid.query.DruidProcessingConfig#poolCacheMaxCount()]
2019-08-25T18:33:52,528 INFO [main] org.skife.config.ConfigurationObjectFactory - Assigning value [200000000] for [druid.processing.buffer.sizeBytes] on [org.apache.druid.query.DruidProcessingConfig#intermediateComputeSizeBytesConfigured()]
2019-08-25T18:33:52,528 INFO [main] org.skife.config.ConfigurationObjectFactory - Assigning value [2] for [druid.processing.numMergeBuffers] on [org.apache.druid.query.DruidProcessingConfig#getNumMergeBuffersConfigured()]
2019-08-25T18:33:52,528 INFO [main] org.skife.config.ConfigurationObjectFactory - Assigning default value [processing-%s] for [${base_path}.formatString] on [org.apache.druid.java.util.common.concurrent.ExecutorServiceConfig#getFormatString()]
2019-08-25T18:33:52,769 INFO [main] org.apache.druid.guice.JsonConfigurator - Loaded class[class org.apache.druid.query.search.SearchQueryConfig] from props[druid.query.search.] as [org.apache.druid.query.search.SearchQueryConfig@2e5e6fc4]
2019-08-25T18:33:52,772 INFO [main] org.apache.druid.guice.JsonConfigurator - Loaded class[class org.apache.druid.query.metadata.SegmentMetadataQueryConfig] from props[druid.query.segmentMetadata.] as [org.apache.druid.query.metadata.SegmentMetadataQueryConfig@15d0d6c9]
2019-08-25T18:33:52,775 INFO [main] org.apache.druid.guice.JsonConfigurator - Loaded class[class org.apache.druid.query.groupby.GroupByQueryConfig] from props[druid.query.groupBy.] as [GroupByQueryConfig{defaultStrategy='v2', singleThreaded=false, maxIntermediateRows=50000, maxResults=500000, bufferGrouperMaxSize=2147483647, bufferGrouperMaxLoadFactor=0.0, bufferGrouperInitialBuckets=0, maxMergingDictionarySize=100000000, maxOnDiskStorage=0, forcePushDownLimit=false, forceHashAggregation=false, intermediateCombineDegree=8, numParallelCombineThreads=1, forcePushDownNestedQuery=false}]
2019-08-25T18:33:52,856 INFO [main] org.apache.druid.offheap.OffheapBufferGenerator - Allocating new intermediate processing buffer[0] of size[200,000,000]
2019-08-25T18:33:53,156 INFO [main] org.apache.druid.offheap.OffheapBufferGenerator - Allocating new intermediate processing buffer[1] of size[200,000,000]
2019-08-25T18:33:53,453 INFO [main] org.apache.druid.offheap.OffheapBufferGenerator - Allocating new result merging buffer[0] of size[200,000,000]
2019-08-25T18:33:53,665 INFO [main] org.apache.druid.offheap.OffheapBufferGenerator - Allocating new result merging buffer[1] of size[200,000,000]
2019-08-25T18:33:53,998 INFO [main] org.apache.druid.guice.JsonConfigurator - Loaded class[class org.apache.druid.query.scan.ScanQueryConfig] from props[druid.query.scan.] as [ScanQueryConfig{legacy=false}]
2019-08-25T18:33:54,000 INFO [main] org.apache.druid.guice.JsonConfigurator - Loaded class[class org.apache.druid.query.select.SelectQueryConfig] from props[druid.query.select.] as [org.apache.druid.query.select.SelectQueryConfig@5d66e944]
2019-08-25T18:33:54,002 INFO [main] org.apache.druid.guice.JsonConfigurator - Loaded class[class org.apache.druid.query.topn.TopNQueryConfig] from props[druid.query.topN.] as [org.apache.druid.query.topn.TopNQueryConfig@38d80d65]
2019-08-25T18:33:54,013 INFO [main] org.apache.druid.guice.JsonConfigurator - Loaded class[class org.apache.druid.client.cache.CacheConfig] from props[druid.historical.cache.] as [org.apache.druid.client.cache.CacheConfig@12d2ddde]
2019-08-25T18:33:54,127 INFO [main] org.apache.druid.guice.JsonConfigurator - Loaded class[class org.apache.druid.segment.loading.SegmentLoaderConfig] from props[druid.segmentCache.] as [SegmentLoaderConfig{locations=[StorageLocationConfig{path=var/druid/segment-cache, maxSize=300000000000}], deleteOnRemove=true, dropSegmentDelayMillis=30000, infoDir=null}]
2019-08-25T18:33:54,153 INFO [main] org.apache.druid.guice.JsonConfigurator - Loaded class[interface org.apache.druid.server.log.RequestLoggerProvider] from props[druid.request.logging.] as [org.apache.druid.server.log.NoopRequestLoggerProvider@ee21292]
2019-08-25T18:33:54,172 INFO [main] org.apache.druid.guice.JsonConfigurator - Loaded class[class org.apache.druid.client.DruidServerConfig] from props[druid.server.] as [org.apache.druid.client.DruidServerConfig@79b18230]
2019-08-25T18:33:54,182 INFO [main] org.apache.druid.guice.JsonConfigurator - Loaded class[class org.apache.druid.server.initialization.BatchDataSegmentAnnouncerConfig] from props[druid.announcer.] as [org.apache.druid.server.initialization.BatchDataSegmentAnnouncerConfig@69a024a0]
2019-08-25T18:33:54,204 INFO [main] org.apache.druid.guice.JsonConfigurator - Loaded class[interface org.apache.druid.server.coordination.DataSegmentAnnouncerProvider] from props[druid.announcer.] as [org.apache.druid.server.coordination.BatchDataSegmentAnnouncerProvider@4b87074a]
2019-08-25T18:33:54,210 INFO [main] org.apache.druid.guice.JsonConfigurator - Loaded class[class org.apache.druid.query.lookup.LookupListeningAnnouncerConfig] from props[druid.lookup.] as [ListeningAnnouncerConfig{listenersPath='/druid/listeners'}]
2019-08-25T18:33:54,230 INFO [main] org.apache.druid.guice.JsonConfigurator - Loaded class[class org.apache.druid.query.lookup.LookupConfig] from props[druid.lookup.] as [LookupConfig{snapshotWorkingDir='', enableLookupSyncOnStartup=false, numLookupLoadingThreads=2, coordinatorFetchRetries=3, lookupStartRetries=3, coordinatorRetryDelay=60000}]
2019-08-25T18:33:54,236 INFO [main] org.apache.druid.guice.JsonConfigurator - Loaded class[class org.apache.druid.guice.http.DruidHttpClientConfig] from props[druid.global.http.] as [org.apache.druid.guice.http.DruidHttpClientConfig@2c604965]
2019-08-25T18:33:54,339 INFO [main] org.apache.druid.guice.JsonConfigurator - Loaded class[class org.apache.druid.client.coordinator.CoordinatorSelectorConfig] from props[druid.selectors.coordinator.] as [org.apache.druid.client.coordinator.CoordinatorSelectorConfig@4b765e92]
2019-08-25T18:33:54,378 INFO [main] org.apache.druid.java.util.common.lifecycle.Lifecycle - Starting lifecycle [module] stage [INIT]
2019-08-25T18:33:54,379 INFO [main] org.apache.druid.java.util.common.lifecycle.Lifecycle$AnnotationBasedHandler - Invoking start method[public void org.apache.druid.initialization.Log4jShutterDownerModule$Log4jShutterDowner.start()] on object[org.apache.druid.initialization.Log4jShutterDownerModule$Log4jShutterDowner@7cf63b9a].
2019-08-25T18:33:54,379 INFO [main] org.apache.druid.java.util.common.lifecycle.Lifecycle - Starting lifecycle [module] stage [NORMAL]
2019-08-25T18:33:54,379 INFO [main] org.apache.druid.curator.CuratorModule - Starting Curator
2019-08-25T18:33:54,379 INFO [main] org.apache.curator.framework.imps.CuratorFrameworkImpl - Starting
2019-08-25T18:33:54,396 INFO [main] org.apache.zookeeper.ZooKeeper - Client environment:zookeeper.version=3.4.11-37e277162d567b55a07d1755f0b31c32e93c01a0, built on 11/01/2017 18:06 GMT
2019-08-25T18:33:54,396 INFO [main] org.apache.zookeeper.ZooKeeper - Client environment:host.name=irfis-imac.home
2019-08-25T18:33:54,396 INFO [main] org.apache.zookeeper.ZooKeeper - Client environment:java.version=1.8.0_222
2019-08-25T18:33:54,396 INFO [main] org.apache.zookeeper.ZooKeeper - Client environment:java.vendor=Amazon.com Inc.
2019-08-25T18:33:54,396 INFO [main] org.apache.zookeeper.ZooKeeper - Client environment:java.home=/Library/Java/JavaVirtualMachines/amazon-corretto-8.jdk/Contents/Home/jre
2019-08-25T18:33:54,396 INFO [main] org.apache.zookeeper.ZooKeeper - Client environment:java.class.path=/Volumes/SSD/opensource/s2i-druid/druid/conf/druid/single-server/micro-quickstart/historical:/Volumes/SSD/opensource/s2i-druid/druid/conf/druid/single-server/micro-quickstart/_common:/Volumes/SSD/opensource/s2i-druid/druid/conf/druid/single-server/micro-quickstart/_common/hadoop-xml:/Volumes/SSD/opensource/s2i-druid/druid/conf/druid/single-server/micro-quickstart/../_common:/Volumes/SSD/opensource/s2i-druid/druid/conf/druid/single-server/micro-quickstart/../_common/hadoop-xml:/Volumes/SSD/opensource/s2i-druid/druid/bin/../lib/accessors-smart-1.2.jar:/Volumes/SSD/opensource/s2i-druid/druid/bin/../lib/aether-api-0.9.0.M2.jar:/Volumes/SSD/opensource/s2i-druid/druid/bin/../lib/aether-connector-file-0.9.0.M2.jar:/Volumes/SSD/opensource/s2i-druid/druid/bin/../lib/aether-connector-okhttp-0.0.9.jar:/Volumes/SSD/opensource/s2i-druid/druid/bin/../lib/aether-impl-0.9.0.M2.jar:/Volumes/SSD/opensource/s2i-druid/druid/bin/../lib/aether-spi-0.9.0.M2.jar:/Volumes/SSD/opensource/s2i-druid/druid/bin/../lib/aether-util-0.9.0.M2.jar:/Volumes/SSD/opensource/s2i-druid/druid/bin/../lib/aggdesigner-algorithm-6.0.jar:/Volumes/SSD/opensource/s2i-druid/druid/bin/../lib/airline-0.7.jar:/Volumes/SSD/opensource/s2i-druid/druid/bin/../lib/antlr4-runtime-4.5.1.jar:/Volumes/SSD/opensource/s2i-druid/druid/bin/../lib/aopalliance-1.0.jar:/Volumes/SSD/opensource/s2i-druid/druid/bin/../lib/asm-7.1.jar:/Volumes/SSD/opensource/s2i-druid/druid/bin/../lib/asm-analysis-7.1.jar:/Volumes/SSD/opensource/s2i-druid/druid/bin/../lib/asm-commons-7.1.jar:/Volumes/SSD/opensource/s2i-druid/druid/bin/../lib/asm-tree-7.1.jar:/Volumes/SSD/opensource/s2i-druid/druid/bin/../lib/async-http-client-2.5.3.jar:/Volumes/SSD/opensource/s2i-druid/druid/bin/../lib/async-http-client-netty-utils-2.5.3.jar:/Volumes/SSD/opensource/s2i-druid/druid/bin/../lib/audience-annotations-0.5.0.jar:/Volumes/SSD/opensource/s2i-druid/druid/bin/../lib/avatica-core-1.10.0.jar:/Volumes/SSD/opensource/s2i-druid/druid/bin/../lib/avatica-metrics-1.10.0.jar:/Volumes/SSD/opensource/s2i-druid/druid/bin/../lib/avatica-server-1.10.0.jar:/Volumes/SSD/opensource/s2i-druid/druid/bin/../lib/aws-java-sdk-core-1.11.199.jar:/Volumes/SSD/opensource/s2i-druid/druid/bin/../lib/aws-java-sdk-ec2-1.11.199.jar:/Volumes/SSD/opensource/s2i-druid/druid/bin/../lib/aws-java-sdk-kms-1.11.199.jar:/Volumes/SSD/opensource/s2i-druid/druid/bin/../lib/aws-java-sdk-s3-1.11.199.jar:/Volumes/SSD/opensource/s2i-druid/druid/bin/../lib/caffeine-2.5.5.jar:/Volumes/SSD/opensource/s2i-druid/druid/bin/../lib/calcite-core-1.17.0.jar:/Volumes/SSD/opensource/s2i-druid/druid/bin/../lib/calcite-linq4j-1.17.0.jar:/Volumes/SSD/opensource/s2i-druid/druid/bin/../lib/checker-qual-2.5.7.jar:/Volumes/SSD/opensource/s2i-druid/druid/bin/../lib/classmate-1.0.0.jar:/Volumes/SSD/opensource/s2i-druid/druid/bin/../lib/commons-beanutils-1.9.3.jar:/Volumes/SSD/opensource/s2i-druid/druid/bin/../lib/commons-cli-1.2.jar:/Volumes/SSD/opensource/s2i-druid/druid/bin/../lib/commons-codec-1.7.jar:/Volumes/SSD/opensource/s2i-druid/druid/bin/../lib/commons-collections-3.2.2.jar:/Volumes/SSD/opensource/s2i-druid/druid/bin/../lib/commons-collections4-4.1.jar:/Volumes/SSD/opensource/s2i-druid/druid/bin/../lib/commons-compiler-2.7.6.jar:/Volumes/SSD/opensource/s2i-druid/druid/bin/../lib/commons-compress-1.16.jar:/Volumes/SSD/opensource/s2i-druid/druid/bin/../lib/commons-dbcp2-2.0.1.jar:/Volumes/SSD/opensource/s2i-druid/druid/bin/../lib/commons-io-2.5.jar:/Volumes/SSD/opensource/s2i-druid/druid/bin/../lib/commons-lang-2.6.jar:/Volumes/SSD/opensource/s2i-druid/druid/bin/../lib/commons-lang3-3.7.jar:/Volumes/SSD/opensource/s2i-druid/druid/bin/../lib/commons-logging-1.1.1.jar:/Volumes/SSD/opensource/s2i-druid/druid/bin/../lib/commons-math3-3.6.1.jar:/Volumes/SSD/opensource/s2i-druid/druid/bin/../lib/commons-pool-1.6.jar:/Volumes/SSD/opensource/s2i-druid/druid/bin/../lib/commons-pool2-2.2.jar:/Volumes/SSD/opensource/s2i-druid/druid/bin/../lib/commons-text-1.3.jar:/Volumes/SSD/opensource/s2i-druid/druid/bin/../lib/compress-lzf-1.0.4.jar:/Volumes/SSD/opensource/s2i-druid/druid/bin/../lib/config-magic-0.9.jar:/Volumes/SSD/opensource/s2i-druid/druid/bin/../lib/curator-client-4.1.0.jar:/Volumes/SSD/opensource/s2i-druid/druid/bin/../lib/curator-framework-4.1.0.jar:/Volumes/SSD/opensource/s2i-druid/druid/bin/../lib/curator-recipes-4.1.0.jar:/Volumes/SSD/opensource/s2i-druid/druid/bin/../lib/curator-x-discovery-4.1.0.jar:/Volumes/SSD/opensource/s2i-druid/druid/bin/../lib/derby-10.11.1.1.jar:/Volumes/SSD/opensource/s2i-druid/druid/bin/../lib/derbyclient-10.11.1.1.jar:/Volumes/SSD/opensource/s2i-druid/druid/bin/../lib/derbynet-10.11.1.1.jar:/Volumes/SSD/opensource/s2i-druid/druid/bin/../lib/disruptor-3.3.6.jar:/Volumes/SSD/opensource/s2i-druid/druid/bin/../lib/druid-aws-common-0.15.1-incubating.jar:/Volumes/SSD/opensource/s2i-druid/druid/bin/../lib/druid-console-0.15.1-incubating.jar:/Volumes/SSD/opensource/s2i-druid/druid/bin/../lib/druid-core-0.15.1-incubating.jar:/Volumes/SSD/opensource/s2i-druid/druid/bin/../lib/druid-gcp-common-0.15.1-incubating.jar:/Volumes/SSD/opensource/s2i-druid/druid/bin/../lib/druid-hll-0.15.1-incubating.jar:/Volumes/SSD/opensource/s2i-druid/druid/bin/../lib/druid-indexing-hadoop-0.15.1-incubating.jar:/Volumes/SSD/opensource/s2i-druid/druid/bin/../lib/druid-indexing-service-0.15.1-incubating.jar:/Volumes/SSD/opensource/s2i-druid/druid/bin/../lib/druid-processing-0.15.1-incubating.jar:/Volumes/SSD/opensource/s2i-druid/druid/bin/../lib/druid-server-0.15.1-incubating.jar:/Volumes/SSD/opensource/s2i-druid/druid/bin/../lib/druid-services-0.15.1-incubating.jar:/Volumes/SSD/opensource/s2i-druid/druid/bin/../lib/druid-sql-0.15.1-incubating.jar:/Volumes/SSD/opensource/s2i-druid/druid/bin/../lib/error_prone_annotations-2.3.2.jar:/Volumes/SSD/opensource/s2i-druid/druid/bin/../lib/esri-geometry-api-2.0.0.jar:/Volumes/SSD/opensource/s2i-druid/druid/bin/../lib/extendedset-0.15.1-incubating.jar:/Volumes/SSD/opensource/s2i-druid/druid/bin/../lib/fastutil-8.1.0.jar:/Volumes/SSD/opensource/s2i-druid/druid/bin/../lib/google-api-client-1.22.0.jar:/Volumes/SSD/opensource/s2i-druid/druid/bin/../lib/google-http-client-1.22.0.jar:/Volumes/SSD/opensource/s2i-druid/druid/bin/../lib/google-http-client-jackson2-1.22.0.jar:/Volumes/SSD/opensource/s2i-druid/druid/bin/../lib/google-oauth-client-1.22.0.jar:/Volumes/SSD/opensource/s2i-druid/druid/bin/../lib/guava-16.0.1.jar:/Volumes/SSD/opensource/s2i-druid/druid/bin/../lib/guice-4.1.0.jar:/Volumes/SSD/opensource/s2i-druid/druid/bin/../lib/guice-multibindings-4.1.0.jar:/Volumes/SSD/opensource/s2i-druid/druid/bin/../lib/guice-servlet-4.1.0.jar:/Volumes/SSD/opensource/s2i-druid/druid/bin/../lib/hibernate-validator-5.1.3.Final.jar:/Volumes/SSD/opensource/s2i-druid/druid/bin/../lib/httpclient-4.5.3.jar:/Volumes/SSD/opensource/s2i-druid/druid/bin/../lib/httpcore-4.4.4.jar:/Volumes/SSD/opensource/s2i-druid/druid/bin/../lib/icu4j-54.1.1.jar:/Volumes/SSD/opensource/s2i-druid/druid/bin/../lib/ion-java-1.0.2.jar:/Volumes/SSD/opensource/s2i-druid/druid/bin/../lib/jackson-annotations-2.6.7.jar:/Volumes/SSD/opensource/s2i-druid/druid/bin/../lib/jackson-core-2.6.7.jar:/Volumes/SSD/opensource/s2i-druid/druid/bin/../lib/jackson-core-asl-1.9.13.jar:/Volumes/SSD/opensource/s2i-druid/druid/bin/../lib/jackson-databind-2.6.7.jar:/Volumes/SSD/opensource/s2i-druid/druid/bin/../lib/jackson-dataformat-cbor-2.6.7.jar:/Volumes/SSD/opensource/s2i-druid/druid/bin/../lib/jackson-dataformat-smile-2.6.7.jar:/Volumes/SSD/opensource/s2i-druid/druid/bin/../lib/jackson-datatype-guava-2.6.7.jar:/Volumes/SSD/opensource/s2i-druid/druid/bin/../lib/jackson-datatype-joda-2.6.7.jar:/Volumes/SSD/opensource/s2i-druid/druid/bin/../lib/jackson-jaxrs-base-2.6.7.jar:/Volumes/SSD/opensource/s2i-druid/druid/bin/../lib/jackson-jaxrs-json-provider-2.6.7.jar:/Volumes/SSD/opensource/s2i-druid/druid/bin/../lib/jackson-jaxrs-smile-provider-2.6.7.jar:/Volumes/SSD/opensource/s2i-druid/druid/bin/../lib/jackson-jq-0.0.7.jar:/Volumes/SSD/opensource/s2i-druid/druid/bin/../lib/jackson-mapper-asl-1.9.13.jar:/Volumes/SSD/opensource/s2i-druid/druid/bin/../lib/jackson-module-guice-2.6.7.jar:/Volumes/SSD/opensource/s2i-druid/druid/bin/../lib/jackson-module-jaxb-annotations-2.6.7.jar:/Volumes/SSD/opensource/s2i-druid/druid/bin/../lib/janino-2.7.6.jar:/Volumes/SSD/opensource/s2i-druid/druid/bin/../lib/javax.activation-1.2.0.jar:/Volumes/SSD/opensource/s2i-druid/druid/bin/../lib/javax.el-3.0.0.jar:/Volumes/SSD/opensource/s2i-druid/druid/bin/../lib/javax.el-api-3.0.0.jar:/Volumes/SSD/opensource/s2i-druid/druid/bin/../lib/javax.inject-1.jar:/Volumes/SSD/opensource/s2i-druid/druid/bin/../lib/javax.servlet-api-3.1.0.jar:/Volumes/SSD/opensource/s2i-druid/druid/bin/../lib/jaxb-api-2.3.0.jar:/Volumes/SSD/opensource/s2i-druid/druid/bin/../lib/jboss-logging-3.1.3.GA.jar:/Volumes/SSD/opensource/s2i-druid/druid/bin/../lib/jcl-over-slf4j-1.7.12.jar:/Volumes/SSD/opensource/s2i-druid/druid/bin/../lib/jcodings-1.0.13.jar:/Volumes/SSD/opensource/s2i-druid/druid/bin/../lib/jdbi-2.63.1.jar:/Volumes/SSD/opensource/s2i-druid/druid/bin/../lib/jersey-core-1.19.3.jar:/Volumes/SSD/opensource/s2i-druid/druid/bin/../lib/jersey-guice-1.19.3.jar:/Volumes/SSD/opensource/s2i-druid/druid/bin/../lib/jersey-server-1.19.3.jar:/Volumes/SSD/opensource/s2i-druid/druid/bin/../lib/jersey-servlet-1.19.3.jar:/Volumes/SSD/opensource/s2i-druid/druid/bin/../lib/jetty-client-9.4.10.v20180503.jar:/Volumes/SSD/opensource/s2i-druid/druid/bin/../lib/jetty-continuation-9.4.10.v20180503.jar:/Volumes/SSD/opensource/s2i-druid/druid/bin/../lib/jetty-http-9.4.10.v20180503.jar:/Volumes/SSD/opensource/s2i-druid/druid/bin/../lib/jetty-io-9.4.10.v20180503.jar:/Volumes/SSD/opensource/s2i-druid/druid/bin/../lib/jetty-proxy-9.4.10.v20180503.jar:/Volumes/SSD/opensource/s2i-druid/druid/bin/../lib/jetty-security-9.4.10.v20180503.jar:/Volumes/SSD/opensource/s2i-druid/druid/bin/../lib/jetty-server-9.4.10.v20180503.jar:/Volumes/SSD/opensource/s2i-druid/druid/bin/../lib/jetty-servlet-9.4.10.v20180503.jar:/Volumes/SSD/opensource/s2i-druid/druid/bin/../lib/jetty-servlets-9.4.10.v20180503.jar:/Volumes/SSD/opensource/s2i-druid/druid/bin/../lib/jetty-util-9.4.10.v20180503.jar:/Volumes/SSD/opensource/s2i-druid/druid/bin/../lib/jline-0.9.94.jar:/Volumes/SSD/opensource/s2i-druid/druid/bin/../lib/jmespath-java-1.11.199.jar:/Volumes/SSD/opensource/s2i-druid/druid/bin/../lib/jna-4.5.1.jar:/Volumes/SSD/opensource/s2i-druid/druid/bin/../lib/joda-time-2.9.9.jar:/Volumes/SSD/opensource/s2i-druid/druid/bin/../lib/joni-2.1.11.jar:/Volumes/SSD/opensource/s2i-druid/druid/bin/../lib/json-path-2.3.0.jar:/Volumes/SSD/opensource/s2i-druid/druid/bin/../lib/json-smart-2.3.jar:/Volumes/SSD/opensource/s2i-druid/druid/bin/../lib/jsr305-2.0.1.jar:/Volumes/SSD/opensource/s2i-druid/druid/bin/../lib/jsr311-api-1.1.1.jar:/Volumes/SSD/opensource/s2i-druid/druid/bin/../lib/jvm-attach-api-1.5.jar:/Volumes/SSD/opensource/s2i-druid/druid/bin/../lib/log4j-1.2-api-2.5.jar:/Volumes/SSD/opensource/s2i-druid/druid/bin/../lib/log4j-api-2.5.jar:/Volumes/SSD/opensource/s2i-druid/druid/bin/../lib/log4j-core-2.5.jar:/Volumes/SSD/opensource/s2i-druid/druid/bin/../lib/log4j-jul-2.5.jar:/Volumes/SSD/opensource/s2i-druid/druid/bin/../lib/log4j-slf4j-impl-2.5.jar:/Volumes/SSD/opensource/s2i-druid/druid/bin/../lib/lz4-java-1.5.0.jar:/Volumes/SSD/opensource/s2i-druid/druid/bin/../lib/mapdb-1.0.8.jar:/Volumes/SSD/opensource/s2i-druid/druid/bin/../lib/maven-aether-provider-3.1.1.jar:/Volumes/SSD/opensource/s2i-druid/druid/bin/../lib/maven-artifact-3.6.0.jar:/Volumes/SSD/opensource/s2i-druid/druid/bin/../lib/maven-model-3.1.1.jar:/Volumes/SSD/opensource/s2i-druid/druid/bin/../lib/maven-model-builder-3.1.1.jar:/Volumes/SSD/opensource/s2i-druid/druid/bin/../lib/maven-repository-metadata-3.1.1.jar:/Volumes/SSD/opensource/s2i-druid/druid/bin/../lib/maven-settings-3.1.1.jar:/Volumes/SSD/opensource/s2i-druid/druid/bin/../lib/maven-settings-builder-3.1.1.jar:/Volumes/SSD/opensource/s2i-druid/druid/bin/../lib/metrics-core-4.0.0.jar:/Volumes/SSD/opensource/s2i-druid/druid/bin/../lib/netty-3.10.6.Final.jar:/Volumes/SSD/opensource/s2i-druid/druid/bin/../lib/netty-all-4.1.30.Final.jar:/Volumes/SSD/opensource/s2i-druid/druid/bin/../lib/netty-buffer-4.1.29.Final.jar:/Volumes/SSD/opensource/s2i-druid/druid/bin/../lib/netty-codec-4.1.29.Final.jar:/Volumes/SSD/opensource/s2i-druid/druid/bin/../lib/netty-codec-dns-4.1.29.Final.jar:/Volumes/SSD/opensource/s2i-druid/druid/bin/../lib/netty-codec-http-4.1.29.Final.jar:/Volumes/SSD/opensource/s2i-druid/druid/bin/../lib/netty-codec-socks-4.1.29.Final.jar:/Volumes/SSD/opensource/s2i-druid/druid/bin/../lib/netty-common-4.1.29.Final.jar:/Volumes/SSD/opensource/s2i-druid/druid/bin/../lib/netty-handler-4.1.29.Final.jar:/Volumes/SSD/opensource/s2i-druid/druid/bin/../lib/netty-handler-proxy-4.1.29.Final.jar:/Volumes/SSD/opensource/s2i-druid/druid/bin/../lib/netty-reactive-streams-2.0.0.jar:/Volumes/SSD/opensource/s2i-druid/druid/bin/../lib/netty-resolver-4.1.29.Final.jar:/Volumes/SSD/opensource/s2i-druid/druid/bin/../lib/netty-resolver-dns-4.1.29.Final.jar:/Volumes/SSD/opensource/s2i-druid/druid/bin/../lib/netty-transport-4.1.29.Final.jar:/Volumes/SSD/opensource/s2i-druid/druid/bin/../lib/netty-transport-native-epoll-4.1.29.Final-linux-x86_64.jar:/Volumes/SSD/opensource/s2i-druid/druid/bin/../lib/netty-transport-native-unix-common-4.1.29.Final.jar:/Volumes/SSD/opensource/s2i-druid/druid/bin/../lib/objenesis-2.6.jar:/Volumes/SSD/opensource/s2i-druid/druid/bin/../lib/okhttp-1.0.2.jar:/Volumes/SSD/opensource/s2i-druid/druid/bin/../lib/opencsv-4.2.jar:/Volumes/SSD/opensource/s2i-druid/druid/bin/../lib/plexus-interpolation-1.19.jar:/Volumes/SSD/opensource/s2i-druid/druid/bin/../lib/plexus-utils-3.0.15.jar:/Volumes/SSD/opensource/s2i-druid/druid/bin/../lib/protobuf-java-3.1.0.jar:/Volumes/SSD/opensource/s2i-druid/druid/bin/../lib/reactive-streams-1.0.2.jar:/Volumes/SSD/opensource/s2i-druid/druid/bin/../lib/rhino-1.7R5.jar:/Volumes/SSD/opensource/s2i-druid/druid/bin/../lib/RoaringBitmap-0.8.0.jar:/Volumes/SSD/opensource/s2i-druid/druid/bin/../lib/shims-0.8.0.jar:/Volumes/SSD/opensource/s2i-druid/druid/bin/../lib/sigar-1.6.5.132.jar:/Volumes/SSD/opensource/s2i-druid/druid/bin/../lib/slf4j-api-1.7.25.jar:/Volumes/SSD/opensource/s2i-druid/druid/bin/../lib/spymemcached-2.12.3.jar:/Volumes/SSD/opensource/s2i-druid/druid/bin/../lib/tesla-aether-0.0.5.jar:/Volumes/SSD/opensource/s2i-druid/druid/bin/../lib/validation-api-1.1.0.Final.jar:/Volumes/SSD/opensource/s2i-druid/druid/bin/../lib/wagon-provider-api-2.4.jar:/Volumes/SSD/opensource/s2i-druid/druid/bin/../lib/xz-1.8.jar:/Volumes/SSD/opensource/s2i-druid/druid/bin/../lib/zookeeper-3.4.11.jar:/Volumes/SSD/opensource/s2i-druid/druid/bin/../lib/zstd-jni-1.3.3-1.jar
2019-08-25T18:33:54,396 INFO [main] org.apache.zookeeper.ZooKeeper - Client environment:java.library.path=/Users/irfius/Library/Java/Extensions:/Library/Java/Extensions:/Network/Library/Java/Extensions:/System/Library/Java/Extensions:/usr/lib/java:.
2019-08-25T18:33:54,396 INFO [main] org.apache.zookeeper.ZooKeeper - Client environment:java.io.tmpdir=var/tmp
2019-08-25T18:33:54,396 INFO [main] org.apache.zookeeper.ZooKeeper - Client environment:java.compiler=<NA>
2019-08-25T18:33:54,396 INFO [main] org.apache.zookeeper.ZooKeeper - Client environment:os.name=Mac OS X
2019-08-25T18:33:54,396 INFO [main] org.apache.zookeeper.ZooKeeper - Client environment:os.arch=x86_64
2019-08-25T18:33:54,396 INFO [main] org.apache.zookeeper.ZooKeeper - Client environment:os.version=10.14.6
2019-08-25T18:33:54,396 INFO [main] org.apache.zookeeper.ZooKeeper - Client environment:user.name=irfius
2019-08-25T18:33:54,396 INFO [main] org.apache.zookeeper.ZooKeeper - Client environment:user.home=/Users/irfius
2019-08-25T18:33:54,396 INFO [main] org.apache.zookeeper.ZooKeeper - Client environment:user.dir=/Volumes/SSD/opensource/s2i-druid/druid
2019-08-25T18:33:54,397 INFO [main] org.apache.zookeeper.ZooKeeper - Initiating client connection, connectString=localhost sessionTimeout=30000 watcher=org.apache.curator.ConnectionState@2de9ca6
2019-08-25T18:33:54,417 INFO [main-SendThread(localhost:2181)] org.apache.zookeeper.ClientCnxn - Opening socket connection to server localhost/127.0.0.1:2181. Will not attempt to authenticate using SASL (unknown error)
2019-08-25T18:33:54,420 INFO [main] org.apache.curator.framework.imps.CuratorFrameworkImpl - Default schema
2019-08-25T18:33:54,421 INFO [main] org.apache.druid.java.util.common.lifecycle.Lifecycle$AnnotationBasedHandler - Invoking start method[public void org.apache.druid.java.util.emitter.service.ServiceEmitter.start()] on object[ServiceEmitter{serviceDimensions={service=druid/historical, host=localhost:8083, version=0.15.1-incubating}, emitter=org.apache.druid.java.util.emitter.core.NoopEmitter@47d023b7}].
2019-08-25T18:33:54,421 INFO [main] org.apache.druid.java.util.common.lifecycle.Lifecycle$AnnotationBasedHandler - Invoking start method[public void org.apache.druid.java.util.metrics.MonitorScheduler.start()] on object[org.apache.druid.java.util.metrics.MonitorScheduler@739831a4].
2019-08-25T18:33:54,435 INFO [main-SendThread(localhost:2181)] org.apache.zookeeper.ClientCnxn - Socket connection established to localhost/127.0.0.1:2181, initiating session
2019-08-25T18:33:54,448 INFO [main] org.apache.druid.java.util.common.lifecycle.Lifecycle$AnnotationBasedHandler - Invoking start method[public void org.apache.druid.storage.hdfs.HdfsStorageAuthentication.authenticate()] on object[org.apache.druid.storage.hdfs.HdfsStorageAuthentication@2dba05b1].
2019-08-25T18:33:54,454 INFO [main] org.apache.druid.java.util.common.lifecycle.Lifecycle$AnnotationBasedHandler - Invoking start method[public void org.apache.druid.server.coordination.SegmentLoadDropHandler.start() throws java.io.IOException] on object[org.apache.druid.server.coordination.SegmentLoadDropHandler@9fe720a].
2019-08-25T18:33:54,454 INFO [main] org.apache.druid.server.coordination.SegmentLoadDropHandler - Starting...
2019-08-25T18:33:54,466 INFO [main] org.apache.druid.server.coordination.SegmentLoadDropHandler$BackgroundSegmentAnnouncer - Completed background segment announcing
2019-08-25T18:33:54,466 INFO [main] org.apache.druid.server.coordination.SegmentLoadDropHandler - Cache load took 12 ms
2019-08-25T18:33:54,467 INFO [main] org.apache.druid.server.coordination.CuratorDataSegmentServerAnnouncer - Announcing self[DruidServerMetadata{name='localhost:8083', hostAndPort='localhost:8083', hostAndTlsPort='null', maxSize=300000000000, tier='_default_tier', type=historical, priority=0}] at [/druid/announcements/localhost:8083]
2019-08-25T18:33:54,471 INFO [main-SendThread(localhost:2181)] org.apache.zookeeper.ClientCnxn - Session establishment complete on server localhost/127.0.0.1:2181, sessionid = 0x10000724be00003, negotiated timeout = 30000
2019-08-25T18:33:54,478 INFO [main-EventThread] org.apache.curator.framework.state.ConnectionStateManager - State change: CONNECTED
2019-08-25T18:33:54,487 INFO [main] org.apache.druid.server.coordination.SegmentLoadDropHandler - Started.
2019-08-25T18:33:54,487 INFO [main] org.apache.druid.java.util.common.lifecycle.Lifecycle$AnnotationBasedHandler - Invoking start method[public void org.apache.druid.server.coordination.ZkCoordinator.start() throws java.io.IOException] on object[org.apache.druid.server.coordination.ZkCoordinator@7d9c45ee].
2019-08-25T18:33:54,488 INFO [main] org.apache.druid.server.coordination.ZkCoordinator - Starting zkCoordinator for server[localhost:8083]
2019-08-25T18:33:54,585 INFO [main] org.apache.druid.java.util.common.lifecycle.Lifecycle$AnnotationBasedHandler - Invoking start method[public void org.apache.druid.java.util.http.client.NettyHttpClient.start()] on object[org.apache.druid.java.util.http.client.NettyHttpClient@2b877a54].
2019-08-25T18:33:54,586 INFO [main] org.apache.druid.java.util.common.lifecycle.Lifecycle$AnnotationBasedHandler - Invoking start method[public void org.apache.druid.curator.discovery.CuratorDruidNodeDiscoveryProvider.start()] on object[org.apache.druid.curator.discovery.CuratorDruidNodeDiscoveryProvider@268c030f].
2019-08-25T18:33:54,586 INFO [main] org.apache.druid.curator.discovery.CuratorDruidNodeDiscoveryProvider - starting
2019-08-25T18:33:54,586 INFO [main] org.apache.druid.curator.discovery.CuratorDruidNodeDiscoveryProvider - started
2019-08-25T18:33:54,586 INFO [main] org.apache.druid.java.util.common.lifecycle.Lifecycle$AnnotationBasedHandler - Invoking start method[public void org.apache.druid.curator.discovery.ServerDiscoverySelector.start() throws java.lang.Exception] on object[org.apache.druid.curator.discovery.ServerDiscoverySelector@be164d8].
2019-08-25T18:33:54,608 INFO [main] org.apache.druid.java.util.common.lifecycle.Lifecycle$AnnotationBasedHandler - Invoking start method[public void org.apache.druid.discovery.DruidLeaderClient.start()] on object[org.apache.druid.discovery.DruidLeaderClient@b5ac0c1].
2019-08-25T18:33:54,608 INFO [main] org.apache.druid.curator.discovery.CuratorDruidNodeDiscoveryProvider - Creating NodeTypeWatcher for nodeType [COORDINATOR].
2019-08-25T18:33:54,611 INFO [main] org.apache.druid.curator.discovery.CuratorDruidNodeDiscoveryProvider - Created NodeTypeWatcher for nodeType [COORDINATOR].
2019-08-25T18:33:54,611 INFO [main] org.apache.druid.discovery.DruidLeaderClient - Started.
2019-08-25T18:33:54,611 INFO [main] org.apache.druid.java.util.common.lifecycle.Lifecycle$AnnotationBasedHandler - Invoking start method[public void org.apache.druid.query.lookup.LookupReferencesManager.start()] on object[org.apache.druid.query.lookup.LookupReferencesManager@1472208d].
2019-08-25T18:33:54,613 INFO [main] org.apache.druid.query.lookup.LookupReferencesManager - LookupExtractorFactoryContainerProvider is starting.
2019-08-25T18:33:54,613 INFO [main] org.apache.druid.query.lookup.LookupReferencesManager - No lookups to be loaded at this point
2019-08-25T18:33:54,614 INFO [main] org.apache.druid.query.lookup.LookupReferencesManager - LookupExtractorFactoryContainerProvider is started.
2019-08-25T18:33:54,614 INFO [main] org.apache.druid.java.util.common.lifecycle.Lifecycle$AnnotationBasedHandler - Invoking start method[public void org.apache.druid.server.listener.announcer.ListenerResourceAnnouncer.start()] on object[org.apache.druid.query.lookup.LookupResourceListenerAnnouncer@6de004f1].
2019-08-25T18:33:54,616 INFO [main] org.apache.druid.server.listener.announcer.ListenerResourceAnnouncer - Announcing start time on [/druid/listeners/lookups/__default/http:localhost:8083]
2019-08-25T18:33:54,617 INFO [main] org.apache.druid.java.util.common.lifecycle.Lifecycle - Starting lifecycle [module] stage [SERVER]
2019-08-25T18:33:54,617 INFO [main] org.apache.druid.server.initialization.jetty.JettyServerModule - Starting Jetty Server...
2019-08-25T18:33:54,618 INFO [NodeTypeWatcher[COORDINATOR]] org.apache.druid.curator.discovery.CuratorDruidNodeDiscoveryProvider$NodeTypeWatcher - Received INITIALIZED in node watcher.
2019-08-25T18:33:54,619 INFO [main] org.eclipse.jetty.server.Server - jetty-9.4.10.v20180503; built: 2018-05-03T15:56:21.710Z; git: daa59876e6f384329b122929e70a80934569428c; jvm 1.8.0_222-b10
2019-08-25T18:33:54,653 INFO [main] org.eclipse.jetty.server.session - DefaultSessionIdManager workerName=node0
2019-08-25T18:33:54,653 INFO [main] org.eclipse.jetty.server.session - No SessionScavenger set, using defaults
2019-08-25T18:33:54,654 INFO [main] org.eclipse.jetty.server.session - node0 Scavenging every 600000ms
2019-08-25T18:33:54,888 INFO [main] com.sun.jersey.guice.spi.container.GuiceComponentProviderFactory - Registering com.fasterxml.jackson.jaxrs.json.JacksonJsonProvider as a provider class
2019-08-25T18:33:54,893 INFO [main] com.sun.jersey.guice.spi.container.GuiceComponentProviderFactory - Registering com.fasterxml.jackson.jaxrs.smile.JacksonSmileProvider as a provider class
2019-08-25T18:33:54,894 INFO [main] com.sun.jersey.guice.spi.container.GuiceComponentProviderFactory - Registering org.apache.druid.server.initialization.jetty.CustomExceptionMapper as a provider class
2019-08-25T18:33:54,894 INFO [main] com.sun.jersey.guice.spi.container.GuiceComponentProviderFactory - Registering org.apache.druid.server.initialization.jetty.ForbiddenExceptionMapper as a provider class
2019-08-25T18:33:54,894 INFO [main] com.sun.jersey.guice.spi.container.GuiceComponentProviderFactory - Registering org.apache.druid.server.initialization.jetty.BadRequestExceptionMapper as a provider class
2019-08-25T18:33:54,894 INFO [main] com.sun.jersey.guice.spi.container.GuiceComponentProviderFactory - Registering org.apache.druid.server.StatusResource as a root resource class
2019-08-25T18:33:54,926 INFO [main] com.sun.jersey.server.impl.application.WebApplicationImpl - Initiating Jersey application, version 'Jersey: 1.19.3 10/24/2016 03:43 PM'
2019-08-25T18:33:55,067 INFO [main] com.sun.jersey.guice.spi.container.GuiceComponentProviderFactory - Binding org.apache.druid.server.initialization.jetty.CustomExceptionMapper to GuiceManagedComponentProvider with the scope "Singleton"
2019-08-25T18:33:55,068 INFO [main] com.sun.jersey.guice.spi.container.GuiceComponentProviderFactory - Binding org.apache.druid.server.initialization.jetty.ForbiddenExceptionMapper to GuiceManagedComponentProvider with the scope "Singleton"
2019-08-25T18:33:55,069 INFO [main] com.sun.jersey.guice.spi.container.GuiceComponentProviderFactory - Binding org.apache.druid.server.initialization.jetty.BadRequestExceptionMapper to GuiceManagedComponentProvider with the scope "Singleton"
2019-08-25T18:33:55,069 INFO [main] com.sun.jersey.guice.spi.container.GuiceComponentProviderFactory - Binding com.fasterxml.jackson.jaxrs.json.JacksonJsonProvider to GuiceManagedComponentProvider with the scope "Singleton"
2019-08-25T18:33:55,075 INFO [main] com.sun.jersey.guice.spi.container.GuiceComponentProviderFactory - Binding com.fasterxml.jackson.jaxrs.smile.JacksonSmileProvider to GuiceManagedComponentProvider with the scope "Singleton"
2019-08-25T18:33:56,211 INFO [main] com.sun.jersey.guice.spi.container.GuiceComponentProviderFactory - Binding org.apache.druid.server.QueryResource to GuiceInstantiatedComponentProvider
2019-08-25T18:33:56,218 INFO [main] com.sun.jersey.guice.spi.container.GuiceComponentProviderFactory - Binding org.apache.druid.server.http.security.StateResourceFilter to GuiceInstantiatedComponentProvider
2019-08-25T18:33:56,223 INFO [main] com.sun.jersey.guice.spi.container.GuiceComponentProviderFactory - Binding org.apache.druid.server.http.HistoricalResource to GuiceInstantiatedComponentProvider
2019-08-25T18:33:56,278 INFO [main] com.sun.jersey.guice.spi.container.GuiceComponentProviderFactory - Binding org.apache.druid.server.http.SegmentListerResource to GuiceInstantiatedComponentProvider
2019-08-25T18:33:56,280 INFO [main] com.sun.jersey.guice.spi.container.GuiceComponentProviderFactory - Binding org.apache.druid.server.http.security.ConfigResourceFilter to GuiceInstantiatedComponentProvider
2019-08-25T18:33:56,284 INFO [main] com.sun.jersey.guice.spi.container.GuiceComponentProviderFactory - Binding org.apache.druid.query.lookup.LookupListeningResource to GuiceInstantiatedComponentProvider
2019-08-25T18:33:56,289 INFO [main] com.sun.jersey.guice.spi.container.GuiceComponentProviderFactory - Binding org.apache.druid.query.lookup.LookupIntrospectionResource to GuiceInstantiatedComponentProvider
2019-08-25T18:33:56,322 INFO [main] com.sun.jersey.guice.spi.container.GuiceComponentProviderFactory - Binding org.apache.druid.server.StatusResource to GuiceManagedComponentProvider with the scope "Undefined"
2019-08-25T18:33:56,363 WARN [main] com.sun.jersey.spi.inject.Errors - The following warnings have been detected with resource and/or provider classes:
  WARNING: A HTTP GET method, public void org.apache.druid.server.http.SegmentListerResource.getSegments(long,long,long,javax.servlet.http.HttpServletRequest) throws java.io.IOException, MUST return a non-void type.
2019-08-25T18:33:56,410 INFO [main] org.eclipse.jetty.server.handler.ContextHandler - Started o.e.j.s.ServletContextHandler@4cae66a8{/,null,AVAILABLE}
2019-08-25T18:33:56,422 INFO [main] org.eclipse.jetty.server.AbstractConnector - Started ServerConnector@3855d9b2{HTTP/1.1,[http/1.1]}{0.0.0.0:8083}
2019-08-25T18:33:56,422 INFO [main] org.eclipse.jetty.server.Server - Started @14711ms
2019-08-25T18:33:56,423 INFO [main] org.apache.druid.java.util.common.lifecycle.Lifecycle - Starting lifecycle [module] stage [ANNOUNCEMENTS]
2019-08-25T18:33:56,423 INFO [main] org.apache.druid.java.util.common.lifecycle.Lifecycle$AnnotationBasedHandler - Invoking start method[public void org.apache.druid.curator.announcement.Announcer.start()] on object[org.apache.druid.curator.announcement.Announcer@39f42d0e].
2019-08-25T18:33:56,423 INFO [main] org.apache.druid.curator.announcement.Announcer - Starting announcer
2019-08-25T18:33:56,486 INFO [main] org.apache.druid.curator.discovery.CuratorDruidNodeAnnouncer - Announcing [DiscoveryDruidNode{druidNode=DruidNode{serviceName='druid/historical', host='localhost', bindOnHost=false, port=-1, plaintextPort=8083, enablePlaintextPort=true, tlsPort=-1, enableTlsPort=false}, nodeType='HISTORICAL', services={dataNodeService=DataNodeService{tier='_default_tier', maxSize=300000000000, type=historical, priority=0}, lookupNodeService=LookupNodeService{lookupTier='__default'}}}].
2019-08-25T18:33:56,506 INFO [main] org.apache.druid.curator.discovery.CuratorDruidNodeAnnouncer - Announced [DiscoveryDruidNode{druidNode=DruidNode{serviceName='druid/historical', host='localhost', bindOnHost=false, port=-1, plaintextPort=8083, enablePlaintextPort=true, tlsPort=-1, enableTlsPort=false}, nodeType='HISTORICAL', services={dataNodeService=DataNodeService{tier='_default_tier', maxSize=300000000000, type=historical, priority=0}, lookupNodeService=LookupNodeService{lookupTier='__default'}}}].
2019-08-25T18:33:56,506 INFO [main] org.apache.druid.java.util.common.lifecycle.Lifecycle - Successfully started lifecycle [module]
2019-08-25T18:33:57,194 INFO [NodeTypeWatcher[COORDINATOR]] org.apache.druid.curator.discovery.CuratorDruidNodeDiscoveryProvider$NodeTypeWatcher - Node[localhost:8081:DiscoveryDruidNode{druidNode=DruidNode{serviceName='druid/coordinator', host='localhost', bindOnHost=false, port=-1, plaintextPort=8081, enablePlaintextPort=true, tlsPort=-1, enableTlsPort=false}, nodeType='COORDINATOR', services={}}] appeared.
2019-08-25T18:36:46,026 INFO [Thread-24] org.apache.druid.java.util.common.lifecycle.Lifecycle - Lifecycle [module] running shutdown hook
2019-08-25T18:36:46,027 INFO [Thread-24] org.apache.druid.java.util.common.lifecycle.Lifecycle - Stopping lifecycle [module] stage [ANNOUNCEMENTS]
2019-08-25T18:36:46,029 INFO [Thread-24] org.apache.druid.curator.discovery.CuratorDruidNodeAnnouncer - Unannouncing [DiscoveryDruidNode{druidNode=DruidNode{serviceName='druid/historical', host='localhost', bindOnHost=false, port=-1, plaintextPort=8083, enablePlaintextPort=true, tlsPort=-1, enableTlsPort=false}, nodeType='HISTORICAL', services={dataNodeService=DataNodeService{tier='_default_tier', maxSize=300000000000, type=historical, priority=0}, lookupNodeService=LookupNodeService{lookupTier='__default'}}}].
2019-08-25T18:36:46,029 INFO [Thread-24] org.apache.druid.curator.announcement.Announcer - unannouncing [/druid/internal-discovery/HISTORICAL/localhost:8083]
2019-08-25T18:36:46,043 INFO [Thread-24] org.apache.druid.curator.discovery.CuratorDruidNodeAnnouncer - Unannounced [DiscoveryDruidNode{druidNode=DruidNode{serviceName='druid/historical', host='localhost', bindOnHost=false, port=-1, plaintextPort=8083, enablePlaintextPort=true, tlsPort=-1, enableTlsPort=false}, nodeType='HISTORICAL', services={dataNodeService=DataNodeService{tier='_default_tier', maxSize=300000000000, type=historical, priority=0}, lookupNodeService=LookupNodeService{lookupTier='__default'}}}].
2019-08-25T18:36:46,044 INFO [Thread-24] org.apache.druid.java.util.common.lifecycle.Lifecycle$AnnotationBasedHandler - Invoking stop method[public void org.apache.druid.curator.announcement.Announcer.stop()] on object[org.apache.druid.curator.announcement.Announcer@39f42d0e].
2019-08-25T18:36:46,044 INFO [Thread-24] org.apache.druid.curator.announcement.Announcer - Stopping announcer
2019-08-25T18:36:46,046 INFO [Thread-24] org.apache.druid.curator.announcement.Announcer - unannouncing [/druid/announcements/localhost:8083]
2019-08-25T18:36:46,053 INFO [NodeTypeWatcher[COORDINATOR]] org.apache.druid.curator.discovery.CuratorDruidNodeDiscoveryProvider$NodeTypeWatcher - Node[localhost:8081:DiscoveryDruidNode{druidNode=DruidNode{serviceName='druid/coordinator', host='localhost', bindOnHost=false, port=-1, plaintextPort=8081, enablePlaintextPort=true, tlsPort=-1, enableTlsPort=false}, nodeType='COORDINATOR', services={}}] disappeared.
2019-08-25T18:36:46,054 INFO [Thread-24] org.apache.druid.curator.announcement.Announcer - unannouncing [/druid/listeners/lookups/__default/http:localhost:8083]
2019-08-25T18:36:46,071 INFO [Thread-24] org.apache.druid.curator.announcement.Announcer - unannouncing [/druid/segments/localhost:8083/localhost:8083_historical__default_tier_2019-08-25T18:33:54.459Z_89dd934d91a04e5c9e5ff4c8757d0e6e0]
2019-08-25T18:36:46,075 INFO [Thread-24] org.apache.druid.java.util.common.lifecycle.Lifecycle - Stopping lifecycle [module] stage [SERVER]
2019-08-25T18:36:46,075 INFO [Thread-24] org.apache.druid.server.initialization.jetty.JettyServerModule - Stopping Jetty Server...
2019-08-25T18:36:46,081 INFO [Thread-24] org.eclipse.jetty.server.AbstractConnector - Stopped ServerConnector@3855d9b2{HTTP/1.1,[http/1.1]}{0.0.0.0:8083}
2019-08-25T18:36:46,082 INFO [Thread-24] org.eclipse.jetty.server.session - node0 Stopped scavenging
2019-08-25T18:36:46,083 INFO [Thread-24] org.eclipse.jetty.server.handler.ContextHandler - Stopped o.e.j.s.ServletContextHandler@4cae66a8{/,null,UNAVAILABLE}
2019-08-25T18:36:46,095 INFO [Thread-24] org.apache.druid.java.util.common.lifecycle.Lifecycle - Stopping lifecycle [module] stage [NORMAL]
2019-08-25T18:36:46,095 INFO [Thread-24] org.apache.druid.java.util.common.lifecycle.Lifecycle$AnnotationBasedHandler - Invoking stop method[public void org.apache.druid.server.listener.announcer.ListenerResourceAnnouncer.stop()] on object[org.apache.druid.query.lookup.LookupResourceListenerAnnouncer@6de004f1].
2019-08-25T18:36:46,095 INFO [Thread-24] org.apache.druid.server.listener.announcer.ListenerResourceAnnouncer - Unannouncing start time on [/druid/listeners/lookups/__default/http:localhost:8083]
2019-08-25T18:36:46,095 INFO [Thread-24] org.apache.druid.java.util.common.lifecycle.Lifecycle$AnnotationBasedHandler - Invoking stop method[public void org.apache.druid.query.lookup.LookupReferencesManager.stop()] on object[org.apache.druid.query.lookup.LookupReferencesManager@1472208d].
2019-08-25T18:36:46,095 INFO [Thread-24] org.apache.druid.query.lookup.LookupReferencesManager - LookupExtractorFactoryContainerProvider is stopping.
2019-08-25T18:36:46,095 INFO [LookupExtractorFactoryContainerProvider-MainThread] org.apache.druid.query.lookup.LookupReferencesManager - Lookup Management loop exited, Lookup notices are not handled anymore.
2019-08-25T18:36:46,095 INFO [Thread-24] org.apache.druid.query.lookup.LookupReferencesManager - LookupExtractorFactoryContainerProvider is stopped.
2019-08-25T18:36:46,095 INFO [Thread-24] org.apache.druid.java.util.common.lifecycle.Lifecycle$AnnotationBasedHandler - Invoking stop method[public void org.apache.druid.discovery.DruidLeaderClient.stop()] on object[org.apache.druid.discovery.DruidLeaderClient@b5ac0c1].
2019-08-25T18:36:46,095 INFO [Thread-24] org.apache.druid.discovery.DruidLeaderClient - Stopped.
2019-08-25T18:36:46,095 INFO [Thread-24] org.apache.druid.java.util.common.lifecycle.Lifecycle$AnnotationBasedHandler - Invoking stop method[public void org.apache.druid.curator.discovery.ServerDiscoverySelector.stop() throws java.io.IOException] on object[org.apache.druid.curator.discovery.ServerDiscoverySelector@be164d8].
2019-08-25T18:36:46,097 INFO [Thread-24] org.apache.druid.java.util.common.lifecycle.Lifecycle$AnnotationBasedHandler - Invoking stop method[public void org.apache.druid.curator.discovery.CuratorDruidNodeDiscoveryProvider.stop()] on object[org.apache.druid.curator.discovery.CuratorDruidNodeDiscoveryProvider@268c030f].
2019-08-25T18:36:46,097 INFO [Thread-24] org.apache.druid.curator.discovery.CuratorDruidNodeDiscoveryProvider - stopping
2019-08-25T18:36:46,097 INFO [Thread-24] org.apache.druid.curator.discovery.CuratorDruidNodeDiscoveryProvider - stopped
2019-08-25T18:36:46,097 INFO [Thread-24] org.apache.druid.java.util.common.lifecycle.Lifecycle$AnnotationBasedHandler - Invoking stop method[public void org.apache.druid.java.util.http.client.NettyHttpClient.stop()] on object[org.apache.druid.java.util.http.client.NettyHttpClient@2b877a54].
2019-08-25T18:36:46,109 INFO [Thread-24] org.apache.druid.java.util.common.lifecycle.Lifecycle$AnnotationBasedHandler - Invoking stop method[public void org.apache.druid.server.coordination.ZkCoordinator.stop()] on object[org.apache.druid.server.coordination.ZkCoordinator@7d9c45ee].
2019-08-25T18:36:46,109 INFO [Thread-24] org.apache.druid.server.coordination.ZkCoordinator - Stopping ZkCoordinator for [DruidServerMetadata{name='localhost:8083', hostAndPort='localhost:8083', hostAndTlsPort='null', maxSize=300000000000, tier='_default_tier', type=historical, priority=0}]
2019-08-25T18:36:46,109 INFO [Thread-24] org.apache.druid.java.util.common.lifecycle.Lifecycle$AnnotationBasedHandler - Invoking stop method[public void org.apache.druid.server.coordination.SegmentLoadDropHandler.stop()] on object[org.apache.druid.server.coordination.SegmentLoadDropHandler@9fe720a].
2019-08-25T18:36:46,109 INFO [Thread-24] org.apache.druid.server.coordination.SegmentLoadDropHandler - Stopping...
2019-08-25T18:36:46,109 INFO [Thread-24] org.apache.druid.server.coordination.SegmentLoadDropHandler - Stopped.
2019-08-25T18:36:46,109 INFO [Thread-24] org.apache.druid.java.util.common.lifecycle.Lifecycle$AnnotationBasedHandler - Invoking stop method[public void org.apache.druid.storage.hdfs.HdfsStorageAuthentication.stop()] on object[org.apache.druid.storage.hdfs.HdfsStorageAuthentication@2dba05b1].
2019-08-25T18:36:46,109 INFO [Thread-24] org.apache.druid.java.util.common.lifecycle.Lifecycle$AnnotationBasedHandler - Invoking stop method[public void org.apache.druid.java.util.metrics.MonitorScheduler.stop()] on object[org.apache.druid.java.util.metrics.MonitorScheduler@739831a4].
2019-08-25T18:36:46,109 INFO [Thread-24] org.apache.druid.java.util.common.lifecycle.Lifecycle$AnnotationBasedHandler - Invoking stop method[public void org.apache.druid.client.cache.CaffeineCache.close()] on object[org.apache.druid.client.cache.CaffeineCache@5cec0cf2].
2019-08-25T18:36:46,110 INFO [Thread-24] org.apache.druid.java.util.common.lifecycle.Lifecycle$AnnotationBasedHandler - Invoking stop method[public void org.apache.druid.java.util.emitter.service.ServiceEmitter.close() throws java.io.IOException] on object[ServiceEmitter{serviceDimensions={service=druid/historical, host=localhost:8083, version=0.15.1-incubating}, emitter=org.apache.druid.java.util.emitter.core.NoopEmitter@47d023b7}].
2019-08-25T18:36:46,110 INFO [Thread-24] org.apache.druid.curator.CuratorModule - Stopping Curator
2019-08-25T18:36:46,113 INFO [Curator-Framework-0] org.apache.curator.framework.imps.CuratorFrameworkImpl - backgroundOperationsLoop exiting
2019-08-25T18:36:46,116 INFO [Thread-24] org.apache.zookeeper.ZooKeeper - Session: 0x10000724be00003 closed
2019-08-25T18:36:46,116 INFO [Thread-24] org.apache.druid.java.util.common.lifecycle.Lifecycle - Stopping lifecycle [module] stage [INIT]
2019-08-25T18:36:46,116 INFO [Thread-24] org.apache.druid.java.util.common.lifecycle.Lifecycle$AnnotationBasedHandler - Invoking stop method[public void org.apache.druid.initialization.Log4jShutterDownerModule$Log4jShutterDowner.stop()] on object[org.apache.druid.initialization.Log4jShutterDownerModule$Log4jShutterDowner@7cf63b9a].
2019-08-25T18:36:46,116 INFO [main-EventThread] org.apache.zookeeper.ClientCnxn - EventThread shut down for session: 0x10000724be00003
