2019-08-25T18:33:43,929 INFO [main] org.apache.druid.guice.PropertiesModule - Loading properties from common.runtime.properties
2019-08-25T18:33:43,931 INFO [main] org.apache.druid.guice.PropertiesModule - Loading properties from runtime.properties
2019-08-25T18:33:44,052 INFO [main] org.hibernate.validator.internal.util.Version - HV000001: Hibernate Validator 5.1.3.Final
2019-08-25T18:33:44,957 INFO [main] org.apache.druid.guice.JsonConfigurator - Loaded class[class org.apache.druid.common.config.NullValueHandlingConfig] from props[druid.generic.] as [org.apache.druid.common.config.NullValueHandlingConfig@cd1d761]
2019-08-25T18:33:45,037 INFO [main] org.apache.druid.guice.JsonConfigurator - Loaded class[class org.apache.druid.guice.ExtensionsConfig] from props[druid.extensions.] as [ExtensionsConfig{searchCurrentClassloader=true, directory='extensions', useExtensionClassloaderFirst=false, hadoopDependenciesDir='hadoop-dependencies', hadoopContainerDruidClasspath='null', addExtensionsToHadoopContainer=false, loadList=[druid-hdfs-storage, druid-kafka-indexing-service, druid-datasketches]}]
2019-08-25T18:33:45,049 INFO [main] org.apache.druid.initialization.Initialization - Loading extension [druid-hdfs-storage] for class [interface org.apache.druid.cli.CliCommandCreator]
2019-08-25T18:33:45,059 INFO [main] org.apache.druid.initialization.Initialization - added URL[file:/Volumes/SSD/opensource/s2i-druid/druid/extensions/druid-hdfs-storage/apacheds-i18n-2.0.0-M15.jar] for extension[druid-hdfs-storage]
2019-08-25T18:33:45,060 INFO [main] org.apache.druid.initialization.Initialization - added URL[file:/Volumes/SSD/opensource/s2i-druid/druid/extensions/druid-hdfs-storage/apacheds-kerberos-codec-2.0.0-M15.jar] for extension[druid-hdfs-storage]
2019-08-25T18:33:45,060 INFO [main] org.apache.druid.initialization.Initialization - added URL[file:/Volumes/SSD/opensource/s2i-druid/druid/extensions/druid-hdfs-storage/api-asn1-api-1.0.0-M20.jar] for extension[druid-hdfs-storage]
2019-08-25T18:33:45,060 INFO [main] org.apache.druid.initialization.Initialization - added URL[file:/Volumes/SSD/opensource/s2i-druid/druid/extensions/druid-hdfs-storage/api-util-1.0.0-M20.jar] for extension[druid-hdfs-storage]
2019-08-25T18:33:45,060 INFO [main] org.apache.druid.initialization.Initialization - added URL[file:/Volumes/SSD/opensource/s2i-druid/druid/extensions/druid-hdfs-storage/commons-beanutils-1.7.0.jar] for extension[druid-hdfs-storage]
2019-08-25T18:33:45,060 INFO [main] org.apache.druid.initialization.Initialization - added URL[file:/Volumes/SSD/opensource/s2i-druid/druid/extensions/druid-hdfs-storage/commons-beanutils-core-1.8.0.jar] for extension[druid-hdfs-storage]
2019-08-25T18:33:45,060 INFO [main] org.apache.druid.initialization.Initialization - added URL[file:/Volumes/SSD/opensource/s2i-druid/druid/extensions/druid-hdfs-storage/commons-collections-3.2.2.jar] for extension[druid-hdfs-storage]
2019-08-25T18:33:45,061 INFO [main] org.apache.druid.initialization.Initialization - added URL[file:/Volumes/SSD/opensource/s2i-druid/druid/extensions/druid-hdfs-storage/commons-compress-1.16.jar] for extension[druid-hdfs-storage]
2019-08-25T18:33:45,061 INFO [main] org.apache.druid.initialization.Initialization - added URL[file:/Volumes/SSD/opensource/s2i-druid/druid/extensions/druid-hdfs-storage/commons-configuration-1.6.jar] for extension[druid-hdfs-storage]
2019-08-25T18:33:45,061 INFO [main] org.apache.druid.initialization.Initialization - added URL[file:/Volumes/SSD/opensource/s2i-druid/druid/extensions/druid-hdfs-storage/commons-digester-1.8.jar] for extension[druid-hdfs-storage]
2019-08-25T18:33:45,063 INFO [main] org.apache.druid.initialization.Initialization - added URL[file:/Volumes/SSD/opensource/s2i-druid/druid/extensions/druid-hdfs-storage/commons-net-3.1.jar] for extension[druid-hdfs-storage]
2019-08-25T18:33:45,063 INFO [main] org.apache.druid.initialization.Initialization - added URL[file:/Volumes/SSD/opensource/s2i-druid/druid/extensions/druid-hdfs-storage/curator-framework-4.1.0.jar] for extension[druid-hdfs-storage]
2019-08-25T18:33:45,063 INFO [main] org.apache.druid.initialization.Initialization - added URL[file:/Volumes/SSD/opensource/s2i-druid/druid/extensions/druid-hdfs-storage/curator-recipes-4.1.0.jar] for extension[druid-hdfs-storage]
2019-08-25T18:33:45,064 INFO [main] org.apache.druid.initialization.Initialization - added URL[file:/Volumes/SSD/opensource/s2i-druid/druid/extensions/druid-hdfs-storage/druid-hdfs-storage-0.15.1-incubating.jar] for extension[druid-hdfs-storage]
2019-08-25T18:33:45,064 INFO [main] org.apache.druid.initialization.Initialization - added URL[file:/Volumes/SSD/opensource/s2i-druid/druid/extensions/druid-hdfs-storage/gson-2.2.4.jar] for extension[druid-hdfs-storage]
2019-08-25T18:33:45,064 INFO [main] org.apache.druid.initialization.Initialization - added URL[file:/Volumes/SSD/opensource/s2i-druid/druid/extensions/druid-hdfs-storage/hadoop-auth-2.8.3.jar] for extension[druid-hdfs-storage]
2019-08-25T18:33:45,064 INFO [main] org.apache.druid.initialization.Initialization - added URL[file:/Volumes/SSD/opensource/s2i-druid/druid/extensions/druid-hdfs-storage/hadoop-client-2.8.3.jar] for extension[druid-hdfs-storage]
2019-08-25T18:33:45,064 INFO [main] org.apache.druid.initialization.Initialization - added URL[file:/Volumes/SSD/opensource/s2i-druid/druid/extensions/druid-hdfs-storage/hadoop-common-2.8.3.jar] for extension[druid-hdfs-storage]
2019-08-25T18:33:45,064 INFO [main] org.apache.druid.initialization.Initialization - added URL[file:/Volumes/SSD/opensource/s2i-druid/druid/extensions/druid-hdfs-storage/hadoop-hdfs-client-2.8.3.jar] for extension[druid-hdfs-storage]
2019-08-25T18:33:45,064 INFO [main] org.apache.druid.initialization.Initialization - added URL[file:/Volumes/SSD/opensource/s2i-druid/druid/extensions/druid-hdfs-storage/hadoop-mapreduce-client-app-2.8.3.jar] for extension[druid-hdfs-storage]
2019-08-25T18:33:45,065 INFO [main] org.apache.druid.initialization.Initialization - added URL[file:/Volumes/SSD/opensource/s2i-druid/druid/extensions/druid-hdfs-storage/hadoop-mapreduce-client-common-2.8.3.jar] for extension[druid-hdfs-storage]
2019-08-25T18:33:45,065 INFO [main] org.apache.druid.initialization.Initialization - added URL[file:/Volumes/SSD/opensource/s2i-druid/druid/extensions/druid-hdfs-storage/hadoop-mapreduce-client-jobclient-2.8.3.jar] for extension[druid-hdfs-storage]
2019-08-25T18:33:45,065 INFO [main] org.apache.druid.initialization.Initialization - added URL[file:/Volumes/SSD/opensource/s2i-druid/druid/extensions/druid-hdfs-storage/hadoop-mapreduce-client-shuffle-2.8.3.jar] for extension[druid-hdfs-storage]
2019-08-25T18:33:45,065 INFO [main] org.apache.druid.initialization.Initialization - added URL[file:/Volumes/SSD/opensource/s2i-druid/druid/extensions/druid-hdfs-storage/hadoop-yarn-api-2.8.3.jar] for extension[druid-hdfs-storage]
2019-08-25T18:33:45,065 INFO [main] org.apache.druid.initialization.Initialization - added URL[file:/Volumes/SSD/opensource/s2i-druid/druid/extensions/druid-hdfs-storage/hadoop-yarn-client-2.8.3.jar] for extension[druid-hdfs-storage]
2019-08-25T18:33:45,065 INFO [main] org.apache.druid.initialization.Initialization - added URL[file:/Volumes/SSD/opensource/s2i-druid/druid/extensions/druid-hdfs-storage/hadoop-yarn-common-2.8.3.jar] for extension[druid-hdfs-storage]
2019-08-25T18:33:45,065 INFO [main] org.apache.druid.initialization.Initialization - added URL[file:/Volumes/SSD/opensource/s2i-druid/druid/extensions/druid-hdfs-storage/hadoop-yarn-server-common-2.8.3.jar] for extension[druid-hdfs-storage]
2019-08-25T18:33:45,066 INFO [main] org.apache.druid.initialization.Initialization - added URL[file:/Volumes/SSD/opensource/s2i-druid/druid/extensions/druid-hdfs-storage/htrace-core4-4.0.1-incubating.jar] for extension[druid-hdfs-storage]
2019-08-25T18:33:45,066 INFO [main] org.apache.druid.initialization.Initialization - added URL[file:/Volumes/SSD/opensource/s2i-druid/druid/extensions/druid-hdfs-storage/jackson-jaxrs-1.9.13.jar] for extension[druid-hdfs-storage]
2019-08-25T18:33:45,066 INFO [main] org.apache.druid.initialization.Initialization - added URL[file:/Volumes/SSD/opensource/s2i-druid/druid/extensions/druid-hdfs-storage/jackson-xc-1.9.13.jar] for extension[druid-hdfs-storage]
2019-08-25T18:33:45,066 INFO [main] org.apache.druid.initialization.Initialization - added URL[file:/Volumes/SSD/opensource/s2i-druid/druid/extensions/druid-hdfs-storage/jaxb-api-2.3.0.jar] for extension[druid-hdfs-storage]
2019-08-25T18:33:45,066 INFO [main] org.apache.druid.initialization.Initialization - added URL[file:/Volumes/SSD/opensource/s2i-druid/druid/extensions/druid-hdfs-storage/jcip-annotations-1.0.jar] for extension[druid-hdfs-storage]
2019-08-25T18:33:45,067 INFO [main] org.apache.druid.initialization.Initialization - added URL[file:/Volumes/SSD/opensource/s2i-druid/druid/extensions/druid-hdfs-storage/jersey-client-1.9.jar] for extension[druid-hdfs-storage]
2019-08-25T18:33:45,067 INFO [main] org.apache.druid.initialization.Initialization - added URL[file:/Volumes/SSD/opensource/s2i-druid/druid/extensions/druid-hdfs-storage/jetty-sslengine-6.1.26.jar] for extension[druid-hdfs-storage]
2019-08-25T18:33:45,068 INFO [main] org.apache.druid.initialization.Initialization - added URL[file:/Volumes/SSD/opensource/s2i-druid/druid/extensions/druid-hdfs-storage/json-smart-1.1.1.jar] for extension[druid-hdfs-storage]
2019-08-25T18:33:45,068 INFO [main] org.apache.druid.initialization.Initialization - added URL[file:/Volumes/SSD/opensource/s2i-druid/druid/extensions/druid-hdfs-storage/jsp-api-2.1.jar] for extension[druid-hdfs-storage]
2019-08-25T18:33:45,068 INFO [main] org.apache.druid.initialization.Initialization - added URL[file:/Volumes/SSD/opensource/s2i-druid/druid/extensions/druid-hdfs-storage/leveldbjni-all-1.8.jar] for extension[druid-hdfs-storage]
2019-08-25T18:33:45,068 INFO [main] org.apache.druid.initialization.Initialization - added URL[file:/Volumes/SSD/opensource/s2i-druid/druid/extensions/druid-hdfs-storage/nimbus-jose-jwt-3.9.jar] for extension[druid-hdfs-storage]
2019-08-25T18:33:45,068 INFO [main] org.apache.druid.initialization.Initialization - added URL[file:/Volumes/SSD/opensource/s2i-druid/druid/extensions/druid-hdfs-storage/objenesis-2.6.jar] for extension[druid-hdfs-storage]
2019-08-25T18:33:45,069 INFO [main] org.apache.druid.initialization.Initialization - added URL[file:/Volumes/SSD/opensource/s2i-druid/druid/extensions/druid-hdfs-storage/okhttp-2.4.0.jar] for extension[druid-hdfs-storage]
2019-08-25T18:33:45,069 INFO [main] org.apache.druid.initialization.Initialization - added URL[file:/Volumes/SSD/opensource/s2i-druid/druid/extensions/druid-hdfs-storage/okio-1.4.0.jar] for extension[druid-hdfs-storage]
2019-08-25T18:33:45,069 INFO [main] org.apache.druid.initialization.Initialization - added URL[file:/Volumes/SSD/opensource/s2i-druid/druid/extensions/druid-hdfs-storage/servlet-api-2.5.jar] for extension[druid-hdfs-storage]
2019-08-25T18:33:45,069 INFO [main] org.apache.druid.initialization.Initialization - added URL[file:/Volumes/SSD/opensource/s2i-druid/druid/extensions/druid-hdfs-storage/xmlenc-0.52.jar] for extension[druid-hdfs-storage]
2019-08-25T18:33:45,078 INFO [main] org.apache.druid.initialization.Initialization - Loading extension [druid-kafka-indexing-service] for class [interface org.apache.druid.cli.CliCommandCreator]
2019-08-25T18:33:45,079 INFO [main] org.apache.druid.initialization.Initialization - added URL[file:/Volumes/SSD/opensource/s2i-druid/druid/extensions/druid-kafka-indexing-service/druid-kafka-indexing-service-0.15.1-incubating.jar] for extension[druid-kafka-indexing-service]
2019-08-25T18:33:45,079 INFO [main] org.apache.druid.initialization.Initialization - added URL[file:/Volumes/SSD/opensource/s2i-druid/druid/extensions/druid-kafka-indexing-service/kafka-clients-2.1.0.jar] for extension[druid-kafka-indexing-service]
2019-08-25T18:33:45,079 INFO [main] org.apache.druid.initialization.Initialization - added URL[file:/Volumes/SSD/opensource/s2i-druid/druid/extensions/druid-kafka-indexing-service/lz4-java-1.5.0.jar] for extension[druid-kafka-indexing-service]
2019-08-25T18:33:45,079 INFO [main] org.apache.druid.initialization.Initialization - added URL[file:/Volumes/SSD/opensource/s2i-druid/druid/extensions/druid-kafka-indexing-service/snappy-java-1.1.7.2.jar] for extension[druid-kafka-indexing-service]
2019-08-25T18:33:45,079 INFO [main] org.apache.druid.initialization.Initialization - added URL[file:/Volumes/SSD/opensource/s2i-druid/druid/extensions/druid-kafka-indexing-service/zstd-jni-1.3.3-1.jar] for extension[druid-kafka-indexing-service]
2019-08-25T18:33:45,080 INFO [main] org.apache.druid.initialization.Initialization - Loading extension [druid-datasketches] for class [interface org.apache.druid.cli.CliCommandCreator]
2019-08-25T18:33:45,081 INFO [main] org.apache.druid.initialization.Initialization - added URL[file:/Volumes/SSD/opensource/s2i-druid/druid/extensions/druid-datasketches/commons-math3-3.6.1.jar] for extension[druid-datasketches]
2019-08-25T18:33:45,081 INFO [main] org.apache.druid.initialization.Initialization - added URL[file:/Volumes/SSD/opensource/s2i-druid/druid/extensions/druid-datasketches/druid-datasketches-0.15.1-incubating.jar] for extension[druid-datasketches]
2019-08-25T18:33:45,081 INFO [main] org.apache.druid.initialization.Initialization - added URL[file:/Volumes/SSD/opensource/s2i-druid/druid/extensions/druid-datasketches/memory-0.12.2.jar] for extension[druid-datasketches]
2019-08-25T18:33:45,081 INFO [main] org.apache.druid.initialization.Initialization - added URL[file:/Volumes/SSD/opensource/s2i-druid/druid/extensions/druid-datasketches/sketches-core-0.13.4.jar] for extension[druid-datasketches]
2019-08-25T18:33:45,081 INFO [main] org.apache.druid.initialization.Initialization - added URL[file:/Volumes/SSD/opensource/s2i-druid/druid/extensions/druid-datasketches/slf4j-api-1.7.25.jar] for extension[druid-datasketches]
2019-08-25T18:33:45,206 INFO [main] org.apache.druid.guice.JsonConfigurator - Loaded class[class org.apache.druid.guice.ModulesConfig] from props[druid.modules.] as [ModulesConfig{excludeList=[]}]
2019-08-25T18:33:45,420 INFO [main] org.apache.druid.initialization.Initialization - Adding implementation [org.apache.druid.common.aws.AWSModule] for class [interface org.apache.druid.initialization.DruidModule] from classpath extension
2019-08-25T18:33:45,423 INFO [main] org.apache.druid.initialization.Initialization - Adding implementation [org.apache.druid.common.gcp.GcpModule] for class [interface org.apache.druid.initialization.DruidModule] from classpath extension
2019-08-25T18:33:45,423 INFO [main] org.apache.druid.initialization.Initialization - Loading extension [druid-hdfs-storage] for class [interface org.apache.druid.initialization.DruidModule]
2019-08-25T18:33:45,425 INFO [main] org.apache.druid.initialization.Initialization - Adding implementation [org.apache.druid.storage.hdfs.HdfsStorageDruidModule] for class [interface org.apache.druid.initialization.DruidModule] from local file system extension
2019-08-25T18:33:45,425 INFO [main] org.apache.druid.initialization.Initialization - Loading extension [druid-kafka-indexing-service] for class [interface org.apache.druid.initialization.DruidModule]
2019-08-25T18:33:45,426 INFO [main] org.apache.druid.initialization.Initialization - Adding implementation [org.apache.druid.indexing.kafka.KafkaIndexTaskModule] for class [interface org.apache.druid.initialization.DruidModule] from local file system extension
2019-08-25T18:33:45,427 INFO [main] org.apache.druid.initialization.Initialization - Loading extension [druid-datasketches] for class [interface org.apache.druid.initialization.DruidModule]
2019-08-25T18:33:45,461 INFO [main] org.apache.druid.initialization.Initialization - Adding implementation [org.apache.druid.query.aggregation.datasketches.theta.SketchModule] for class [interface org.apache.druid.initialization.DruidModule] from local file system extension
2019-08-25T18:33:45,462 INFO [main] org.apache.druid.initialization.Initialization - Adding implementation [org.apache.druid.query.aggregation.datasketches.theta.oldapi.OldApiSketchModule] for class [interface org.apache.druid.initialization.DruidModule] from local file system extension
2019-08-25T18:33:45,463 INFO [main] org.apache.druid.initialization.Initialization - Adding implementation [org.apache.druid.query.aggregation.datasketches.quantiles.DoublesSketchModule] for class [interface org.apache.druid.initialization.DruidModule] from local file system extension
2019-08-25T18:33:45,464 INFO [main] org.apache.druid.initialization.Initialization - Adding implementation [org.apache.druid.query.aggregation.datasketches.tuple.ArrayOfDoublesSketchModule] for class [interface org.apache.druid.initialization.DruidModule] from local file system extension
2019-08-25T18:33:45,518 INFO [main] org.apache.druid.initialization.Initialization - Adding implementation [org.apache.druid.query.aggregation.datasketches.hll.HllSketchModule] for class [interface org.apache.druid.initialization.DruidModule] from local file system extension
2019-08-25T18:33:47,882 WARN [main] org.apache.hadoop.util.NativeCodeLoader - Unable to load native-hadoop library for your platform... using builtin-java classes where applicable
2019-08-25T18:33:49,680 INFO [main] org.apache.druid.guice.JsonConfigurator - Loaded class[class org.apache.druid.server.DruidNode] from props[druid.] as [DruidNode{serviceName='druid/middleManager', host='localhost', bindOnHost=false, port=-1, plaintextPort=8091, enablePlaintextPort=true, tlsPort=-1, enableTlsPort=false}]
2019-08-25T18:33:49,694 INFO [main] org.apache.druid.guice.JsonConfigurator - Loaded class[class org.apache.druid.curator.CuratorConfig] from props[druid.zk.service.] as [org.apache.druid.curator.CuratorConfig@7be3a9ce]
2019-08-25T18:33:49,697 INFO [main] org.apache.druid.guice.JsonConfigurator - Loaded class[class org.apache.druid.curator.ExhibitorConfig] from props[druid.exhibitor.service.] as [org.apache.druid.curator.ExhibitorConfig@75a118e6]
2019-08-25T18:33:49,888 INFO [main] org.apache.curator.utils.Compatibility - Running in ZooKeeper 3.4.x compatibility mode
2019-08-25T18:33:49,890 WARN [main] org.apache.curator.retry.ExponentialBackoffRetry - maxRetries too large (30). Pinning to 29
2019-08-25T18:33:49,959 INFO [main] org.apache.druid.guice.JsonConfigurator - Loaded class[class org.apache.druid.server.initialization.ZkPathsConfig] from props[druid.zk.paths.] as [org.apache.druid.server.initialization.ZkPathsConfig@22e2266d]
2019-08-25T18:33:49,965 INFO [main] org.apache.druid.guice.JsonConfigurator - Loaded class[class org.apache.druid.server.initialization.CuratorDiscoveryConfig] from props[druid.discovery.curator.] as [org.apache.druid.server.initialization.CuratorDiscoveryConfig@9fc9f91]
2019-08-25T18:33:49,976 INFO [main] org.apache.druid.guice.JsonConfigurator - Loaded class[interface org.apache.druid.server.security.Escalator] from props[druid.escalator.] as [NoopEscalator{}]
2019-08-25T18:33:49,984 INFO [main] org.apache.druid.guice.JsonConfigurator - Loaded class[class org.apache.druid.server.security.AuthConfig] from props[druid.auth.] as [AuthConfig{authenticatorChain=null, authorizers=null, unsecuredPaths=[], allowUnauthenticatedHttpOptions=false}]
2019-08-25T18:33:50,200 INFO [main] org.apache.druid.guice.JsonConfigurator - Loaded class[class org.apache.druid.server.metrics.DruidMonitorSchedulerConfig] from props[druid.monitoring.] as [org.apache.druid.server.metrics.DruidMonitorSchedulerConfig@37df14d1]
2019-08-25T18:33:50,203 INFO [main] org.apache.druid.guice.JsonConfigurator - Loaded class[class org.apache.druid.server.metrics.MonitorsConfig] from props[druid.monitoring.] as [MonitorsConfig{monitors=[class org.apache.druid.java.util.metrics.JvmMonitor]}]
2019-08-25T18:33:50,204 INFO [main] org.apache.druid.server.emitter.EmitterModule - Underlying emitter for ServiceEmitter: org.apache.druid.java.util.emitter.core.NoopEmitter@5634d0f4
2019-08-25T18:33:50,204 INFO [main] org.apache.druid.server.emitter.EmitterModule - Extra service dimensions: {version=0.15.1-incubating}
2019-08-25T18:33:50,248 INFO [main] org.apache.druid.server.metrics.MetricsModule - Adding monitor[org.apache.druid.java.util.metrics.JvmMonitor@2630dbc4]
2019-08-25T18:33:50,248 INFO [main] org.apache.druid.server.metrics.MetricsModule - Adding monitor[org.apache.druid.server.initialization.jetty.JettyServerModule$JettyMonitor@76ad6715]
2019-08-25T18:33:50,251 INFO [main] org.apache.druid.guice.JsonConfigurator - Loaded class[class org.apache.druid.server.log.StartupLoggingConfig] from props[druid.startup.logging.] as [org.apache.druid.server.log.StartupLoggingConfig@4596f8f3]
2019-08-25T18:33:50,252 INFO [main] org.apache.druid.cli.CliMiddleManager - Starting up with processors[4], memory[67,108,864], maxMemory[67,108,864], directMemory[67,108,864].
2019-08-25T18:33:50,256 INFO [main] org.apache.druid.cli.CliMiddleManager - * awt.toolkit: sun.lwawt.macosx.LWCToolkit
2019-08-25T18:33:50,256 INFO [main] org.apache.druid.cli.CliMiddleManager - * druid.emitter: noop
2019-08-25T18:33:50,256 INFO [main] org.apache.druid.cli.CliMiddleManager - * druid.emitter.logging.logLevel: info
2019-08-25T18:33:50,256 INFO [main] org.apache.druid.cli.CliMiddleManager - * druid.extensions.loadList: ["druid-hdfs-storage", "druid-kafka-indexing-service", "druid-datasketches"]
2019-08-25T18:33:50,256 INFO [main] org.apache.druid.cli.CliMiddleManager - * druid.host: localhost
2019-08-25T18:33:50,256 INFO [main] org.apache.druid.cli.CliMiddleManager - * druid.indexer.fork.property.druid.processing.buffer.sizeBytes: 100000000
2019-08-25T18:33:50,256 INFO [main] org.apache.druid.cli.CliMiddleManager - * druid.indexer.fork.property.druid.processing.numMergeBuffers: 2
2019-08-25T18:33:50,256 INFO [main] org.apache.druid.cli.CliMiddleManager - * druid.indexer.fork.property.druid.processing.numThreads: 1
2019-08-25T18:33:50,256 INFO [main] org.apache.druid.cli.CliMiddleManager - * druid.indexer.logs.directory: var/druid/indexing-logs
2019-08-25T18:33:50,256 INFO [main] org.apache.druid.cli.CliMiddleManager - * druid.indexer.logs.type: file
2019-08-25T18:33:50,256 INFO [main] org.apache.druid.cli.CliMiddleManager - * druid.indexer.runner.javaOpts: -server -Xms1g -Xmx1g -XX:MaxDirectMemorySize=1g -Duser.timezone=UTC -Dfile.encoding=UTF-8 -XX:+ExitOnOutOfMemoryError -Djava.util.logging.manager=org.apache.logging.log4j.jul.LogManager
2019-08-25T18:33:50,256 INFO [main] org.apache.druid.cli.CliMiddleManager - * druid.indexer.task.baseTaskDir: var/druid/task
2019-08-25T18:33:50,256 INFO [main] org.apache.druid.cli.CliMiddleManager - * druid.indexer.task.hadoopWorkingPath: var/druid/hadoop-tmp
2019-08-25T18:33:50,256 INFO [main] org.apache.druid.cli.CliMiddleManager - * druid.indexing.doubleStorage: double
2019-08-25T18:33:50,256 INFO [main] org.apache.druid.cli.CliMiddleManager - * druid.lookup.enableLookupSyncOnStartup: false
2019-08-25T18:33:50,256 INFO [main] org.apache.druid.cli.CliMiddleManager - * druid.metadata.storage.connector.connectURI: jdbc:derby://localhost:1527/var/druid/metadata.db;create=true
2019-08-25T18:33:50,256 INFO [main] org.apache.druid.cli.CliMiddleManager - * druid.metadata.storage.connector.host: localhost
2019-08-25T18:33:50,257 INFO [main] org.apache.druid.cli.CliMiddleManager - * druid.metadata.storage.connector.port: 1527
2019-08-25T18:33:50,257 INFO [main] org.apache.druid.cli.CliMiddleManager - * druid.metadata.storage.type: derby
2019-08-25T18:33:50,257 INFO [main] org.apache.druid.cli.CliMiddleManager - * druid.monitoring.monitors: ["org.apache.druid.java.util.metrics.JvmMonitor"]
2019-08-25T18:33:50,257 INFO [main] org.apache.druid.cli.CliMiddleManager - * druid.plaintextPort: 8091
2019-08-25T18:33:50,257 INFO [main] org.apache.druid.cli.CliMiddleManager - * druid.selectors.coordinator.serviceName: druid/coordinator
2019-08-25T18:33:50,257 INFO [main] org.apache.druid.cli.CliMiddleManager - * druid.selectors.indexing.serviceName: druid/overlord
2019-08-25T18:33:50,257 INFO [main] org.apache.druid.cli.CliMiddleManager - * druid.server.hiddenProperties: ["druid.s3.accessKey","druid.s3.secretKey","druid.metadata.storage.connector.password"]
2019-08-25T18:33:50,257 INFO [main] org.apache.druid.cli.CliMiddleManager - * druid.server.http.numThreads: 12
2019-08-25T18:33:50,257 INFO [main] org.apache.druid.cli.CliMiddleManager - * druid.service: druid/middleManager
2019-08-25T18:33:50,257 INFO [main] org.apache.druid.cli.CliMiddleManager - * druid.sql.enable: true
2019-08-25T18:33:50,257 INFO [main] org.apache.druid.cli.CliMiddleManager - * druid.startup.logging.logProperties: true
2019-08-25T18:33:50,257 INFO [main] org.apache.druid.cli.CliMiddleManager - * druid.storage.storageDirectory: var/druid/segments
2019-08-25T18:33:50,257 INFO [main] org.apache.druid.cli.CliMiddleManager - * druid.storage.type: local
2019-08-25T18:33:50,257 INFO [main] org.apache.druid.cli.CliMiddleManager - * druid.worker.capacity: 2
2019-08-25T18:33:50,257 INFO [main] org.apache.druid.cli.CliMiddleManager - * druid.zk.paths.base: /druid
2019-08-25T18:33:50,257 INFO [main] org.apache.druid.cli.CliMiddleManager - * druid.zk.service.host: localhost
2019-08-25T18:33:50,257 INFO [main] org.apache.druid.cli.CliMiddleManager - * file.encoding: UTF-8
2019-08-25T18:33:50,257 INFO [main] org.apache.druid.cli.CliMiddleManager - * file.encoding.pkg: sun.io
2019-08-25T18:33:50,257 INFO [main] org.apache.druid.cli.CliMiddleManager - * file.separator: /
2019-08-25T18:33:50,294 INFO [main] org.apache.druid.cli.CliMiddleManager - * ftp.nonProxyHosts: local|*.local|169.254/16|*.169.254/16
2019-08-25T18:33:50,294 INFO [main] org.apache.druid.cli.CliMiddleManager - * gopherProxySet: false
2019-08-25T18:33:50,294 INFO [main] org.apache.druid.cli.CliMiddleManager - * http.nonProxyHosts: local|*.local|169.254/16|*.169.254/16
2019-08-25T18:33:50,294 INFO [main] org.apache.druid.cli.CliMiddleManager - * java.awt.graphicsenv: sun.awt.CGraphicsEnvironment
2019-08-25T18:33:50,294 INFO [main] org.apache.druid.cli.CliMiddleManager - * java.awt.printerjob: sun.lwawt.macosx.CPrinterJob
2019-08-25T18:33:50,294 INFO [main] org.apache.druid.cli.CliMiddleManager - * java.class.path: /Volumes/SSD/opensource/s2i-druid/druid/conf/druid/single-server/micro-quickstart/middleManager:/Volumes/SSD/opensource/s2i-druid/druid/conf/druid/single-server/micro-quickstart/_common:/Volumes/SSD/opensource/s2i-druid/druid/conf/druid/single-server/micro-quickstart/_common/hadoop-xml:/Volumes/SSD/opensource/s2i-druid/druid/conf/druid/single-server/micro-quickstart/../_common:/Volumes/SSD/opensource/s2i-druid/druid/conf/druid/single-server/micro-quickstart/../_common/hadoop-xml:/Volumes/SSD/opensource/s2i-druid/druid/bin/../lib/accessors-smart-1.2.jar:/Volumes/SSD/opensource/s2i-druid/druid/bin/../lib/aether-api-0.9.0.M2.jar:/Volumes/SSD/opensource/s2i-druid/druid/bin/../lib/aether-connector-file-0.9.0.M2.jar:/Volumes/SSD/opensource/s2i-druid/druid/bin/../lib/aether-connector-okhttp-0.0.9.jar:/Volumes/SSD/opensource/s2i-druid/druid/bin/../lib/aether-impl-0.9.0.M2.jar:/Volumes/SSD/opensource/s2i-druid/druid/bin/../lib/aether-spi-0.9.0.M2.jar:/Volumes/SSD/opensource/s2i-druid/druid/bin/../lib/aether-util-0.9.0.M2.jar:/Volumes/SSD/opensource/s2i-druid/druid/bin/../lib/aggdesigner-algorithm-6.0.jar:/Volumes/SSD/opensource/s2i-druid/druid/bin/../lib/airline-0.7.jar:/Volumes/SSD/opensource/s2i-druid/druid/bin/../lib/antlr4-runtime-4.5.1.jar:/Volumes/SSD/opensource/s2i-druid/druid/bin/../lib/aopalliance-1.0.jar:/Volumes/SSD/opensource/s2i-druid/druid/bin/../lib/asm-7.1.jar:/Volumes/SSD/opensource/s2i-druid/druid/bin/../lib/asm-analysis-7.1.jar:/Volumes/SSD/opensource/s2i-druid/druid/bin/../lib/asm-commons-7.1.jar:/Volumes/SSD/opensource/s2i-druid/druid/bin/../lib/asm-tree-7.1.jar:/Volumes/SSD/opensource/s2i-druid/druid/bin/../lib/async-http-client-2.5.3.jar:/Volumes/SSD/opensource/s2i-druid/druid/bin/../lib/async-http-client-netty-utils-2.5.3.jar:/Volumes/SSD/opensource/s2i-druid/druid/bin/../lib/audience-annotations-0.5.0.jar:/Volumes/SSD/opensource/s2i-druid/druid/bin/../lib/avatica-core-1.10.0.jar:/Volumes/SSD/opensource/s2i-druid/druid/bin/../lib/avatica-metrics-1.10.0.jar:/Volumes/SSD/opensource/s2i-druid/druid/bin/../lib/avatica-server-1.10.0.jar:/Volumes/SSD/opensource/s2i-druid/druid/bin/../lib/aws-java-sdk-core-1.11.199.jar:/Volumes/SSD/opensource/s2i-druid/druid/bin/../lib/aws-java-sdk-ec2-1.11.199.jar:/Volumes/SSD/opensource/s2i-druid/druid/bin/../lib/aws-java-sdk-kms-1.11.199.jar:/Volumes/SSD/opensource/s2i-druid/druid/bin/../lib/aws-java-sdk-s3-1.11.199.jar:/Volumes/SSD/opensource/s2i-druid/druid/bin/../lib/caffeine-2.5.5.jar:/Volumes/SSD/opensource/s2i-druid/druid/bin/../lib/calcite-core-1.17.0.jar:/Volumes/SSD/opensource/s2i-druid/druid/bin/../lib/calcite-linq4j-1.17.0.jar:/Volumes/SSD/opensource/s2i-druid/druid/bin/../lib/checker-qual-2.5.7.jar:/Volumes/SSD/opensource/s2i-druid/druid/bin/../lib/classmate-1.0.0.jar:/Volumes/SSD/opensource/s2i-druid/druid/bin/../lib/commons-beanutils-1.9.3.jar:/Volumes/SSD/opensource/s2i-druid/druid/bin/../lib/commons-cli-1.2.jar:/Volumes/SSD/opensource/s2i-druid/druid/bin/../lib/commons-codec-1.7.jar:/Volumes/SSD/opensource/s2i-druid/druid/bin/../lib/commons-collections-3.2.2.jar:/Volumes/SSD/opensource/s2i-druid/druid/bin/../lib/commons-collections4-4.1.jar:/Volumes/SSD/opensource/s2i-druid/druid/bin/../lib/commons-compiler-2.7.6.jar:/Volumes/SSD/opensource/s2i-druid/druid/bin/../lib/commons-compress-1.16.jar:/Volumes/SSD/opensource/s2i-druid/druid/bin/../lib/commons-dbcp2-2.0.1.jar:/Volumes/SSD/opensource/s2i-druid/druid/bin/../lib/commons-io-2.5.jar:/Volumes/SSD/opensource/s2i-druid/druid/bin/../lib/commons-lang-2.6.jar:/Volumes/SSD/opensource/s2i-druid/druid/bin/../lib/commons-lang3-3.7.jar:/Volumes/SSD/opensource/s2i-druid/druid/bin/../lib/commons-logging-1.1.1.jar:/Volumes/SSD/opensource/s2i-druid/druid/bin/../lib/commons-math3-3.6.1.jar:/Volumes/SSD/opensource/s2i-druid/druid/bin/../lib/commons-pool-1.6.jar:/Volumes/SSD/opensource/s2i-druid/druid/bin/../lib/commons-pool2-2.2.jar:/Volumes/SSD/opensource/s2i-druid/druid/bin/../lib/commons-text-1.3.jar:/Volumes/SSD/opensource/s2i-druid/druid/bin/../lib/compress-lzf-1.0.4.jar:/Volumes/SSD/opensource/s2i-druid/druid/bin/../lib/config-magic-0.9.jar:/Volumes/SSD/opensource/s2i-druid/druid/bin/../lib/curator-client-4.1.0.jar:/Volumes/SSD/opensource/s2i-druid/druid/bin/../lib/curator-framework-4.1.0.jar:/Volumes/SSD/opensource/s2i-druid/druid/bin/../lib/curator-recipes-4.1.0.jar:/Volumes/SSD/opensource/s2i-druid/druid/bin/../lib/curator-x-discovery-4.1.0.jar:/Volumes/SSD/opensource/s2i-druid/druid/bin/../lib/derby-10.11.1.1.jar:/Volumes/SSD/opensource/s2i-druid/druid/bin/../lib/derbyclient-10.11.1.1.jar:/Volumes/SSD/opensource/s2i-druid/druid/bin/../lib/derbynet-10.11.1.1.jar:/Volumes/SSD/opensource/s2i-druid/druid/bin/../lib/disruptor-3.3.6.jar:/Volumes/SSD/opensource/s2i-druid/druid/bin/../lib/druid-aws-common-0.15.1-incubating.jar:/Volumes/SSD/opensource/s2i-druid/druid/bin/../lib/druid-console-0.15.1-incubating.jar:/Volumes/SSD/opensource/s2i-druid/druid/bin/../lib/druid-core-0.15.1-incubating.jar:/Volumes/SSD/opensource/s2i-druid/druid/bin/../lib/druid-gcp-common-0.15.1-incubating.jar:/Volumes/SSD/opensource/s2i-druid/druid/bin/../lib/druid-hll-0.15.1-incubating.jar:/Volumes/SSD/opensource/s2i-druid/druid/bin/../lib/druid-indexing-hadoop-0.15.1-incubating.jar:/Volumes/SSD/opensource/s2i-druid/druid/bin/../lib/druid-indexing-service-0.15.1-incubating.jar:/Volumes/SSD/opensource/s2i-druid/druid/bin/../lib/druid-processing-0.15.1-incubating.jar:/Volumes/SSD/opensource/s2i-druid/druid/bin/../lib/druid-server-0.15.1-incubating.jar:/Volumes/SSD/opensource/s2i-druid/druid/bin/../lib/druid-services-0.15.1-incubating.jar:/Volumes/SSD/opensource/s2i-druid/druid/bin/../lib/druid-sql-0.15.1-incubating.jar:/Volumes/SSD/opensource/s2i-druid/druid/bin/../lib/error_prone_annotations-2.3.2.jar:/Volumes/SSD/opensource/s2i-druid/druid/bin/../lib/esri-geometry-api-2.0.0.jar:/Volumes/SSD/opensource/s2i-druid/druid/bin/../lib/extendedset-0.15.1-incubating.jar:/Volumes/SSD/opensource/s2i-druid/druid/bin/../lib/fastutil-8.1.0.jar:/Volumes/SSD/opensource/s2i-druid/druid/bin/../lib/google-api-client-1.22.0.jar:/Volumes/SSD/opensource/s2i-druid/druid/bin/../lib/google-http-client-1.22.0.jar:/Volumes/SSD/opensource/s2i-druid/druid/bin/../lib/google-http-client-jackson2-1.22.0.jar:/Volumes/SSD/opensource/s2i-druid/druid/bin/../lib/google-oauth-client-1.22.0.jar:/Volumes/SSD/opensource/s2i-druid/druid/bin/../lib/guava-16.0.1.jar:/Volumes/SSD/opensource/s2i-druid/druid/bin/../lib/guice-4.1.0.jar:/Volumes/SSD/opensource/s2i-druid/druid/bin/../lib/guice-multibindings-4.1.0.jar:/Volumes/SSD/opensource/s2i-druid/druid/bin/../lib/guice-servlet-4.1.0.jar:/Volumes/SSD/opensource/s2i-druid/druid/bin/../lib/hibernate-validator-5.1.3.Final.jar:/Volumes/SSD/opensource/s2i-druid/druid/bin/../lib/httpclient-4.5.3.jar:/Volumes/SSD/opensource/s2i-druid/druid/bin/../lib/httpcore-4.4.4.jar:/Volumes/SSD/opensource/s2i-druid/druid/bin/../lib/icu4j-54.1.1.jar:/Volumes/SSD/opensource/s2i-druid/druid/bin/../lib/ion-java-1.0.2.jar:/Volumes/SSD/opensource/s2i-druid/druid/bin/../lib/jackson-annotations-2.6.7.jar:/Volumes/SSD/opensource/s2i-druid/druid/bin/../lib/jackson-core-2.6.7.jar:/Volumes/SSD/opensource/s2i-druid/druid/bin/../lib/jackson-core-asl-1.9.13.jar:/Volumes/SSD/opensource/s2i-druid/druid/bin/../lib/jackson-databind-2.6.7.jar:/Volumes/SSD/opensource/s2i-druid/druid/bin/../lib/jackson-dataformat-cbor-2.6.7.jar:/Volumes/SSD/opensource/s2i-druid/druid/bin/../lib/jackson-dataformat-smile-2.6.7.jar:/Volumes/SSD/opensource/s2i-druid/druid/bin/../lib/jackson-datatype-guava-2.6.7.jar:/Volumes/SSD/opensource/s2i-druid/druid/bin/../lib/jackson-datatype-joda-2.6.7.jar:/Volumes/SSD/opensource/s2i-druid/druid/bin/../lib/jackson-jaxrs-base-2.6.7.jar:/Volumes/SSD/opensource/s2i-druid/druid/bin/../lib/jackson-jaxrs-json-provider-2.6.7.jar:/Volumes/SSD/opensource/s2i-druid/druid/bin/../lib/jackson-jaxrs-smile-provider-2.6.7.jar:/Volumes/SSD/opensource/s2i-druid/druid/bin/../lib/jackson-jq-0.0.7.jar:/Volumes/SSD/opensource/s2i-druid/druid/bin/../lib/jackson-mapper-asl-1.9.13.jar:/Volumes/SSD/opensource/s2i-druid/druid/bin/../lib/jackson-module-guice-2.6.7.jar:/Volumes/SSD/opensource/s2i-druid/druid/bin/../lib/jackson-module-jaxb-annotations-2.6.7.jar:/Volumes/SSD/opensource/s2i-druid/druid/bin/../lib/janino-2.7.6.jar:/Volumes/SSD/opensource/s2i-druid/druid/bin/../lib/javax.activation-1.2.0.jar:/Volumes/SSD/opensource/s2i-druid/druid/bin/../lib/javax.el-3.0.0.jar:/Volumes/SSD/opensource/s2i-druid/druid/bin/../lib/javax.el-api-3.0.0.jar:/Volumes/SSD/opensource/s2i-druid/druid/bin/../lib/javax.inject-1.jar:/Volumes/SSD/opensource/s2i-druid/druid/bin/../lib/javax.servlet-api-3.1.0.jar:/Volumes/SSD/opensource/s2i-druid/druid/bin/../lib/jaxb-api-2.3.0.jar:/Volumes/SSD/opensource/s2i-druid/druid/bin/../lib/jboss-logging-3.1.3.GA.jar:/Volumes/SSD/opensource/s2i-druid/druid/bin/../lib/jcl-over-slf4j-1.7.12.jar:/Volumes/SSD/opensource/s2i-druid/druid/bin/../lib/jcodings-1.0.13.jar:/Volumes/SSD/opensource/s2i-druid/druid/bin/../lib/jdbi-2.63.1.jar:/Volumes/SSD/opensource/s2i-druid/druid/bin/../lib/jersey-core-1.19.3.jar:/Volumes/SSD/opensource/s2i-druid/druid/bin/../lib/jersey-guice-1.19.3.jar:/Volumes/SSD/opensource/s2i-druid/druid/bin/../lib/jersey-server-1.19.3.jar:/Volumes/SSD/opensource/s2i-druid/druid/bin/../lib/jersey-servlet-1.19.3.jar:/Volumes/SSD/opensource/s2i-druid/druid/bin/../lib/jetty-client-9.4.10.v20180503.jar:/Volumes/SSD/opensource/s2i-druid/druid/bin/../lib/jetty-continuation-9.4.10.v20180503.jar:/Volumes/SSD/opensource/s2i-druid/druid/bin/../lib/jetty-http-9.4.10.v20180503.jar:/Volumes/SSD/opensource/s2i-druid/druid/bin/../lib/jetty-io-9.4.10.v20180503.jar:/Volumes/SSD/opensource/s2i-druid/druid/bin/../lib/jetty-proxy-9.4.10.v20180503.jar:/Volumes/SSD/opensource/s2i-druid/druid/bin/../lib/jetty-security-9.4.10.v20180503.jar:/Volumes/SSD/opensource/s2i-druid/druid/bin/../lib/jetty-server-9.4.10.v20180503.jar:/Volumes/SSD/opensource/s2i-druid/druid/bin/../lib/jetty-servlet-9.4.10.v20180503.jar:/Volumes/SSD/opensource/s2i-druid/druid/bin/../lib/jetty-servlets-9.4.10.v20180503.jar:/Volumes/SSD/opensource/s2i-druid/druid/bin/../lib/jetty-util-9.4.10.v20180503.jar:/Volumes/SSD/opensource/s2i-druid/druid/bin/../lib/jline-0.9.94.jar:/Volumes/SSD/opensource/s2i-druid/druid/bin/../lib/jmespath-java-1.11.199.jar:/Volumes/SSD/opensource/s2i-druid/druid/bin/../lib/jna-4.5.1.jar:/Volumes/SSD/opensource/s2i-druid/druid/bin/../lib/joda-time-2.9.9.jar:/Volumes/SSD/opensource/s2i-druid/druid/bin/../lib/joni-2.1.11.jar:/Volumes/SSD/opensource/s2i-druid/druid/bin/../lib/json-path-2.3.0.jar:/Volumes/SSD/opensource/s2i-druid/druid/bin/../lib/json-smart-2.3.jar:/Volumes/SSD/opensource/s2i-druid/druid/bin/../lib/jsr305-2.0.1.jar:/Volumes/SSD/opensource/s2i-druid/druid/bin/../lib/jsr311-api-1.1.1.jar:/Volumes/SSD/opensource/s2i-druid/druid/bin/../lib/jvm-attach-api-1.5.jar:/Volumes/SSD/opensource/s2i-druid/druid/bin/../lib/log4j-1.2-api-2.5.jar:/Volumes/SSD/opensource/s2i-druid/druid/bin/../lib/log4j-api-2.5.jar:/Volumes/SSD/opensource/s2i-druid/druid/bin/../lib/log4j-core-2.5.jar:/Volumes/SSD/opensource/s2i-druid/druid/bin/../lib/log4j-jul-2.5.jar:/Volumes/SSD/opensource/s2i-druid/druid/bin/../lib/log4j-slf4j-impl-2.5.jar:/Volumes/SSD/opensource/s2i-druid/druid/bin/../lib/lz4-java-1.5.0.jar:/Volumes/SSD/opensource/s2i-druid/druid/bin/../lib/mapdb-1.0.8.jar:/Volumes/SSD/opensource/s2i-druid/druid/bin/../lib/maven-aether-provider-3.1.1.jar:/Volumes/SSD/opensource/s2i-druid/druid/bin/../lib/maven-artifact-3.6.0.jar:/Volumes/SSD/opensource/s2i-druid/druid/bin/../lib/maven-model-3.1.1.jar:/Volumes/SSD/opensource/s2i-druid/druid/bin/../lib/maven-model-builder-3.1.1.jar:/Volumes/SSD/opensource/s2i-druid/druid/bin/../lib/maven-repository-metadata-3.1.1.jar:/Volumes/SSD/opensource/s2i-druid/druid/bin/../lib/maven-settings-3.1.1.jar:/Volumes/SSD/opensource/s2i-druid/druid/bin/../lib/maven-settings-builder-3.1.1.jar:/Volumes/SSD/opensource/s2i-druid/druid/bin/../lib/metrics-core-4.0.0.jar:/Volumes/SSD/opensource/s2i-druid/druid/bin/../lib/netty-3.10.6.Final.jar:/Volumes/SSD/opensource/s2i-druid/druid/bin/../lib/netty-all-4.1.30.Final.jar:/Volumes/SSD/opensource/s2i-druid/druid/bin/../lib/netty-buffer-4.1.29.Final.jar:/Volumes/SSD/opensource/s2i-druid/druid/bin/../lib/netty-codec-4.1.29.Final.jar:/Volumes/SSD/opensource/s2i-druid/druid/bin/../lib/netty-codec-dns-4.1.29.Final.jar:/Volumes/SSD/opensource/s2i-druid/druid/bin/../lib/netty-codec-http-4.1.29.Final.jar:/Volumes/SSD/opensource/s2i-druid/druid/bin/../lib/netty-codec-socks-4.1.29.Final.jar:/Volumes/SSD/opensource/s2i-druid/druid/bin/../lib/netty-common-4.1.29.Final.jar:/Volumes/SSD/opensource/s2i-druid/druid/bin/../lib/netty-handler-4.1.29.Final.jar:/Volumes/SSD/opensource/s2i-druid/druid/bin/../lib/netty-handler-proxy-4.1.29.Final.jar:/Volumes/SSD/opensource/s2i-druid/druid/bin/../lib/netty-reactive-streams-2.0.0.jar:/Volumes/SSD/opensource/s2i-druid/druid/bin/../lib/netty-resolver-4.1.29.Final.jar:/Volumes/SSD/opensource/s2i-druid/druid/bin/../lib/netty-resolver-dns-4.1.29.Final.jar:/Volumes/SSD/opensource/s2i-druid/druid/bin/../lib/netty-transport-4.1.29.Final.jar:/Volumes/SSD/opensource/s2i-druid/druid/bin/../lib/netty-transport-native-epoll-4.1.29.Final-linux-x86_64.jar:/Volumes/SSD/opensource/s2i-druid/druid/bin/../lib/netty-transport-native-unix-common-4.1.29.Final.jar:/Volumes/SSD/opensource/s2i-druid/druid/bin/../lib/objenesis-2.6.jar:/Volumes/SSD/opensource/s2i-druid/druid/bin/../lib/okhttp-1.0.2.jar:/Volumes/SSD/opensource/s2i-druid/druid/bin/../lib/opencsv-4.2.jar:/Volumes/SSD/opensource/s2i-druid/druid/bin/../lib/plexus-interpolation-1.19.jar:/Volumes/SSD/opensource/s2i-druid/druid/bin/../lib/plexus-utils-3.0.15.jar:/Volumes/SSD/opensource/s2i-druid/druid/bin/../lib/protobuf-java-3.1.0.jar:/Volumes/SSD/opensource/s2i-druid/druid/bin/../lib/reactive-streams-1.0.2.jar:/Volumes/SSD/opensource/s2i-druid/druid/bin/../lib/rhino-1.7R5.jar:/Volumes/SSD/opensource/s2i-druid/druid/bin/../lib/RoaringBitmap-0.8.0.jar:/Volumes/SSD/opensource/s2i-druid/druid/bin/../lib/shims-0.8.0.jar:/Volumes/SSD/opensource/s2i-druid/druid/bin/../lib/sigar-1.6.5.132.jar:/Volumes/SSD/opensource/s2i-druid/druid/bin/../lib/slf4j-api-1.7.25.jar:/Volumes/SSD/opensource/s2i-druid/druid/bin/../lib/spymemcached-2.12.3.jar:/Volumes/SSD/opensource/s2i-druid/druid/bin/../lib/tesla-aether-0.0.5.jar:/Volumes/SSD/opensource/s2i-druid/druid/bin/../lib/validation-api-1.1.0.Final.jar:/Volumes/SSD/opensource/s2i-druid/druid/bin/../lib/wagon-provider-api-2.4.jar:/Volumes/SSD/opensource/s2i-druid/druid/bin/../lib/xz-1.8.jar:/Volumes/SSD/opensource/s2i-druid/druid/bin/../lib/zookeeper-3.4.11.jar:/Volumes/SSD/opensource/s2i-druid/druid/bin/../lib/zstd-jni-1.3.3-1.jar
2019-08-25T18:33:50,294 INFO [main] org.apache.druid.cli.CliMiddleManager - * java.class.version: 52.0
2019-08-25T18:33:50,294 INFO [main] org.apache.druid.cli.CliMiddleManager - * java.endorsed.dirs: /Library/Java/JavaVirtualMachines/amazon-corretto-8.jdk/Contents/Home/jre/lib/endorsed
2019-08-25T18:33:50,294 INFO [main] org.apache.druid.cli.CliMiddleManager - * java.ext.dirs: /Users/irfius/Library/Java/Extensions:/Library/Java/JavaVirtualMachines/amazon-corretto-8.jdk/Contents/Home/jre/lib/ext:/Library/Java/Extensions:/Network/Library/Java/Extensions:/System/Library/Java/Extensions:/usr/lib/java
2019-08-25T18:33:50,295 INFO [main] org.apache.druid.cli.CliMiddleManager - * java.home: /Library/Java/JavaVirtualMachines/amazon-corretto-8.jdk/Contents/Home/jre
2019-08-25T18:33:50,295 INFO [main] org.apache.druid.cli.CliMiddleManager - * java.io.tmpdir: var/tmp
2019-08-25T18:33:50,295 INFO [main] org.apache.druid.cli.CliMiddleManager - * java.library.path: /Users/irfius/Library/Java/Extensions:/Library/Java/Extensions:/Network/Library/Java/Extensions:/System/Library/Java/Extensions:/usr/lib/java:.
2019-08-25T18:33:50,295 INFO [main] org.apache.druid.cli.CliMiddleManager - * java.runtime.name: OpenJDK Runtime Environment
2019-08-25T18:33:50,295 INFO [main] org.apache.druid.cli.CliMiddleManager - * java.runtime.version: 1.8.0_222-b10
2019-08-25T18:33:50,295 INFO [main] org.apache.druid.cli.CliMiddleManager - * java.specification.name: Java Platform API Specification
2019-08-25T18:33:50,295 INFO [main] org.apache.druid.cli.CliMiddleManager - * java.specification.vendor: Oracle Corporation
2019-08-25T18:33:50,295 INFO [main] org.apache.druid.cli.CliMiddleManager - * java.specification.version: 1.8
2019-08-25T18:33:50,295 INFO [main] org.apache.druid.cli.CliMiddleManager - * java.util.logging.manager: org.apache.logging.log4j.jul.LogManager
2019-08-25T18:33:50,295 INFO [main] org.apache.druid.cli.CliMiddleManager - * java.vendor: Amazon.com Inc.
2019-08-25T18:33:50,295 INFO [main] org.apache.druid.cli.CliMiddleManager - * java.vendor.url: https://aws.amazon.com/corretto/
2019-08-25T18:33:50,295 INFO [main] org.apache.druid.cli.CliMiddleManager - * java.vendor.url.bug: https://github.com/corretto/corretto-8/issues/
2019-08-25T18:33:50,295 INFO [main] org.apache.druid.cli.CliMiddleManager - * java.version: 1.8.0_222
2019-08-25T18:33:50,295 INFO [main] org.apache.druid.cli.CliMiddleManager - * java.vm.info: mixed mode
2019-08-25T18:33:50,296 INFO [main] org.apache.druid.cli.CliMiddleManager - * java.vm.name: OpenJDK 64-Bit Server VM
2019-08-25T18:33:50,296 INFO [main] org.apache.druid.cli.CliMiddleManager - * java.vm.specification.name: Java Virtual Machine Specification
2019-08-25T18:33:50,296 INFO [main] org.apache.druid.cli.CliMiddleManager - * java.vm.specification.vendor: Oracle Corporation
2019-08-25T18:33:50,296 INFO [main] org.apache.druid.cli.CliMiddleManager - * java.vm.specification.version: 1.8
2019-08-25T18:33:50,296 INFO [main] org.apache.druid.cli.CliMiddleManager - * java.vm.vendor: Amazon.com Inc.
2019-08-25T18:33:50,296 INFO [main] org.apache.druid.cli.CliMiddleManager - * java.vm.version: 25.222-b10
2019-08-25T18:33:50,296 INFO [main] org.apache.druid.cli.CliMiddleManager - * line.separator: 

2019-08-25T18:33:50,296 INFO [main] org.apache.druid.cli.CliMiddleManager - * log4j.shutdownCallbackRegistry: org.apache.druid.common.config.Log4jShutdown
2019-08-25T18:33:50,296 INFO [main] org.apache.druid.cli.CliMiddleManager - * log4j.shutdownHookEnabled: true
2019-08-25T18:33:50,296 INFO [main] org.apache.druid.cli.CliMiddleManager - * os.arch: x86_64
2019-08-25T18:33:50,296 INFO [main] org.apache.druid.cli.CliMiddleManager - * os.name: Mac OS X
2019-08-25T18:33:50,296 INFO [main] org.apache.druid.cli.CliMiddleManager - * os.version: 10.14.6
2019-08-25T18:33:50,296 INFO [main] org.apache.druid.cli.CliMiddleManager - * path.separator: :
2019-08-25T18:33:50,296 INFO [main] org.apache.druid.cli.CliMiddleManager - * socksNonProxyHosts: local|*.local|169.254/16|*.169.254/16
2019-08-25T18:33:50,296 INFO [main] org.apache.druid.cli.CliMiddleManager - * sun.arch.data.model: 64
2019-08-25T18:33:50,296 INFO [main] org.apache.druid.cli.CliMiddleManager - * sun.boot.class.path: /Library/Java/JavaVirtualMachines/amazon-corretto-8.jdk/Contents/Home/jre/lib/resources.jar:/Library/Java/JavaVirtualMachines/amazon-corretto-8.jdk/Contents/Home/jre/lib/rt.jar:/Library/Java/JavaVirtualMachines/amazon-corretto-8.jdk/Contents/Home/jre/lib/sunrsasign.jar:/Library/Java/JavaVirtualMachines/amazon-corretto-8.jdk/Contents/Home/jre/lib/jsse.jar:/Library/Java/JavaVirtualMachines/amazon-corretto-8.jdk/Contents/Home/jre/lib/jce.jar:/Library/Java/JavaVirtualMachines/amazon-corretto-8.jdk/Contents/Home/jre/lib/charsets.jar:/Library/Java/JavaVirtualMachines/amazon-corretto-8.jdk/Contents/Home/jre/lib/jfr.jar:/Library/Java/JavaVirtualMachines/amazon-corretto-8.jdk/Contents/Home/jre/classes
2019-08-25T18:33:50,296 INFO [main] org.apache.druid.cli.CliMiddleManager - * sun.boot.library.path: /Library/Java/JavaVirtualMachines/amazon-corretto-8.jdk/Contents/Home/jre/lib
2019-08-25T18:33:50,296 INFO [main] org.apache.druid.cli.CliMiddleManager - * sun.cpu.endian: little
2019-08-25T18:33:50,296 INFO [main] org.apache.druid.cli.CliMiddleManager - * sun.cpu.isalist: 
2019-08-25T18:33:50,296 INFO [main] org.apache.druid.cli.CliMiddleManager - * sun.io.unicode.encoding: UnicodeBig
2019-08-25T18:33:50,296 INFO [main] org.apache.druid.cli.CliMiddleManager - * sun.java.command: org.apache.druid.cli.Main server middleManager
2019-08-25T18:33:50,296 INFO [main] org.apache.druid.cli.CliMiddleManager - * sun.java.launcher: SUN_STANDARD
2019-08-25T18:33:50,296 INFO [main] org.apache.druid.cli.CliMiddleManager - * sun.jnu.encoding: UTF-8
2019-08-25T18:33:50,296 INFO [main] org.apache.druid.cli.CliMiddleManager - * sun.management.compiler: HotSpot 64-Bit Tiered Compilers
2019-08-25T18:33:50,296 INFO [main] org.apache.druid.cli.CliMiddleManager - * sun.os.patch.level: unknown
2019-08-25T18:33:50,297 INFO [main] org.apache.druid.cli.CliMiddleManager - * user.country: US
2019-08-25T18:33:50,297 INFO [main] org.apache.druid.cli.CliMiddleManager - * user.dir: /Volumes/SSD/opensource/s2i-druid/druid
2019-08-25T18:33:50,297 INFO [main] org.apache.druid.cli.CliMiddleManager - * user.home: /Users/irfius
2019-08-25T18:33:50,297 INFO [main] org.apache.druid.cli.CliMiddleManager - * user.language: en
2019-08-25T18:33:50,297 INFO [main] org.apache.druid.cli.CliMiddleManager - * user.name: irfius
2019-08-25T18:33:50,297 INFO [main] org.apache.druid.cli.CliMiddleManager - * user.timezone: UTC
2019-08-25T18:33:50,328 INFO [main] org.apache.druid.guice.JsonConfigurator - Loaded class[class org.apache.druid.storage.hdfs.HdfsKerberosConfig] from props[druid.hadoop.security.kerberos.] as [org.apache.druid.storage.hdfs.HdfsKerberosConfig@0]
2019-08-25T18:33:50,335 INFO [main] org.apache.druid.guice.JsonConfigurator - Loaded class[class org.apache.druid.indexing.overlord.config.ForkingTaskRunnerConfig] from props[druid.indexer.runner.] as [org.apache.druid.indexing.overlord.config.ForkingTaskRunnerConfig@53311681]
2019-08-25T18:33:50,339 INFO [main] org.apache.druid.guice.JsonConfigurator - Loaded class[class org.apache.druid.indexing.common.config.TaskConfig] from props[druid.indexer.task.] as [org.apache.druid.indexing.common.config.TaskConfig@b1534d3]
2019-08-25T18:33:50,343 INFO [main] org.apache.druid.guice.JsonConfigurator - Loaded class[class org.apache.druid.indexing.worker.config.WorkerConfig] from props[druid.worker.] as [org.apache.druid.indexing.worker.config.WorkerConfig@5f254608]
2019-08-25T18:33:50,346 INFO [main] org.apache.druid.guice.JsonConfigurator - Loaded class[class org.apache.druid.indexing.common.config.FileTaskLogsConfig] from props[druid.indexer.logs.] as [org.apache.druid.indexing.common.config.FileTaskLogsConfig@56cfe111]
2019-08-25T18:33:50,352 INFO [main] org.apache.druid.guice.JsonConfigurator - Loaded class[class org.apache.druid.server.initialization.IndexerZkConfig] from props[druid.zk.paths.indexer.] as [org.apache.druid.server.initialization.IndexerZkConfig@ff5f27ed]
2019-08-25T18:33:50,359 INFO [main] org.apache.druid.guice.JsonConfigurator - Loaded class[class org.apache.druid.indexing.overlord.config.RemoteTaskRunnerConfig] from props[druid.indexer.runner.] as [RemoteTaskRunnerConfig{taskAssignmentTimeout=PT5M, taskCleanupTimeout=PT15M, minWorkerVersion='0', maxZnodeBytes=524288, taskShutdownLinkTimeout=PT1M, pendingTasksRunnerNumThreads=1, maxRetriesBeforeBlacklist=5, taskBlackListBackoffTimeMillis=PT15M, taskBlackListCleanupPeriod=PT5M, maxPercentageBlacklistWorkers= 20}]
2019-08-25T18:33:50,448 INFO [main] org.apache.druid.guice.JsonConfigurator - Loaded class[class org.apache.druid.guice.http.DruidHttpClientConfig] from props[druid.global.http.] as [org.apache.druid.guice.http.DruidHttpClientConfig@44065156]
2019-08-25T18:33:50,596 INFO [main] org.apache.druid.guice.JsonConfigurator - Loaded class[class org.apache.druid.client.indexing.IndexingServiceSelectorConfig] from props[druid.selectors.indexing.] as [org.apache.druid.client.indexing.IndexingServiceSelectorConfig@2f0bfe17]
2019-08-25T18:33:50,689 INFO [main] org.apache.druid.guice.JsonConfigurator - Loaded class[class org.apache.druid.server.initialization.ServerConfig] from props[druid.server.http.] as [ServerConfig{numThreads=12, queueSize=2147483647, enableRequestLimit=false, maxIdleTime=PT5M, defaultQueryTimeout=300000, maxScatterGatherBytes=9223372036854775807, maxQueryTimeout=9223372036854775807, maxRequestHeaderSize=8192, gracefulShutdownTimeout=PT0S, unannouncePropagationDelay=PT0S, inflateBufferSize=4096, compressionLevel=-1}]
2019-08-25T18:33:50,693 INFO [main] org.apache.druid.guice.JsonConfigurator - Loaded class[class org.apache.druid.server.initialization.TLSServerConfig] from props[druid.server.https.] as [TLSServerConfig{keyStorePath='null', keyStoreType='null', certAlias='null', keyManagerFactoryAlgorithm='null', includeCipherSuites=null, excludeCipherSuites=null, includeProtocols=null, excludeProtocols=null, requireClientCertificate=false, requestClientCertificate=false, trustStoreType='null', trustStorePath='null', trustStoreAlgorithm='null', validateHostnames='true', crlPath='null'}]
2019-08-25T18:33:50,702 INFO [main] org.eclipse.jetty.util.log - Logging initialized @8972ms to org.eclipse.jetty.util.log.Slf4jLog
2019-08-25T18:33:50,758 INFO [main] org.apache.druid.server.initialization.jetty.JettyServerModule - Creating http connector with port [8091]
2019-08-25T18:33:51,149 INFO [main] org.apache.druid.java.util.common.lifecycle.Lifecycle - Starting lifecycle [module] stage [INIT]
2019-08-25T18:33:51,150 INFO [main] org.apache.druid.java.util.common.lifecycle.Lifecycle$AnnotationBasedHandler - Invoking start method[public void org.apache.druid.initialization.Log4jShutterDownerModule$Log4jShutterDowner.start()] on object[org.apache.druid.initialization.Log4jShutterDownerModule$Log4jShutterDowner@3458eca5].
2019-08-25T18:33:51,150 INFO [main] org.apache.druid.java.util.common.lifecycle.Lifecycle - Starting lifecycle [module] stage [NORMAL]
2019-08-25T18:33:51,150 INFO [main] org.apache.druid.curator.CuratorModule - Starting Curator
2019-08-25T18:33:51,150 INFO [main] org.apache.curator.framework.imps.CuratorFrameworkImpl - Starting
2019-08-25T18:33:51,181 INFO [main] org.apache.zookeeper.ZooKeeper - Client environment:zookeeper.version=3.4.11-37e277162d567b55a07d1755f0b31c32e93c01a0, built on 11/01/2017 18:06 GMT
2019-08-25T18:33:51,181 INFO [main] org.apache.zookeeper.ZooKeeper - Client environment:host.name=irfis-imac.home
2019-08-25T18:33:51,181 INFO [main] org.apache.zookeeper.ZooKeeper - Client environment:java.version=1.8.0_222
2019-08-25T18:33:51,181 INFO [main] org.apache.zookeeper.ZooKeeper - Client environment:java.vendor=Amazon.com Inc.
2019-08-25T18:33:51,181 INFO [main] org.apache.zookeeper.ZooKeeper - Client environment:java.home=/Library/Java/JavaVirtualMachines/amazon-corretto-8.jdk/Contents/Home/jre
2019-08-25T18:33:51,181 INFO [main] org.apache.zookeeper.ZooKeeper - Client environment:java.class.path=/Volumes/SSD/opensource/s2i-druid/druid/conf/druid/single-server/micro-quickstart/middleManager:/Volumes/SSD/opensource/s2i-druid/druid/conf/druid/single-server/micro-quickstart/_common:/Volumes/SSD/opensource/s2i-druid/druid/conf/druid/single-server/micro-quickstart/_common/hadoop-xml:/Volumes/SSD/opensource/s2i-druid/druid/conf/druid/single-server/micro-quickstart/../_common:/Volumes/SSD/opensource/s2i-druid/druid/conf/druid/single-server/micro-quickstart/../_common/hadoop-xml:/Volumes/SSD/opensource/s2i-druid/druid/bin/../lib/accessors-smart-1.2.jar:/Volumes/SSD/opensource/s2i-druid/druid/bin/../lib/aether-api-0.9.0.M2.jar:/Volumes/SSD/opensource/s2i-druid/druid/bin/../lib/aether-connector-file-0.9.0.M2.jar:/Volumes/SSD/opensource/s2i-druid/druid/bin/../lib/aether-connector-okhttp-0.0.9.jar:/Volumes/SSD/opensource/s2i-druid/druid/bin/../lib/aether-impl-0.9.0.M2.jar:/Volumes/SSD/opensource/s2i-druid/druid/bin/../lib/aether-spi-0.9.0.M2.jar:/Volumes/SSD/opensource/s2i-druid/druid/bin/../lib/aether-util-0.9.0.M2.jar:/Volumes/SSD/opensource/s2i-druid/druid/bin/../lib/aggdesigner-algorithm-6.0.jar:/Volumes/SSD/opensource/s2i-druid/druid/bin/../lib/airline-0.7.jar:/Volumes/SSD/opensource/s2i-druid/druid/bin/../lib/antlr4-runtime-4.5.1.jar:/Volumes/SSD/opensource/s2i-druid/druid/bin/../lib/aopalliance-1.0.jar:/Volumes/SSD/opensource/s2i-druid/druid/bin/../lib/asm-7.1.jar:/Volumes/SSD/opensource/s2i-druid/druid/bin/../lib/asm-analysis-7.1.jar:/Volumes/SSD/opensource/s2i-druid/druid/bin/../lib/asm-commons-7.1.jar:/Volumes/SSD/opensource/s2i-druid/druid/bin/../lib/asm-tree-7.1.jar:/Volumes/SSD/opensource/s2i-druid/druid/bin/../lib/async-http-client-2.5.3.jar:/Volumes/SSD/opensource/s2i-druid/druid/bin/../lib/async-http-client-netty-utils-2.5.3.jar:/Volumes/SSD/opensource/s2i-druid/druid/bin/../lib/audience-annotations-0.5.0.jar:/Volumes/SSD/opensource/s2i-druid/druid/bin/../lib/avatica-core-1.10.0.jar:/Volumes/SSD/opensource/s2i-druid/druid/bin/../lib/avatica-metrics-1.10.0.jar:/Volumes/SSD/opensource/s2i-druid/druid/bin/../lib/avatica-server-1.10.0.jar:/Volumes/SSD/opensource/s2i-druid/druid/bin/../lib/aws-java-sdk-core-1.11.199.jar:/Volumes/SSD/opensource/s2i-druid/druid/bin/../lib/aws-java-sdk-ec2-1.11.199.jar:/Volumes/SSD/opensource/s2i-druid/druid/bin/../lib/aws-java-sdk-kms-1.11.199.jar:/Volumes/SSD/opensource/s2i-druid/druid/bin/../lib/aws-java-sdk-s3-1.11.199.jar:/Volumes/SSD/opensource/s2i-druid/druid/bin/../lib/caffeine-2.5.5.jar:/Volumes/SSD/opensource/s2i-druid/druid/bin/../lib/calcite-core-1.17.0.jar:/Volumes/SSD/opensource/s2i-druid/druid/bin/../lib/calcite-linq4j-1.17.0.jar:/Volumes/SSD/opensource/s2i-druid/druid/bin/../lib/checker-qual-2.5.7.jar:/Volumes/SSD/opensource/s2i-druid/druid/bin/../lib/classmate-1.0.0.jar:/Volumes/SSD/opensource/s2i-druid/druid/bin/../lib/commons-beanutils-1.9.3.jar:/Volumes/SSD/opensource/s2i-druid/druid/bin/../lib/commons-cli-1.2.jar:/Volumes/SSD/opensource/s2i-druid/druid/bin/../lib/commons-codec-1.7.jar:/Volumes/SSD/opensource/s2i-druid/druid/bin/../lib/commons-collections-3.2.2.jar:/Volumes/SSD/opensource/s2i-druid/druid/bin/../lib/commons-collections4-4.1.jar:/Volumes/SSD/opensource/s2i-druid/druid/bin/../lib/commons-compiler-2.7.6.jar:/Volumes/SSD/opensource/s2i-druid/druid/bin/../lib/commons-compress-1.16.jar:/Volumes/SSD/opensource/s2i-druid/druid/bin/../lib/commons-dbcp2-2.0.1.jar:/Volumes/SSD/opensource/s2i-druid/druid/bin/../lib/commons-io-2.5.jar:/Volumes/SSD/opensource/s2i-druid/druid/bin/../lib/commons-lang-2.6.jar:/Volumes/SSD/opensource/s2i-druid/druid/bin/../lib/commons-lang3-3.7.jar:/Volumes/SSD/opensource/s2i-druid/druid/bin/../lib/commons-logging-1.1.1.jar:/Volumes/SSD/opensource/s2i-druid/druid/bin/../lib/commons-math3-3.6.1.jar:/Volumes/SSD/opensource/s2i-druid/druid/bin/../lib/commons-pool-1.6.jar:/Volumes/SSD/opensource/s2i-druid/druid/bin/../lib/commons-pool2-2.2.jar:/Volumes/SSD/opensource/s2i-druid/druid/bin/../lib/commons-text-1.3.jar:/Volumes/SSD/opensource/s2i-druid/druid/bin/../lib/compress-lzf-1.0.4.jar:/Volumes/SSD/opensource/s2i-druid/druid/bin/../lib/config-magic-0.9.jar:/Volumes/SSD/opensource/s2i-druid/druid/bin/../lib/curator-client-4.1.0.jar:/Volumes/SSD/opensource/s2i-druid/druid/bin/../lib/curator-framework-4.1.0.jar:/Volumes/SSD/opensource/s2i-druid/druid/bin/../lib/curator-recipes-4.1.0.jar:/Volumes/SSD/opensource/s2i-druid/druid/bin/../lib/curator-x-discovery-4.1.0.jar:/Volumes/SSD/opensource/s2i-druid/druid/bin/../lib/derby-10.11.1.1.jar:/Volumes/SSD/opensource/s2i-druid/druid/bin/../lib/derbyclient-10.11.1.1.jar:/Volumes/SSD/opensource/s2i-druid/druid/bin/../lib/derbynet-10.11.1.1.jar:/Volumes/SSD/opensource/s2i-druid/druid/bin/../lib/disruptor-3.3.6.jar:/Volumes/SSD/opensource/s2i-druid/druid/bin/../lib/druid-aws-common-0.15.1-incubating.jar:/Volumes/SSD/opensource/s2i-druid/druid/bin/../lib/druid-console-0.15.1-incubating.jar:/Volumes/SSD/opensource/s2i-druid/druid/bin/../lib/druid-core-0.15.1-incubating.jar:/Volumes/SSD/opensource/s2i-druid/druid/bin/../lib/druid-gcp-common-0.15.1-incubating.jar:/Volumes/SSD/opensource/s2i-druid/druid/bin/../lib/druid-hll-0.15.1-incubating.jar:/Volumes/SSD/opensource/s2i-druid/druid/bin/../lib/druid-indexing-hadoop-0.15.1-incubating.jar:/Volumes/SSD/opensource/s2i-druid/druid/bin/../lib/druid-indexing-service-0.15.1-incubating.jar:/Volumes/SSD/opensource/s2i-druid/druid/bin/../lib/druid-processing-0.15.1-incubating.jar:/Volumes/SSD/opensource/s2i-druid/druid/bin/../lib/druid-server-0.15.1-incubating.jar:/Volumes/SSD/opensource/s2i-druid/druid/bin/../lib/druid-services-0.15.1-incubating.jar:/Volumes/SSD/opensource/s2i-druid/druid/bin/../lib/druid-sql-0.15.1-incubating.jar:/Volumes/SSD/opensource/s2i-druid/druid/bin/../lib/error_prone_annotations-2.3.2.jar:/Volumes/SSD/opensource/s2i-druid/druid/bin/../lib/esri-geometry-api-2.0.0.jar:/Volumes/SSD/opensource/s2i-druid/druid/bin/../lib/extendedset-0.15.1-incubating.jar:/Volumes/SSD/opensource/s2i-druid/druid/bin/../lib/fastutil-8.1.0.jar:/Volumes/SSD/opensource/s2i-druid/druid/bin/../lib/google-api-client-1.22.0.jar:/Volumes/SSD/opensource/s2i-druid/druid/bin/../lib/google-http-client-1.22.0.jar:/Volumes/SSD/opensource/s2i-druid/druid/bin/../lib/google-http-client-jackson2-1.22.0.jar:/Volumes/SSD/opensource/s2i-druid/druid/bin/../lib/google-oauth-client-1.22.0.jar:/Volumes/SSD/opensource/s2i-druid/druid/bin/../lib/guava-16.0.1.jar:/Volumes/SSD/opensource/s2i-druid/druid/bin/../lib/guice-4.1.0.jar:/Volumes/SSD/opensource/s2i-druid/druid/bin/../lib/guice-multibindings-4.1.0.jar:/Volumes/SSD/opensource/s2i-druid/druid/bin/../lib/guice-servlet-4.1.0.jar:/Volumes/SSD/opensource/s2i-druid/druid/bin/../lib/hibernate-validator-5.1.3.Final.jar:/Volumes/SSD/opensource/s2i-druid/druid/bin/../lib/httpclient-4.5.3.jar:/Volumes/SSD/opensource/s2i-druid/druid/bin/../lib/httpcore-4.4.4.jar:/Volumes/SSD/opensource/s2i-druid/druid/bin/../lib/icu4j-54.1.1.jar:/Volumes/SSD/opensource/s2i-druid/druid/bin/../lib/ion-java-1.0.2.jar:/Volumes/SSD/opensource/s2i-druid/druid/bin/../lib/jackson-annotations-2.6.7.jar:/Volumes/SSD/opensource/s2i-druid/druid/bin/../lib/jackson-core-2.6.7.jar:/Volumes/SSD/opensource/s2i-druid/druid/bin/../lib/jackson-core-asl-1.9.13.jar:/Volumes/SSD/opensource/s2i-druid/druid/bin/../lib/jackson-databind-2.6.7.jar:/Volumes/SSD/opensource/s2i-druid/druid/bin/../lib/jackson-dataformat-cbor-2.6.7.jar:/Volumes/SSD/opensource/s2i-druid/druid/bin/../lib/jackson-dataformat-smile-2.6.7.jar:/Volumes/SSD/opensource/s2i-druid/druid/bin/../lib/jackson-datatype-guava-2.6.7.jar:/Volumes/SSD/opensource/s2i-druid/druid/bin/../lib/jackson-datatype-joda-2.6.7.jar:/Volumes/SSD/opensource/s2i-druid/druid/bin/../lib/jackson-jaxrs-base-2.6.7.jar:/Volumes/SSD/opensource/s2i-druid/druid/bin/../lib/jackson-jaxrs-json-provider-2.6.7.jar:/Volumes/SSD/opensource/s2i-druid/druid/bin/../lib/jackson-jaxrs-smile-provider-2.6.7.jar:/Volumes/SSD/opensource/s2i-druid/druid/bin/../lib/jackson-jq-0.0.7.jar:/Volumes/SSD/opensource/s2i-druid/druid/bin/../lib/jackson-mapper-asl-1.9.13.jar:/Volumes/SSD/opensource/s2i-druid/druid/bin/../lib/jackson-module-guice-2.6.7.jar:/Volumes/SSD/opensource/s2i-druid/druid/bin/../lib/jackson-module-jaxb-annotations-2.6.7.jar:/Volumes/SSD/opensource/s2i-druid/druid/bin/../lib/janino-2.7.6.jar:/Volumes/SSD/opensource/s2i-druid/druid/bin/../lib/javax.activation-1.2.0.jar:/Volumes/SSD/opensource/s2i-druid/druid/bin/../lib/javax.el-3.0.0.jar:/Volumes/SSD/opensource/s2i-druid/druid/bin/../lib/javax.el-api-3.0.0.jar:/Volumes/SSD/opensource/s2i-druid/druid/bin/../lib/javax.inject-1.jar:/Volumes/SSD/opensource/s2i-druid/druid/bin/../lib/javax.servlet-api-3.1.0.jar:/Volumes/SSD/opensource/s2i-druid/druid/bin/../lib/jaxb-api-2.3.0.jar:/Volumes/SSD/opensource/s2i-druid/druid/bin/../lib/jboss-logging-3.1.3.GA.jar:/Volumes/SSD/opensource/s2i-druid/druid/bin/../lib/jcl-over-slf4j-1.7.12.jar:/Volumes/SSD/opensource/s2i-druid/druid/bin/../lib/jcodings-1.0.13.jar:/Volumes/SSD/opensource/s2i-druid/druid/bin/../lib/jdbi-2.63.1.jar:/Volumes/SSD/opensource/s2i-druid/druid/bin/../lib/jersey-core-1.19.3.jar:/Volumes/SSD/opensource/s2i-druid/druid/bin/../lib/jersey-guice-1.19.3.jar:/Volumes/SSD/opensource/s2i-druid/druid/bin/../lib/jersey-server-1.19.3.jar:/Volumes/SSD/opensource/s2i-druid/druid/bin/../lib/jersey-servlet-1.19.3.jar:/Volumes/SSD/opensource/s2i-druid/druid/bin/../lib/jetty-client-9.4.10.v20180503.jar:/Volumes/SSD/opensource/s2i-druid/druid/bin/../lib/jetty-continuation-9.4.10.v20180503.jar:/Volumes/SSD/opensource/s2i-druid/druid/bin/../lib/jetty-http-9.4.10.v20180503.jar:/Volumes/SSD/opensource/s2i-druid/druid/bin/../lib/jetty-io-9.4.10.v20180503.jar:/Volumes/SSD/opensource/s2i-druid/druid/bin/../lib/jetty-proxy-9.4.10.v20180503.jar:/Volumes/SSD/opensource/s2i-druid/druid/bin/../lib/jetty-security-9.4.10.v20180503.jar:/Volumes/SSD/opensource/s2i-druid/druid/bin/../lib/jetty-server-9.4.10.v20180503.jar:/Volumes/SSD/opensource/s2i-druid/druid/bin/../lib/jetty-servlet-9.4.10.v20180503.jar:/Volumes/SSD/opensource/s2i-druid/druid/bin/../lib/jetty-servlets-9.4.10.v20180503.jar:/Volumes/SSD/opensource/s2i-druid/druid/bin/../lib/jetty-util-9.4.10.v20180503.jar:/Volumes/SSD/opensource/s2i-druid/druid/bin/../lib/jline-0.9.94.jar:/Volumes/SSD/opensource/s2i-druid/druid/bin/../lib/jmespath-java-1.11.199.jar:/Volumes/SSD/opensource/s2i-druid/druid/bin/../lib/jna-4.5.1.jar:/Volumes/SSD/opensource/s2i-druid/druid/bin/../lib/joda-time-2.9.9.jar:/Volumes/SSD/opensource/s2i-druid/druid/bin/../lib/joni-2.1.11.jar:/Volumes/SSD/opensource/s2i-druid/druid/bin/../lib/json-path-2.3.0.jar:/Volumes/SSD/opensource/s2i-druid/druid/bin/../lib/json-smart-2.3.jar:/Volumes/SSD/opensource/s2i-druid/druid/bin/../lib/jsr305-2.0.1.jar:/Volumes/SSD/opensource/s2i-druid/druid/bin/../lib/jsr311-api-1.1.1.jar:/Volumes/SSD/opensource/s2i-druid/druid/bin/../lib/jvm-attach-api-1.5.jar:/Volumes/SSD/opensource/s2i-druid/druid/bin/../lib/log4j-1.2-api-2.5.jar:/Volumes/SSD/opensource/s2i-druid/druid/bin/../lib/log4j-api-2.5.jar:/Volumes/SSD/opensource/s2i-druid/druid/bin/../lib/log4j-core-2.5.jar:/Volumes/SSD/opensource/s2i-druid/druid/bin/../lib/log4j-jul-2.5.jar:/Volumes/SSD/opensource/s2i-druid/druid/bin/../lib/log4j-slf4j-impl-2.5.jar:/Volumes/SSD/opensource/s2i-druid/druid/bin/../lib/lz4-java-1.5.0.jar:/Volumes/SSD/opensource/s2i-druid/druid/bin/../lib/mapdb-1.0.8.jar:/Volumes/SSD/opensource/s2i-druid/druid/bin/../lib/maven-aether-provider-3.1.1.jar:/Volumes/SSD/opensource/s2i-druid/druid/bin/../lib/maven-artifact-3.6.0.jar:/Volumes/SSD/opensource/s2i-druid/druid/bin/../lib/maven-model-3.1.1.jar:/Volumes/SSD/opensource/s2i-druid/druid/bin/../lib/maven-model-builder-3.1.1.jar:/Volumes/SSD/opensource/s2i-druid/druid/bin/../lib/maven-repository-metadata-3.1.1.jar:/Volumes/SSD/opensource/s2i-druid/druid/bin/../lib/maven-settings-3.1.1.jar:/Volumes/SSD/opensource/s2i-druid/druid/bin/../lib/maven-settings-builder-3.1.1.jar:/Volumes/SSD/opensource/s2i-druid/druid/bin/../lib/metrics-core-4.0.0.jar:/Volumes/SSD/opensource/s2i-druid/druid/bin/../lib/netty-3.10.6.Final.jar:/Volumes/SSD/opensource/s2i-druid/druid/bin/../lib/netty-all-4.1.30.Final.jar:/Volumes/SSD/opensource/s2i-druid/druid/bin/../lib/netty-buffer-4.1.29.Final.jar:/Volumes/SSD/opensource/s2i-druid/druid/bin/../lib/netty-codec-4.1.29.Final.jar:/Volumes/SSD/opensource/s2i-druid/druid/bin/../lib/netty-codec-dns-4.1.29.Final.jar:/Volumes/SSD/opensource/s2i-druid/druid/bin/../lib/netty-codec-http-4.1.29.Final.jar:/Volumes/SSD/opensource/s2i-druid/druid/bin/../lib/netty-codec-socks-4.1.29.Final.jar:/Volumes/SSD/opensource/s2i-druid/druid/bin/../lib/netty-common-4.1.29.Final.jar:/Volumes/SSD/opensource/s2i-druid/druid/bin/../lib/netty-handler-4.1.29.Final.jar:/Volumes/SSD/opensource/s2i-druid/druid/bin/../lib/netty-handler-proxy-4.1.29.Final.jar:/Volumes/SSD/opensource/s2i-druid/druid/bin/../lib/netty-reactive-streams-2.0.0.jar:/Volumes/SSD/opensource/s2i-druid/druid/bin/../lib/netty-resolver-4.1.29.Final.jar:/Volumes/SSD/opensource/s2i-druid/druid/bin/../lib/netty-resolver-dns-4.1.29.Final.jar:/Volumes/SSD/opensource/s2i-druid/druid/bin/../lib/netty-transport-4.1.29.Final.jar:/Volumes/SSD/opensource/s2i-druid/druid/bin/../lib/netty-transport-native-epoll-4.1.29.Final-linux-x86_64.jar:/Volumes/SSD/opensource/s2i-druid/druid/bin/../lib/netty-transport-native-unix-common-4.1.29.Final.jar:/Volumes/SSD/opensource/s2i-druid/druid/bin/../lib/objenesis-2.6.jar:/Volumes/SSD/opensource/s2i-druid/druid/bin/../lib/okhttp-1.0.2.jar:/Volumes/SSD/opensource/s2i-druid/druid/bin/../lib/opencsv-4.2.jar:/Volumes/SSD/opensource/s2i-druid/druid/bin/../lib/plexus-interpolation-1.19.jar:/Volumes/SSD/opensource/s2i-druid/druid/bin/../lib/plexus-utils-3.0.15.jar:/Volumes/SSD/opensource/s2i-druid/druid/bin/../lib/protobuf-java-3.1.0.jar:/Volumes/SSD/opensource/s2i-druid/druid/bin/../lib/reactive-streams-1.0.2.jar:/Volumes/SSD/opensource/s2i-druid/druid/bin/../lib/rhino-1.7R5.jar:/Volumes/SSD/opensource/s2i-druid/druid/bin/../lib/RoaringBitmap-0.8.0.jar:/Volumes/SSD/opensource/s2i-druid/druid/bin/../lib/shims-0.8.0.jar:/Volumes/SSD/opensource/s2i-druid/druid/bin/../lib/sigar-1.6.5.132.jar:/Volumes/SSD/opensource/s2i-druid/druid/bin/../lib/slf4j-api-1.7.25.jar:/Volumes/SSD/opensource/s2i-druid/druid/bin/../lib/spymemcached-2.12.3.jar:/Volumes/SSD/opensource/s2i-druid/druid/bin/../lib/tesla-aether-0.0.5.jar:/Volumes/SSD/opensource/s2i-druid/druid/bin/../lib/validation-api-1.1.0.Final.jar:/Volumes/SSD/opensource/s2i-druid/druid/bin/../lib/wagon-provider-api-2.4.jar:/Volumes/SSD/opensource/s2i-druid/druid/bin/../lib/xz-1.8.jar:/Volumes/SSD/opensource/s2i-druid/druid/bin/../lib/zookeeper-3.4.11.jar:/Volumes/SSD/opensource/s2i-druid/druid/bin/../lib/zstd-jni-1.3.3-1.jar
2019-08-25T18:33:51,181 INFO [main] org.apache.zookeeper.ZooKeeper - Client environment:java.library.path=/Users/irfius/Library/Java/Extensions:/Library/Java/Extensions:/Network/Library/Java/Extensions:/System/Library/Java/Extensions:/usr/lib/java:.
2019-08-25T18:33:51,181 INFO [main] org.apache.zookeeper.ZooKeeper - Client environment:java.io.tmpdir=var/tmp
2019-08-25T18:33:51,181 INFO [main] org.apache.zookeeper.ZooKeeper - Client environment:java.compiler=<NA>
2019-08-25T18:33:51,181 INFO [main] org.apache.zookeeper.ZooKeeper - Client environment:os.name=Mac OS X
2019-08-25T18:33:51,181 INFO [main] org.apache.zookeeper.ZooKeeper - Client environment:os.arch=x86_64
2019-08-25T18:33:51,181 INFO [main] org.apache.zookeeper.ZooKeeper - Client environment:os.version=10.14.6
2019-08-25T18:33:51,181 INFO [main] org.apache.zookeeper.ZooKeeper - Client environment:user.name=irfius
2019-08-25T18:33:51,181 INFO [main] org.apache.zookeeper.ZooKeeper - Client environment:user.home=/Users/irfius
2019-08-25T18:33:51,181 INFO [main] org.apache.zookeeper.ZooKeeper - Client environment:user.dir=/Volumes/SSD/opensource/s2i-druid/druid
2019-08-25T18:33:51,182 INFO [main] org.apache.zookeeper.ZooKeeper - Initiating client connection, connectString=localhost sessionTimeout=30000 watcher=org.apache.curator.ConnectionState@188598ad
2019-08-25T18:33:51,248 INFO [main-SendThread(localhost:2181)] org.apache.zookeeper.ClientCnxn - Opening socket connection to server localhost/127.0.0.1:2181. Will not attempt to authenticate using SASL (unknown error)
2019-08-25T18:33:51,254 INFO [main] org.apache.curator.framework.imps.CuratorFrameworkImpl - Default schema
2019-08-25T18:33:51,255 INFO [main] org.apache.druid.java.util.common.lifecycle.Lifecycle$AnnotationBasedHandler - Invoking start method[public void org.apache.druid.java.util.emitter.service.ServiceEmitter.start()] on object[ServiceEmitter{serviceDimensions={service=druid/middleManager, host=localhost:8091, version=0.15.1-incubating}, emitter=org.apache.druid.java.util.emitter.core.NoopEmitter@5634d0f4}].
2019-08-25T18:33:51,255 INFO [main] org.apache.druid.java.util.common.lifecycle.Lifecycle$AnnotationBasedHandler - Invoking start method[public void org.apache.druid.java.util.metrics.MonitorScheduler.start()] on object[org.apache.druid.java.util.metrics.MonitorScheduler@2d760326].
2019-08-25T18:33:51,265 INFO [main-SendThread(localhost:2181)] org.apache.zookeeper.ClientCnxn - Socket connection established to localhost/127.0.0.1:2181, initiating session
2019-08-25T18:33:51,329 INFO [main] org.apache.druid.java.util.common.lifecycle.Lifecycle$AnnotationBasedHandler - Invoking start method[public void org.apache.druid.storage.hdfs.HdfsStorageAuthentication.authenticate()] on object[org.apache.druid.storage.hdfs.HdfsStorageAuthentication@7c1447b5].
2019-08-25T18:33:51,329 INFO [main] org.apache.druid.java.util.common.lifecycle.Lifecycle$AnnotationBasedHandler - Invoking start method[public void org.apache.druid.indexing.worker.WorkerCuratorCoordinator.start() throws java.lang.Exception] on object[org.apache.druid.indexing.worker.WorkerCuratorCoordinator@49e4c2d5].
2019-08-25T18:33:51,329 INFO [main] org.apache.druid.indexing.worker.WorkerCuratorCoordinator - WorkerCuratorCoordinator good to go sir. Server[localhost:8091]
2019-08-25T18:33:51,349 INFO [main-SendThread(localhost:2181)] org.apache.zookeeper.ClientCnxn - Session establishment complete on server localhost/127.0.0.1:2181, sessionid = 0x10000724be00000, negotiated timeout = 30000
2019-08-25T18:33:51,360 INFO [main-EventThread] org.apache.curator.framework.state.ConnectionStateManager - State change: CONNECTED
2019-08-25T18:33:51,444 INFO [main] org.apache.druid.curator.announcement.Announcer - Starting announcer
2019-08-25T18:33:51,548 INFO [main] org.apache.druid.java.util.common.lifecycle.Lifecycle$AnnotationBasedHandler - Invoking start method[public void org.apache.druid.java.util.http.client.NettyHttpClient.start()] on object[org.apache.druid.java.util.http.client.NettyHttpClient@67022ea].
2019-08-25T18:33:51,548 INFO [main] org.apache.druid.java.util.common.lifecycle.Lifecycle$AnnotationBasedHandler - Invoking start method[public void org.apache.druid.curator.discovery.CuratorDruidNodeDiscoveryProvider.start()] on object[org.apache.druid.curator.discovery.CuratorDruidNodeDiscoveryProvider@2954f6ab].
2019-08-25T18:33:51,548 INFO [main] org.apache.druid.curator.discovery.CuratorDruidNodeDiscoveryProvider - starting
2019-08-25T18:33:51,548 INFO [main] org.apache.druid.curator.discovery.CuratorDruidNodeDiscoveryProvider - started
2019-08-25T18:33:51,548 INFO [main] org.apache.druid.java.util.common.lifecycle.Lifecycle$AnnotationBasedHandler - Invoking start method[public void org.apache.druid.curator.discovery.ServerDiscoverySelector.start() throws java.lang.Exception] on object[org.apache.druid.curator.discovery.ServerDiscoverySelector@11d045b4].
2019-08-25T18:33:51,552 WARN [main] org.apache.curator.utils.ZKPaths - The version of ZooKeeper being used doesn't support Container nodes. CreateMode.PERSISTENT will be used instead.
2019-08-25T18:33:51,559 INFO [main] org.apache.druid.java.util.common.lifecycle.Lifecycle$AnnotationBasedHandler - Invoking start method[public void org.apache.druid.discovery.DruidLeaderClient.start()] on object[org.apache.druid.discovery.DruidLeaderClient@3aaa3c39].
2019-08-25T18:33:51,559 INFO [main] org.apache.druid.curator.discovery.CuratorDruidNodeDiscoveryProvider - Creating NodeTypeWatcher for nodeType [OVERLORD].
2019-08-25T18:33:51,561 INFO [main] org.apache.druid.curator.discovery.CuratorDruidNodeDiscoveryProvider - Created NodeTypeWatcher for nodeType [OVERLORD].
2019-08-25T18:33:51,561 INFO [main] org.apache.druid.discovery.DruidLeaderClient - Started.
2019-08-25T18:33:51,562 INFO [main] org.apache.druid.java.util.common.lifecycle.Lifecycle$AnnotationBasedHandler - Invoking start method[public void org.apache.druid.indexing.worker.WorkerTaskMonitor.start() throws java.lang.Exception] on object[org.apache.druid.indexing.worker.WorkerTaskMonitor@39ee94de].
2019-08-25T18:33:51,562 INFO [main] org.apache.druid.indexing.worker.WorkerTaskManager - Starting...
2019-08-25T18:33:51,564 INFO [main] org.apache.druid.indexing.overlord.ForkingTaskRunner - Registered listener [WorkerTaskManager]
2019-08-25T18:33:51,564 INFO [main] org.apache.druid.indexing.worker.WorkerTaskManager - Looking for any previously assigned tasks on disk[var/druid/task/assignedTasks].
2019-08-25T18:33:51,564 INFO [main] org.apache.druid.indexing.worker.WorkerTaskManager - Looking for any previously completed tasks on disk[var/druid/task/completedTasks].
2019-08-25T18:33:51,566 INFO [main] org.apache.druid.indexing.worker.WorkerTaskManager - Started.
2019-08-25T18:33:51,567 INFO [main] org.apache.druid.indexing.worker.WorkerTaskMonitor - Started WorkerTaskMonitor.
2019-08-25T18:33:51,567 INFO [main] org.apache.druid.java.util.common.lifecycle.Lifecycle - Starting lifecycle [module] stage [SERVER]
2019-08-25T18:33:51,568 INFO [main] org.apache.druid.server.initialization.jetty.JettyServerModule - Starting Jetty Server...
2019-08-25T18:33:51,571 INFO [main] org.eclipse.jetty.server.Server - jetty-9.4.10.v20180503; built: 2018-05-03T15:56:21.710Z; git: daa59876e6f384329b122929e70a80934569428c; jvm 1.8.0_222-b10
2019-08-25T18:33:51,572 INFO [NodeTypeWatcher[OVERLORD]] org.apache.druid.curator.discovery.CuratorDruidNodeDiscoveryProvider$NodeTypeWatcher - Received INITIALIZED in node watcher.
2019-08-25T18:33:51,600 INFO [main] org.eclipse.jetty.server.session - DefaultSessionIdManager workerName=node0
2019-08-25T18:33:51,600 INFO [main] org.eclipse.jetty.server.session - No SessionScavenger set, using defaults
2019-08-25T18:33:51,601 INFO [main] org.eclipse.jetty.server.session - node0 Scavenging every 600000ms
2019-08-25T18:33:51,829 INFO [main] com.sun.jersey.guice.spi.container.GuiceComponentProviderFactory - Registering com.fasterxml.jackson.jaxrs.json.JacksonJsonProvider as a provider class
2019-08-25T18:33:51,830 INFO [main] com.sun.jersey.guice.spi.container.GuiceComponentProviderFactory - Registering com.fasterxml.jackson.jaxrs.smile.JacksonSmileProvider as a provider class
2019-08-25T18:33:51,830 INFO [main] com.sun.jersey.guice.spi.container.GuiceComponentProviderFactory - Registering org.apache.druid.server.initialization.jetty.CustomExceptionMapper as a provider class
2019-08-25T18:33:51,830 INFO [main] com.sun.jersey.guice.spi.container.GuiceComponentProviderFactory - Registering org.apache.druid.server.initialization.jetty.ForbiddenExceptionMapper as a provider class
2019-08-25T18:33:51,830 INFO [main] com.sun.jersey.guice.spi.container.GuiceComponentProviderFactory - Registering org.apache.druid.server.initialization.jetty.BadRequestExceptionMapper as a provider class
2019-08-25T18:33:51,830 INFO [main] com.sun.jersey.guice.spi.container.GuiceComponentProviderFactory - Registering org.apache.druid.server.StatusResource as a root resource class
2019-08-25T18:33:51,832 INFO [main] com.sun.jersey.server.impl.application.WebApplicationImpl - Initiating Jersey application, version 'Jersey: 1.19.3 10/24/2016 03:43 PM'
2019-08-25T18:33:52,122 INFO [main] com.sun.jersey.guice.spi.container.GuiceComponentProviderFactory - Binding org.apache.druid.server.initialization.jetty.CustomExceptionMapper to GuiceManagedComponentProvider with the scope "Singleton"
2019-08-25T18:33:52,123 INFO [main] com.sun.jersey.guice.spi.container.GuiceComponentProviderFactory - Binding org.apache.druid.server.initialization.jetty.ForbiddenExceptionMapper to GuiceManagedComponentProvider with the scope "Singleton"
2019-08-25T18:33:52,124 INFO [main] com.sun.jersey.guice.spi.container.GuiceComponentProviderFactory - Binding org.apache.druid.server.initialization.jetty.BadRequestExceptionMapper to GuiceManagedComponentProvider with the scope "Singleton"
2019-08-25T18:33:52,124 INFO [main] com.sun.jersey.guice.spi.container.GuiceComponentProviderFactory - Binding com.fasterxml.jackson.jaxrs.json.JacksonJsonProvider to GuiceManagedComponentProvider with the scope "Singleton"
2019-08-25T18:33:52,135 INFO [main] com.sun.jersey.guice.spi.container.GuiceComponentProviderFactory - Binding com.fasterxml.jackson.jaxrs.smile.JacksonSmileProvider to GuiceManagedComponentProvider with the scope "Singleton"
2019-08-25T18:33:52,843 INFO [main] com.sun.jersey.guice.spi.container.GuiceComponentProviderFactory - Binding org.apache.druid.server.http.security.StateResourceFilter to GuiceInstantiatedComponentProvider
2019-08-25T18:33:52,847 INFO [main] com.sun.jersey.guice.spi.container.GuiceComponentProviderFactory - Binding org.apache.druid.server.http.security.ConfigResourceFilter to GuiceInstantiatedComponentProvider
2019-08-25T18:33:52,964 INFO [main] com.sun.jersey.guice.spi.container.GuiceComponentProviderFactory - Binding org.apache.druid.indexing.worker.http.WorkerResource to GuiceInstantiatedComponentProvider
2019-08-25T18:33:53,029 INFO [main] com.sun.jersey.guice.spi.container.GuiceComponentProviderFactory - Binding org.apache.druid.indexing.worker.http.TaskManagementResource to GuiceInstantiatedComponentProvider
2019-08-25T18:33:53,031 INFO [main] com.sun.jersey.guice.spi.container.GuiceComponentProviderFactory - Binding org.apache.druid.server.StatusResource to GuiceManagedComponentProvider with the scope "Undefined"
2019-08-25T18:33:53,067 WARN [main] com.sun.jersey.spi.inject.Errors - The following warnings have been detected with resource and/or provider classes:
  WARNING: A HTTP GET method, public void org.apache.druid.indexing.worker.http.TaskManagementResource.getWorkerState(long,long,long,javax.servlet.http.HttpServletRequest) throws java.io.IOException, MUST return a non-void type.
2019-08-25T18:33:53,073 INFO [main] org.eclipse.jetty.server.handler.ContextHandler - Started o.e.j.s.ServletContextHandler@415d88de{/,null,AVAILABLE}
2019-08-25T18:33:53,084 INFO [main] org.eclipse.jetty.server.AbstractConnector - Started ServerConnector@93501be{HTTP/1.1,[http/1.1]}{0.0.0.0:8091}
2019-08-25T18:33:53,085 INFO [main] org.eclipse.jetty.server.Server - Started @11355ms
2019-08-25T18:33:53,085 INFO [main] org.apache.druid.java.util.common.lifecycle.Lifecycle - Starting lifecycle [module] stage [ANNOUNCEMENTS]
2019-08-25T18:33:53,085 INFO [main] org.apache.druid.java.util.common.lifecycle.Lifecycle$AnnotationBasedHandler - Invoking start method[public void org.apache.druid.curator.announcement.Announcer.start()] on object[org.apache.druid.curator.announcement.Announcer@11d4d979].
2019-08-25T18:33:53,085 INFO [main] org.apache.druid.curator.announcement.Announcer - Starting announcer
2019-08-25T18:33:53,085 INFO [main] org.apache.druid.curator.discovery.CuratorDruidNodeAnnouncer - Announcing [DiscoveryDruidNode{druidNode=DruidNode{serviceName='druid/middleManager', host='localhost', bindOnHost=false, port=-1, plaintextPort=8091, enablePlaintextPort=true, tlsPort=-1, enableTlsPort=false}, nodeType='MIDDLE_MANAGER', services={workerNodeService=WorkerNodeService{ip='irfis-imac.home', capacity=2, version='0'}}}].
2019-08-25T18:33:53,111 INFO [main] org.apache.druid.curator.discovery.CuratorDruidNodeAnnouncer - Announced [DiscoveryDruidNode{druidNode=DruidNode{serviceName='druid/middleManager', host='localhost', bindOnHost=false, port=-1, plaintextPort=8091, enablePlaintextPort=true, tlsPort=-1, enableTlsPort=false}, nodeType='MIDDLE_MANAGER', services={workerNodeService=WorkerNodeService{ip='irfis-imac.home', capacity=2, version='0'}}}].
2019-08-25T18:33:53,111 INFO [main] org.apache.druid.java.util.common.lifecycle.Lifecycle - Successfully started lifecycle [module]
2019-08-25T18:33:57,215 INFO [NodeTypeWatcher[OVERLORD]] org.apache.druid.curator.discovery.CuratorDruidNodeDiscoveryProvider$NodeTypeWatcher - Node[localhost:8081:DiscoveryDruidNode{druidNode=DruidNode{serviceName='druid/coordinator', host='localhost', bindOnHost=false, port=-1, plaintextPort=8081, enablePlaintextPort=true, tlsPort=-1, enableTlsPort=false}, nodeType='OVERLORD', services={}}] appeared.
2019-08-25T18:36:45,955 INFO [Thread-23] org.apache.druid.java.util.common.lifecycle.Lifecycle - Lifecycle [module] running shutdown hook
2019-08-25T18:36:45,958 INFO [Thread-23] org.apache.druid.java.util.common.lifecycle.Lifecycle - Stopping lifecycle [module] stage [ANNOUNCEMENTS]
2019-08-25T18:36:45,959 INFO [Thread-23] org.apache.druid.curator.discovery.CuratorDruidNodeAnnouncer - Unannouncing [DiscoveryDruidNode{druidNode=DruidNode{serviceName='druid/middleManager', host='localhost', bindOnHost=false, port=-1, plaintextPort=8091, enablePlaintextPort=true, tlsPort=-1, enableTlsPort=false}, nodeType='MIDDLE_MANAGER', services={workerNodeService=WorkerNodeService{ip='irfis-imac.home', capacity=2, version='0'}}}].
2019-08-25T18:36:45,959 INFO [Thread-23] org.apache.druid.curator.announcement.Announcer - unannouncing [/druid/internal-discovery/MIDDLE_MANAGER/localhost:8091]
2019-08-25T18:36:45,975 INFO [Thread-23] org.apache.druid.curator.discovery.CuratorDruidNodeAnnouncer - Unannounced [DiscoveryDruidNode{druidNode=DruidNode{serviceName='druid/middleManager', host='localhost', bindOnHost=false, port=-1, plaintextPort=8091, enablePlaintextPort=true, tlsPort=-1, enableTlsPort=false}, nodeType='MIDDLE_MANAGER', services={workerNodeService=WorkerNodeService{ip='irfis-imac.home', capacity=2, version='0'}}}].
2019-08-25T18:36:45,975 INFO [Thread-23] org.apache.druid.java.util.common.lifecycle.Lifecycle$AnnotationBasedHandler - Invoking stop method[public void org.apache.druid.curator.announcement.Announcer.stop()] on object[org.apache.druid.curator.announcement.Announcer@11d4d979].
2019-08-25T18:36:45,975 INFO [Thread-23] org.apache.druid.curator.announcement.Announcer - Stopping announcer
2019-08-25T18:36:45,977 INFO [Thread-23] org.apache.druid.java.util.common.lifecycle.Lifecycle - Stopping lifecycle [module] stage [SERVER]
2019-08-25T18:36:45,977 INFO [Thread-23] org.apache.druid.server.initialization.jetty.JettyServerModule - Stopping Jetty Server...
2019-08-25T18:36:45,983 INFO [Thread-23] org.eclipse.jetty.server.AbstractConnector - Stopped ServerConnector@93501be{HTTP/1.1,[http/1.1]}{0.0.0.0:8091}
2019-08-25T18:36:45,983 INFO [Thread-23] org.eclipse.jetty.server.session - node0 Stopped scavenging
2019-08-25T18:36:45,985 INFO [Thread-23] org.eclipse.jetty.server.handler.ContextHandler - Stopped o.e.j.s.ServletContextHandler@415d88de{/,null,UNAVAILABLE}
2019-08-25T18:36:45,986 INFO [Thread-23] org.apache.druid.java.util.common.lifecycle.Lifecycle - Stopping lifecycle [module] stage [NORMAL]
2019-08-25T18:36:45,987 INFO [Thread-23] org.apache.druid.java.util.common.lifecycle.Lifecycle$AnnotationBasedHandler - Invoking stop method[public void org.apache.druid.indexing.worker.WorkerTaskMonitor.stop() throws java.lang.Exception] on object[org.apache.druid.indexing.worker.WorkerTaskMonitor@39ee94de].
2019-08-25T18:36:45,987 INFO [Thread-23] org.apache.druid.indexing.overlord.ForkingTaskRunner - Unregistered listener [WorkerTaskManager]
2019-08-25T18:36:45,988 INFO [Thread-23] org.apache.druid.indexing.overlord.ForkingTaskRunner - Waiting up to 300,000ms for shutdown.
2019-08-25T18:36:45,988 INFO [Thread-23] org.apache.druid.indexing.overlord.ForkingTaskRunner - Finished stopping in 1ms.
2019-08-25T18:36:45,988 INFO [Thread-23] org.apache.druid.indexing.worker.WorkerTaskManager - Stopped WorkerTaskManager.
2019-08-25T18:36:45,989 INFO [Thread-23] org.apache.druid.indexing.worker.WorkerTaskMonitor - Stopped WorkerTaskMonitor.
2019-08-25T18:36:45,989 INFO [Thread-23] org.apache.druid.java.util.common.lifecycle.Lifecycle$AnnotationBasedHandler - Invoking stop method[public void org.apache.druid.discovery.DruidLeaderClient.stop()] on object[org.apache.druid.discovery.DruidLeaderClient@3aaa3c39].
2019-08-25T18:36:45,989 INFO [Thread-23] org.apache.druid.discovery.DruidLeaderClient - Stopped.
2019-08-25T18:36:45,989 INFO [Thread-23] org.apache.druid.java.util.common.lifecycle.Lifecycle$AnnotationBasedHandler - Invoking stop method[public void org.apache.druid.curator.discovery.ServerDiscoverySelector.stop() throws java.io.IOException] on object[org.apache.druid.curator.discovery.ServerDiscoverySelector@11d045b4].
2019-08-25T18:36:45,990 INFO [Thread-23] org.apache.druid.java.util.common.lifecycle.Lifecycle$AnnotationBasedHandler - Invoking stop method[public void org.apache.druid.curator.discovery.CuratorDruidNodeDiscoveryProvider.stop()] on object[org.apache.druid.curator.discovery.CuratorDruidNodeDiscoveryProvider@2954f6ab].
2019-08-25T18:36:45,990 INFO [Thread-23] org.apache.druid.curator.discovery.CuratorDruidNodeDiscoveryProvider - stopping
2019-08-25T18:36:45,990 INFO [Thread-23] org.apache.druid.curator.discovery.CuratorDruidNodeDiscoveryProvider - stopped
2019-08-25T18:36:45,990 INFO [Thread-23] org.apache.druid.java.util.common.lifecycle.Lifecycle$AnnotationBasedHandler - Invoking stop method[public void org.apache.druid.java.util.http.client.NettyHttpClient.stop()] on object[org.apache.druid.java.util.http.client.NettyHttpClient@67022ea].
2019-08-25T18:36:45,996 INFO [Thread-23] org.apache.druid.java.util.common.lifecycle.Lifecycle$AnnotationBasedHandler - Invoking stop method[public void org.apache.druid.indexing.worker.WorkerCuratorCoordinator.stop()] on object[org.apache.druid.indexing.worker.WorkerCuratorCoordinator@49e4c2d5].
2019-08-25T18:36:45,996 INFO [Thread-23] org.apache.druid.indexing.worker.WorkerCuratorCoordinator - Stopping WorkerCuratorCoordinator for worker[localhost:8091]
2019-08-25T18:36:45,996 INFO [Thread-23] org.apache.druid.curator.announcement.Announcer - Stopping announcer
2019-08-25T18:36:45,997 INFO [Thread-23] org.apache.druid.curator.announcement.Announcer - unannouncing [/druid/indexer/announcements/localhost:8091]
2019-08-25T18:36:45,998 INFO [Thread-23] org.apache.druid.java.util.common.lifecycle.Lifecycle$AnnotationBasedHandler - Invoking stop method[public void org.apache.druid.storage.hdfs.HdfsStorageAuthentication.stop()] on object[org.apache.druid.storage.hdfs.HdfsStorageAuthentication@7c1447b5].
2019-08-25T18:36:45,998 INFO [Thread-23] org.apache.druid.java.util.common.lifecycle.Lifecycle$AnnotationBasedHandler - Invoking stop method[public void org.apache.druid.java.util.metrics.MonitorScheduler.stop()] on object[org.apache.druid.java.util.metrics.MonitorScheduler@2d760326].
2019-08-25T18:36:45,998 INFO [Thread-23] org.apache.druid.java.util.common.lifecycle.Lifecycle$AnnotationBasedHandler - Invoking stop method[public void org.apache.druid.java.util.emitter.service.ServiceEmitter.close() throws java.io.IOException] on object[ServiceEmitter{serviceDimensions={service=druid/middleManager, host=localhost:8091, version=0.15.1-incubating}, emitter=org.apache.druid.java.util.emitter.core.NoopEmitter@5634d0f4}].
2019-08-25T18:36:45,999 INFO [Thread-23] org.apache.druid.curator.CuratorModule - Stopping Curator
2019-08-25T18:36:45,999 INFO [Curator-Framework-0] org.apache.curator.framework.imps.CuratorFrameworkImpl - backgroundOperationsLoop exiting
2019-08-25T18:36:46,001 INFO [Thread-23] org.apache.zookeeper.ZooKeeper - Session: 0x10000724be00000 closed
2019-08-25T18:36:46,001 INFO [Thread-23] org.apache.druid.java.util.common.lifecycle.Lifecycle - Stopping lifecycle [module] stage [INIT]
2019-08-25T18:36:46,001 INFO [Thread-23] org.apache.druid.java.util.common.lifecycle.Lifecycle$AnnotationBasedHandler - Invoking stop method[public void org.apache.druid.initialization.Log4jShutterDownerModule$Log4jShutterDowner.stop()] on object[org.apache.druid.initialization.Log4jShutterDownerModule$Log4jShutterDowner@3458eca5].
